-- The C compiler identification is GNU 7.5.0
-- The CXX compiler identification is GNU 7.5.0
-- Check for working C compiler: /usr/bin/cc
-- Check for working C compiler: /usr/bin/cc -- works
-- Detecting C compiler ABI info
-- Detecting C compiler ABI info - done
-- Detecting C compile features
-- Detecting C compile features - done
-- Check for working CXX compiler: /usr/bin/c++
-- Check for working CXX compiler: /usr/bin/c++ -- works
-- Detecting CXX compiler ABI info
-- Detecting CXX compiler ABI info - done
-- Detecting CXX compile features
-- Detecting CXX compile features - done
-- Found ament_cmake: 0.7.6 (/opt/ros/dashing/share/ament_cmake/cmake)
-- Found PythonInterp: /usr/bin/python3 (found suitable version "3.6.9", minimum required is "3") 
-- Using PYTHON_EXECUTABLE: /usr/bin/python3
-- Found dynamixel_sdk: 3.7.40 (/home/iju/new_ws/S08P31C208/ROS/robot_ws/install/dynamixel_sdk/share/dynamixel_sdk/cmake)
-- Found geometry_msgs: 0.7.1 (/opt/ros/dashing/share/geometry_msgs/cmake)
-- Found rosidl_adapter: 0.7.10 (/opt/ros/dashing/share/rosidl_adapter/cmake)
-- Found message_filters: 3.1.3 (/opt/ros/dashing/share/message_filters/cmake)
-- Found nav_msgs: 0.7.1 (/opt/ros/dashing/share/nav_msgs/cmake)
-- Found rclcpp: 0.7.16 (/opt/ros/dashing/share/rclcpp/cmake)
-- Found rmw_implementation_cmake: 0.7.2 (/opt/ros/dashing/share/rmw_implementation_cmake/cmake)
-- Using RMW implementation 'rmw_fastrtps_cpp' as default
-- Looking for pthread.h
-- Looking for pthread.h - found
-- Looking for pthread_create
-- Looking for pthread_create - not found
-- Looking for pthread_create in pthreads
-- Looking for pthread_create in pthreads - not found
-- Looking for pthread_create in pthread
-- Looking for pthread_create in pthread - found
-- Found Threads: TRUE  
-- Found sensor_msgs: 0.7.1 (/opt/ros/dashing/share/sensor_msgs/cmake)
-- Found std_srvs: 0.7.1 (/opt/ros/dashing/share/std_srvs/cmake)
-- Found tf2: 0.11.6 (/opt/ros/dashing/share/tf2/cmake)
-- Found tf2_ros: 0.11.6 (/opt/ros/dashing/share/tf2_ros/cmake)
-- Found turtlebot3_msgs: 2.2.1 (/home/iju/new_ws/S08P31C208/ROS/robot_ws/install/turtlebot3_msgs/share/turtlebot3_msgs/cmake)
-- Configuring done
-- Generating done
-- Build files have been written to: /home/iju/new_ws/S08P31C208/ROS/robot_ws/build/turtlebot3_node
