[0.046s] Invoking command in '/home/iju/new_ws/S08P31C208/ROS/robot_ws/build/turtlebot3_navigation2': CMAKE_PREFIX_PATH=/opt/ros/dashing PS1=\u@\h \[\033[32m\]\w\[\033[33m\]$(parse_git_branch)\[\033[00m\] $ /usr/bin/cmake /home/iju/new_ws/S08P31C208/ROS/robot_ws/src/turtlebot3/turtlebot3_navigation2 -DCMAKE_INSTALL_PREFIX=/home/iju/new_ws/S08P31C208/ROS/robot_ws/install/turtlebot3_navigation2
[0.124s] -- The C compiler identification is GNU 7.5.0
[0.192s] -- The CXX compiler identification is GNU 7.5.0
[0.192s] -- Check for working C compiler: /usr/bin/cc
[0.306s] -- Check for working C compiler: /usr/bin/cc -- works
[0.306s] -- Detecting C compiler ABI info
[0.423s] -- Detecting C compiler ABI info - done
[0.427s] -- Detecting C compile features
[0.840s] -- Detecting C compile features - done
[0.842s] -- Check for working CXX compiler: /usr/bin/c++
[1.094s] -- Check for working CXX compiler: /usr/bin/c++ -- works
[1.095s] -- Detecting CXX compiler ABI info
[1.291s] -- Detecting CXX compiler ABI info - done
[1.296s] -- Detecting CXX compile features
[2.763s] -- Detecting CXX compile features - done
[2.767s] -- Found ament_cmake: 0.7.6 (/opt/ros/dashing/share/ament_cmake/cmake)
[2.825s] -- Found PythonInterp: /usr/bin/python3 (found suitable version "3.6.9", minimum required is "3") 
[2.825s] -- Using PYTHON_EXECUTABLE: /usr/bin/python3
[3.544s] -- Configuring done
[3.546s] -- Generating done
[3.547s] -- Build files have been written to: /home/iju/new_ws/S08P31C208/ROS/robot_ws/build/turtlebot3_navigation2
[3.550s] Invoked command in '/home/iju/new_ws/S08P31C208/ROS/robot_ws/build/turtlebot3_navigation2' returned '0': CMAKE_PREFIX_PATH=/opt/ros/dashing PS1=\u@\h \[\033[32m\]\w\[\033[33m\]$(parse_git_branch)\[\033[00m\] $ /usr/bin/cmake /home/iju/new_ws/S08P31C208/ROS/robot_ws/src/turtlebot3/turtlebot3_navigation2 -DCMAKE_INSTALL_PREFIX=/home/iju/new_ws/S08P31C208/ROS/robot_ws/install/turtlebot3_navigation2
[3.553s] Invoking command in '/home/iju/new_ws/S08P31C208/ROS/robot_ws/build/turtlebot3_navigation2': CMAKE_PREFIX_PATH=/opt/ros/dashing PS1=\u@\h \[\033[32m\]\w\[\033[33m\]$(parse_git_branch)\[\033[00m\] $ /usr/bin/cmake --build /home/iju/new_ws/S08P31C208/ROS/robot_ws/build/turtlebot3_navigation2 -- -j6 -l6
[3.713s] Invoked command in '/home/iju/new_ws/S08P31C208/ROS/robot_ws/build/turtlebot3_navigation2' returned '0': CMAKE_PREFIX_PATH=/opt/ros/dashing PS1=\u@\h \[\033[32m\]\w\[\033[33m\]$(parse_git_branch)\[\033[00m\] $ /usr/bin/cmake --build /home/iju/new_ws/S08P31C208/ROS/robot_ws/build/turtlebot3_navigation2 -- -j6 -l6
[3.922s] Invoking command in '/home/iju/new_ws/S08P31C208/ROS/robot_ws/build/turtlebot3_navigation2': CMAKE_PREFIX_PATH=/opt/ros/dashing PS1=\u@\h \[\033[32m\]\w\[\033[33m\]$(parse_git_branch)\[\033[00m\] $ /usr/bin/cmake --build /home/iju/new_ws/S08P31C208/ROS/robot_ws/build/turtlebot3_navigation2 --target install -- -j6 -l6
[4.189s] [36mInstall the project...[0m
[4.266s] -- Install configuration: ""
[4.288s] -- Installing: /home/iju/new_ws/S08P31C208/ROS/robot_ws/install/turtlebot3_navigation2/share/turtlebot3_navigation2/launch
[4.289s] -- Installing: /home/iju/new_ws/S08P31C208/ROS/robot_ws/install/turtlebot3_navigation2/share/turtlebot3_navigation2/launch/navigation2.launch.py
[4.289s] -- Installing: /home/iju/new_ws/S08P31C208/ROS/robot_ws/install/turtlebot3_navigation2/share/turtlebot3_navigation2/map
[4.290s] -- Installing: /home/iju/new_ws/S08P31C208/ROS/robot_ws/install/turtlebot3_navigation2/share/turtlebot3_navigation2/map/map.yaml
[4.290s] -- Installing: /home/iju/new_ws/S08P31C208/ROS/robot_ws/install/turtlebot3_navigation2/share/turtlebot3_navigation2/map/map.pgm
[4.291s] -- Installing: /home/iju/new_ws/S08P31C208/ROS/robot_ws/install/turtlebot3_navigation2/share/turtlebot3_navigation2/param
[4.296s] -- Installing: /home/iju/new_ws/S08P31C208/ROS/robot_ws/install/turtlebot3_navigation2/share/turtlebot3_navigation2/param/burger.yaml
[4.297s] -- Installing: /home/iju/new_ws/S08P31C208/ROS/robot_ws/install/turtlebot3_navigation2/share/turtlebot3_navigation2/param/waffle.yaml
[4.297s] -- Installing: /home/iju/new_ws/S08P31C208/ROS/robot_ws/install/turtlebot3_navigation2/share/turtlebot3_navigation2/param/waffle_pi.yaml
[4.297s] -- Installing: /home/iju/new_ws/S08P31C208/ROS/robot_ws/install/turtlebot3_navigation2/share/turtlebot3_navigation2/rviz
[4.298s] -- Installing: /home/iju/new_ws/S08P31C208/ROS/robot_ws/install/turtlebot3_navigation2/share/turtlebot3_navigation2/rviz/tb3_navigation2.rviz
[4.298s] -- Installing: /home/iju/new_ws/S08P31C208/ROS/robot_ws/install/turtlebot3_navigation2/share/ament_index/resource_index/package_run_dependencies/turtlebot3_navigation2
[4.299s] -- Installing: /home/iju/new_ws/S08P31C208/ROS/robot_ws/install/turtlebot3_navigation2/share/ament_index/resource_index/parent_prefix_path/turtlebot3_navigation2
[4.299s] -- Installing: /home/iju/new_ws/S08P31C208/ROS/robot_ws/install/turtlebot3_navigation2/share/turtlebot3_navigation2/environment/ament_prefix_path.sh
[4.300s] -- Installing: /home/iju/new_ws/S08P31C208/ROS/robot_ws/install/turtlebot3_navigation2/share/turtlebot3_navigation2/environment/path.sh
[4.300s] -- Installing: /home/iju/new_ws/S08P31C208/ROS/robot_ws/install/turtlebot3_navigation2/share/turtlebot3_navigation2/local_setup.bash
[4.301s] -- Installing: /home/iju/new_ws/S08P31C208/ROS/robot_ws/install/turtlebot3_navigation2/share/turtlebot3_navigation2/local_setup.sh
[4.301s] -- Installing: /home/iju/new_ws/S08P31C208/ROS/robot_ws/install/turtlebot3_navigation2/share/turtlebot3_navigation2/local_setup.zsh
[4.302s] -- Installing: /home/iju/new_ws/S08P31C208/ROS/robot_ws/install/turtlebot3_navigation2/share/ament_index/resource_index/packages/turtlebot3_navigation2
[4.313s] -- Installing: /home/iju/new_ws/S08P31C208/ROS/robot_ws/install/turtlebot3_navigation2/share/turtlebot3_navigation2/cmake/turtlebot3_navigation2Config.cmake
[4.313s] -- Installing: /home/iju/new_ws/S08P31C208/ROS/robot_ws/install/turtlebot3_navigation2/share/turtlebot3_navigation2/cmake/turtlebot3_navigation2Config-version.cmake
[4.313s] -- Installing: /home/iju/new_ws/S08P31C208/ROS/robot_ws/install/turtlebot3_navigation2/share/turtlebot3_navigation2/package.xml
[4.323s] Invoked command in '/home/iju/new_ws/S08P31C208/ROS/robot_ws/build/turtlebot3_navigation2' returned '0': CMAKE_PREFIX_PATH=/opt/ros/dashing PS1=\u@\h \[\033[32m\]\w\[\033[33m\]$(parse_git_branch)\[\033[00m\] $ /usr/bin/cmake --build /home/iju/new_ws/S08P31C208/ROS/robot_ws/build/turtlebot3_navigation2 --target install -- -j6 -l6
