Determining if the pthread_create exist failed with the following output:
Change Dir: /home/moon/S08P31C208/ROS/catkin_ws/build/CMakeFiles/CMakeTmp

Run Build Command:"/usr/bin/make" "cmTC_1cecf/fast"
/usr/bin/make -f CMakeFiles/cmTC_1cecf.dir/build.make CMakeFiles/cmTC_1cecf.dir/build
make[1]: Entering directory '/home/moon/S08P31C208/ROS/catkin_ws/build/CMakeFiles/CMakeTmp'
Building C object CMakeFiles/cmTC_1cecf.dir/CheckSymbolExists.c.o
/usr/bin/cc    -o CMakeFiles/cmTC_1cecf.dir/CheckSymbolExists.c.o   -c /home/moon/S08P31C208/ROS/catkin_ws/build/CMakeFiles/CMakeTmp/CheckSymbolExists.c
Linking C executable cmTC_1cecf
/usr/bin/cmake -E cmake_link_script CMakeFiles/cmTC_1cecf.dir/link.txt --verbose=1
/usr/bin/cc      -rdynamic CMakeFiles/cmTC_1cecf.dir/CheckSymbolExists.c.o  -o cmTC_1cecf 
CMakeFiles/cmTC_1cecf.dir/CheckSymbolExists.c.o: In function `main':
CheckSymbolExists.c:(.text+0x14): undefined reference to `pthread_create'
CheckSymbolExists.c:(.text+0x18): undefined reference to `pthread_create'
collect2: error: ld returned 1 exit status
CMakeFiles/cmTC_1cecf.dir/build.make:97: recipe for target 'cmTC_1cecf' failed
make[1]: *** [cmTC_1cecf] Error 1
make[1]: Leaving directory '/home/moon/S08P31C208/ROS/catkin_ws/build/CMakeFiles/CMakeTmp'
Makefile:126: recipe for target 'cmTC_1cecf/fast' failed
make: *** [cmTC_1cecf/fast] Error 2

File /home/moon/S08P31C208/ROS/catkin_ws/build/CMakeFiles/CMakeTmp/CheckSymbolExists.c:
/* */
#include <pthread.h>

int main(int argc, char** argv)
{
  (void)argv;
#ifndef pthread_create
  return ((int*)(&pthread_create))[argc];
#else
  (void)argc;
  return 0;
#endif
}

Determining if the function pthread_create exists in the pthreads failed with the following output:
Change Dir: /home/moon/S08P31C208/ROS/catkin_ws/build/CMakeFiles/CMakeTmp

Run Build Command:"/usr/bin/make" "cmTC_1cfbd/fast"
/usr/bin/make -f CMakeFiles/cmTC_1cfbd.dir/build.make CMakeFiles/cmTC_1cfbd.dir/build
make[1]: Entering directory '/home/moon/S08P31C208/ROS/catkin_ws/build/CMakeFiles/CMakeTmp'
Building C object CMakeFiles/cmTC_1cfbd.dir/CheckFunctionExists.c.o
/usr/bin/cc   -DCHECK_FUNCTION_EXISTS=pthread_create   -o CMakeFiles/cmTC_1cfbd.dir/CheckFunctionExists.c.o   -c /usr/share/cmake-3.10/Modules/CheckFunctionExists.c
Linking C executable cmTC_1cfbd
/usr/bin/cmake -E cmake_link_script CMakeFiles/cmTC_1cfbd.dir/link.txt --verbose=1
/usr/bin/cc  -DCHECK_FUNCTION_EXISTS=pthread_create    -rdynamic CMakeFiles/cmTC_1cfbd.dir/CheckFunctionExists.c.o  -o cmTC_1cfbd -lpthreads 
/usr/bin/ld: cannot find -lpthreads
collect2: error: ld returned 1 exit status
CMakeFiles/cmTC_1cfbd.dir/build.make:97: recipe for target 'cmTC_1cfbd' failed
make[1]: *** [cmTC_1cfbd] Error 1
make[1]: Leaving directory '/home/moon/S08P31C208/ROS/catkin_ws/build/CMakeFiles/CMakeTmp'
Makefile:126: recipe for target 'cmTC_1cfbd/fast' failed
make: *** [cmTC_1cfbd/fast] Error 2


