[0.096s] Invoking command in '/home/iju/new_ws/S08P31C208/ROS/robot_ws/build/dynamixel_sdk': CMAKE_PREFIX_PATH=/opt/ros/dashing PS1=\u@\h \[\033[32m\]\w\[\033[33m\]$(parse_git_branch)\[\033[00m\] $ /usr/bin/cmake /home/iju/new_ws/S08P31C208/ROS/robot_ws/src/DynamixelSDK/dynamixel_sdk -DCMAKE_INSTALL_PREFIX=/home/iju/new_ws/S08P31C208/ROS/robot_ws/install/dynamixel_sdk
[0.175s] -- The C compiler identification is GNU 7.5.0
[0.246s] -- The CXX compiler identification is GNU 7.5.0
[0.250s] -- Check for working C compiler: /usr/bin/cc
[0.396s] -- Check for working C compiler: /usr/bin/cc -- works
[0.396s] -- Detecting C compiler ABI info
[0.505s] -- Detecting C compiler ABI info - done
[0.510s] -- Detecting C compile features
[0.826s] -- Detecting C compile features - done
[0.826s] -- Check for working CXX compiler: /usr/bin/c++
[0.949s] -- Check for working CXX compiler: /usr/bin/c++ -- works
[0.949s] -- Detecting CXX compiler ABI info
[1.093s] -- Detecting CXX compiler ABI info - done
[1.097s] -- Detecting CXX compile features
[1.628s] -- Detecting CXX compile features - done
[1.632s] -- Found ament_cmake: 0.7.6 (/opt/ros/dashing/share/ament_cmake/cmake)
[1.682s] -- Found PythonInterp: /usr/bin/python3 (found suitable version "3.6.9", minimum required is "3") 
[1.682s] -- Using PYTHON_EXECUTABLE: /usr/bin/python3
[2.107s] -- Configuring done
[2.120s] -- Generating done
[2.121s] -- Build files have been written to: /home/iju/new_ws/S08P31C208/ROS/robot_ws/build/dynamixel_sdk
[2.124s] Invoked command in '/home/iju/new_ws/S08P31C208/ROS/robot_ws/build/dynamixel_sdk' returned '0': CMAKE_PREFIX_PATH=/opt/ros/dashing PS1=\u@\h \[\033[32m\]\w\[\033[33m\]$(parse_git_branch)\[\033[00m\] $ /usr/bin/cmake /home/iju/new_ws/S08P31C208/ROS/robot_ws/src/DynamixelSDK/dynamixel_sdk -DCMAKE_INSTALL_PREFIX=/home/iju/new_ws/S08P31C208/ROS/robot_ws/install/dynamixel_sdk
[2.127s] Invoking command in '/home/iju/new_ws/S08P31C208/ROS/robot_ws/build/dynamixel_sdk': CMAKE_PREFIX_PATH=/opt/ros/dashing PS1=\u@\h \[\033[32m\]\w\[\033[33m\]$(parse_git_branch)\[\033[00m\] $ /usr/bin/cmake --build /home/iju/new_ws/S08P31C208/ROS/robot_ws/build/dynamixel_sdk -- -j6 -l6
[2.192s] [35m[1mScanning dependencies of target dynamixel_sdk[0m
[2.224s] [ 10%] [32mBuilding CXX object CMakeFiles/dynamixel_sdk.dir/src/dynamixel_sdk/group_sync_write.cpp.o[0m
[2.233s] [ 20%] [32mBuilding CXX object CMakeFiles/dynamixel_sdk.dir/src/dynamixel_sdk/group_bulk_read.cpp.o[0m
[2.236s] [ 30%] [32mBuilding CXX object CMakeFiles/dynamixel_sdk.dir/src/dynamixel_sdk/packet_handler.cpp.o[0m
[2.238s] [ 40%] [32mBuilding CXX object CMakeFiles/dynamixel_sdk.dir/src/dynamixel_sdk/group_sync_read.cpp.o[0m
[2.243s] [ 50%] [32mBuilding CXX object CMakeFiles/dynamixel_sdk.dir/src/dynamixel_sdk/protocol1_packet_handler.cpp.o[0m
[2.247s] [ 60%] [32mBuilding CXX object CMakeFiles/dynamixel_sdk.dir/src/dynamixel_sdk/protocol2_packet_handler.cpp.o[0m
[2.493s] [ 70%] [32mBuilding CXX object CMakeFiles/dynamixel_sdk.dir/src/dynamixel_sdk/group_bulk_write.cpp.o[0m
[2.583s] [ 80%] [32mBuilding CXX object CMakeFiles/dynamixel_sdk.dir/src/dynamixel_sdk/port_handler.cpp.o[0m
[2.731s] [ 90%] [32mBuilding CXX object CMakeFiles/dynamixel_sdk.dir/src/dynamixel_sdk/port_handler_linux.cpp.o[0m
[3.242s] [100%] [32m[1mLinking CXX shared library libdynamixel_sdk.so[0m
[3.368s] [100%] Built target dynamixel_sdk
[3.391s] Invoked command in '/home/iju/new_ws/S08P31C208/ROS/robot_ws/build/dynamixel_sdk' returned '0': CMAKE_PREFIX_PATH=/opt/ros/dashing PS1=\u@\h \[\033[32m\]\w\[\033[33m\]$(parse_git_branch)\[\033[00m\] $ /usr/bin/cmake --build /home/iju/new_ws/S08P31C208/ROS/robot_ws/build/dynamixel_sdk -- -j6 -l6
[3.516s] Invoking command in '/home/iju/new_ws/S08P31C208/ROS/robot_ws/build/dynamixel_sdk': CMAKE_PREFIX_PATH=/opt/ros/dashing PS1=\u@\h \[\033[32m\]\w\[\033[33m\]$(parse_git_branch)\[\033[00m\] $ /usr/bin/cmake --build /home/iju/new_ws/S08P31C208/ROS/robot_ws/build/dynamixel_sdk --target install -- -j6 -l6
[3.590s] [100%] Built target dynamixel_sdk
[3.623s] [36mInstall the project...[0m
[3.642s] -- Install configuration: ""
[3.642s] -- Installing: /home/iju/new_ws/S08P31C208/ROS/robot_ws/install/dynamixel_sdk/include/
[3.642s] -- Installing: /home/iju/new_ws/S08P31C208/ROS/robot_ws/install/dynamixel_sdk/include//dynamixel_sdk
[3.642s] -- Installing: /home/iju/new_ws/S08P31C208/ROS/robot_ws/install/dynamixel_sdk/include//dynamixel_sdk/group_sync_read.h
[3.643s] -- Installing: /home/iju/new_ws/S08P31C208/ROS/robot_ws/install/dynamixel_sdk/include//dynamixel_sdk/protocol2_packet_handler.h
[3.643s] -- Installing: /home/iju/new_ws/S08P31C208/ROS/robot_ws/install/dynamixel_sdk/include//dynamixel_sdk/packet_handler.h
[3.643s] -- Installing: /home/iju/new_ws/S08P31C208/ROS/robot_ws/install/dynamixel_sdk/include//dynamixel_sdk/protocol1_packet_handler.h
[3.643s] -- Installing: /home/iju/new_ws/S08P31C208/ROS/robot_ws/install/dynamixel_sdk/include//dynamixel_sdk/port_handler_arduino.h
[3.643s] -- Installing: /home/iju/new_ws/S08P31C208/ROS/robot_ws/install/dynamixel_sdk/include//dynamixel_sdk/dynamixel_sdk.h
[3.643s] -- Installing: /home/iju/new_ws/S08P31C208/ROS/robot_ws/install/dynamixel_sdk/include//dynamixel_sdk/port_handler_windows.h
[3.643s] -- Installing: /home/iju/new_ws/S08P31C208/ROS/robot_ws/install/dynamixel_sdk/include//dynamixel_sdk/group_bulk_write.h
[3.643s] -- Installing: /home/iju/new_ws/S08P31C208/ROS/robot_ws/install/dynamixel_sdk/include//dynamixel_sdk/port_handler.h
[3.644s] -- Installing: /home/iju/new_ws/S08P31C208/ROS/robot_ws/install/dynamixel_sdk/include//dynamixel_sdk/port_handler_mac.h
[3.644s] -- Installing: /home/iju/new_ws/S08P31C208/ROS/robot_ws/install/dynamixel_sdk/include//dynamixel_sdk/port_handler_linux.h
[3.644s] -- Installing: /home/iju/new_ws/S08P31C208/ROS/robot_ws/install/dynamixel_sdk/include//dynamixel_sdk/group_sync_write.h
[3.644s] -- Installing: /home/iju/new_ws/S08P31C208/ROS/robot_ws/install/dynamixel_sdk/include//dynamixel_sdk/group_bulk_read.h
[3.644s] -- Installing: /home/iju/new_ws/S08P31C208/ROS/robot_ws/install/dynamixel_sdk/lib/libdynamixel_sdk.so
[3.645s] -- Installing: /home/iju/new_ws/S08P31C208/ROS/robot_ws/install/dynamixel_sdk/share/dynamixel_sdk/environment/library_path.sh
[3.645s] -- Installing: /home/iju/new_ws/S08P31C208/ROS/robot_ws/install/dynamixel_sdk/share/ament_index/resource_index/package_run_dependencies/dynamixel_sdk
[3.645s] -- Installing: /home/iju/new_ws/S08P31C208/ROS/robot_ws/install/dynamixel_sdk/share/ament_index/resource_index/parent_prefix_path/dynamixel_sdk
[3.645s] -- Installing: /home/iju/new_ws/S08P31C208/ROS/robot_ws/install/dynamixel_sdk/share/dynamixel_sdk/environment/ament_prefix_path.sh
[3.646s] -- Installing: /home/iju/new_ws/S08P31C208/ROS/robot_ws/install/dynamixel_sdk/share/dynamixel_sdk/environment/path.sh
[3.646s] -- Installing: /home/iju/new_ws/S08P31C208/ROS/robot_ws/install/dynamixel_sdk/share/dynamixel_sdk/local_setup.bash
[3.646s] -- Installing: /home/iju/new_ws/S08P31C208/ROS/robot_ws/install/dynamixel_sdk/share/dynamixel_sdk/local_setup.sh
[3.646s] -- Installing: /home/iju/new_ws/S08P31C208/ROS/robot_ws/install/dynamixel_sdk/share/dynamixel_sdk/local_setup.zsh
[3.646s] -- Installing: /home/iju/new_ws/S08P31C208/ROS/robot_ws/install/dynamixel_sdk/share/ament_index/resource_index/packages/dynamixel_sdk
[3.647s] -- Installing: /home/iju/new_ws/S08P31C208/ROS/robot_ws/install/dynamixel_sdk/share/dynamixel_sdk/cmake/ament_cmake_export_include_directories-extras.cmake
[3.647s] -- Installing: /home/iju/new_ws/S08P31C208/ROS/robot_ws/install/dynamixel_sdk/share/dynamixel_sdk/cmake/ament_cmake_export_libraries-extras.cmake
[3.647s] -- Installing: /home/iju/new_ws/S08P31C208/ROS/robot_ws/install/dynamixel_sdk/share/dynamixel_sdk/cmake/dynamixel_sdkConfig.cmake
[3.647s] -- Installing: /home/iju/new_ws/S08P31C208/ROS/robot_ws/install/dynamixel_sdk/share/dynamixel_sdk/cmake/dynamixel_sdkConfig-version.cmake
[3.647s] -- Installing: /home/iju/new_ws/S08P31C208/ROS/robot_ws/install/dynamixel_sdk/share/dynamixel_sdk/package.xml
[3.656s] Invoked command in '/home/iju/new_ws/S08P31C208/ROS/robot_ws/build/dynamixel_sdk' returned '0': CMAKE_PREFIX_PATH=/opt/ros/dashing PS1=\u@\h \[\033[32m\]\w\[\033[33m\]$(parse_git_branch)\[\033[00m\] $ /usr/bin/cmake --build /home/iju/new_ws/S08P31C208/ROS/robot_ws/build/dynamixel_sdk --target install -- -j6 -l6
