[0.128s] Invoking command in '/home/iju/new_ws/S08P31C208/ROS/robot_ws/build/dynamixel_sdk': CMAKE_PREFIX_PATH=${CMAKE_PREFIX_PATH}:/home/iju/new_ws/S08P31C208/ROS/robot_ws/install/turtlebot3_teleop:/opt/ros/dashing PS1=\u@\h \[\033[32m\]\w\[\033[33m\]$(parse_git_branch)\[\033[00m\] $ /usr/bin/cmake --build /home/iju/new_ws/S08P31C208/ROS/robot_ws/build/dynamixel_sdk -- -j6 -l6
[0.236s] [100%] Built target dynamixel_sdk
[0.253s] Invoked command in '/home/iju/new_ws/S08P31C208/ROS/robot_ws/build/dynamixel_sdk' returned '0': CMAKE_PREFIX_PATH=${CMAKE_PREFIX_PATH}:/home/iju/new_ws/S08P31C208/ROS/robot_ws/install/turtlebot3_teleop:/opt/ros/dashing PS1=\u@\h \[\033[32m\]\w\[\033[33m\]$(parse_git_branch)\[\033[00m\] $ /usr/bin/cmake --build /home/iju/new_ws/S08P31C208/ROS/robot_ws/build/dynamixel_sdk -- -j6 -l6
[0.528s] Invoking command in '/home/iju/new_ws/S08P31C208/ROS/robot_ws/build/dynamixel_sdk': CMAKE_PREFIX_PATH=${CMAKE_PREFIX_PATH}:/home/iju/new_ws/S08P31C208/ROS/robot_ws/install/turtlebot3_teleop:/opt/ros/dashing PS1=\u@\h \[\033[32m\]\w\[\033[33m\]$(parse_git_branch)\[\033[00m\] $ /usr/bin/cmake --build /home/iju/new_ws/S08P31C208/ROS/robot_ws/build/dynamixel_sdk --target install -- -j6 -l6
[0.633s] [100%] Built target dynamixel_sdk
[0.658s] [36mInstall the project...[0m
[0.686s] -- Install configuration: ""
[0.686s] -- Up-to-date: /home/iju/new_ws/S08P31C208/ROS/robot_ws/install/dynamixel_sdk/include/
[0.686s] -- Up-to-date: /home/iju/new_ws/S08P31C208/ROS/robot_ws/install/dynamixel_sdk/include//dynamixel_sdk
[0.686s] -- Up-to-date: /home/iju/new_ws/S08P31C208/ROS/robot_ws/install/dynamixel_sdk/include//dynamixel_sdk/group_sync_read.h
[0.687s] -- Up-to-date: /home/iju/new_ws/S08P31C208/ROS/robot_ws/install/dynamixel_sdk/include//dynamixel_sdk/protocol2_packet_handler.h
[0.687s] -- Up-to-date: /home/iju/new_ws/S08P31C208/ROS/robot_ws/install/dynamixel_sdk/include//dynamixel_sdk/packet_handler.h
[0.687s] -- Up-to-date: /home/iju/new_ws/S08P31C208/ROS/robot_ws/install/dynamixel_sdk/include//dynamixel_sdk/protocol1_packet_handler.h
[0.687s] -- Up-to-date: /home/iju/new_ws/S08P31C208/ROS/robot_ws/install/dynamixel_sdk/include//dynamixel_sdk/port_handler_arduino.h
[0.687s] -- Up-to-date: /home/iju/new_ws/S08P31C208/ROS/robot_ws/install/dynamixel_sdk/include//dynamixel_sdk/dynamixel_sdk.h
[0.688s] -- Up-to-date: /home/iju/new_ws/S08P31C208/ROS/robot_ws/install/dynamixel_sdk/include//dynamixel_sdk/port_handler_windows.h
[0.688s] -- Up-to-date: /home/iju/new_ws/S08P31C208/ROS/robot_ws/install/dynamixel_sdk/include//dynamixel_sdk/group_bulk_write.h
[0.688s] -- Up-to-date: /home/iju/new_ws/S08P31C208/ROS/robot_ws/install/dynamixel_sdk/include//dynamixel_sdk/port_handler.h
[0.688s] -- Up-to-date: /home/iju/new_ws/S08P31C208/ROS/robot_ws/install/dynamixel_sdk/include//dynamixel_sdk/port_handler_mac.h
[0.688s] -- Up-to-date: /home/iju/new_ws/S08P31C208/ROS/robot_ws/install/dynamixel_sdk/include//dynamixel_sdk/port_handler_linux.h
[0.688s] -- Up-to-date: /home/iju/new_ws/S08P31C208/ROS/robot_ws/install/dynamixel_sdk/include//dynamixel_sdk/group_sync_write.h
[0.689s] -- Up-to-date: /home/iju/new_ws/S08P31C208/ROS/robot_ws/install/dynamixel_sdk/include//dynamixel_sdk/group_bulk_read.h
[0.689s] -- Up-to-date: /home/iju/new_ws/S08P31C208/ROS/robot_ws/install/dynamixel_sdk/lib/libdynamixel_sdk.so
[0.689s] -- Up-to-date: /home/iju/new_ws/S08P31C208/ROS/robot_ws/install/dynamixel_sdk/share/dynamixel_sdk/environment/library_path.sh
[0.689s] -- Up-to-date: /home/iju/new_ws/S08P31C208/ROS/robot_ws/install/dynamixel_sdk/share/ament_index/resource_index/package_run_dependencies/dynamixel_sdk
[0.689s] -- Up-to-date: /home/iju/new_ws/S08P31C208/ROS/robot_ws/install/dynamixel_sdk/share/ament_index/resource_index/parent_prefix_path/dynamixel_sdk
[0.689s] -- Up-to-date: /home/iju/new_ws/S08P31C208/ROS/robot_ws/install/dynamixel_sdk/share/dynamixel_sdk/environment/ament_prefix_path.sh
[0.689s] -- Up-to-date: /home/iju/new_ws/S08P31C208/ROS/robot_ws/install/dynamixel_sdk/share/dynamixel_sdk/environment/path.sh
[0.690s] -- Up-to-date: /home/iju/new_ws/S08P31C208/ROS/robot_ws/install/dynamixel_sdk/share/dynamixel_sdk/local_setup.bash
[0.690s] -- Up-to-date: /home/iju/new_ws/S08P31C208/ROS/robot_ws/install/dynamixel_sdk/share/dynamixel_sdk/local_setup.sh
[0.690s] -- Up-to-date: /home/iju/new_ws/S08P31C208/ROS/robot_ws/install/dynamixel_sdk/share/dynamixel_sdk/local_setup.zsh
[0.690s] -- Up-to-date: /home/iju/new_ws/S08P31C208/ROS/robot_ws/install/dynamixel_sdk/share/ament_index/resource_index/packages/dynamixel_sdk
[0.690s] -- Up-to-date: /home/iju/new_ws/S08P31C208/ROS/robot_ws/install/dynamixel_sdk/share/dynamixel_sdk/cmake/ament_cmake_export_include_directories-extras.cmake
[0.690s] -- Up-to-date: /home/iju/new_ws/S08P31C208/ROS/robot_ws/install/dynamixel_sdk/share/dynamixel_sdk/cmake/ament_cmake_export_libraries-extras.cmake
[0.690s] -- Up-to-date: /home/iju/new_ws/S08P31C208/ROS/robot_ws/install/dynamixel_sdk/share/dynamixel_sdk/cmake/dynamixel_sdkConfig.cmake
[0.690s] -- Up-to-date: /home/iju/new_ws/S08P31C208/ROS/robot_ws/install/dynamixel_sdk/share/dynamixel_sdk/cmake/dynamixel_sdkConfig-version.cmake
[0.690s] -- Up-to-date: /home/iju/new_ws/S08P31C208/ROS/robot_ws/install/dynamixel_sdk/share/dynamixel_sdk/package.xml
[0.750s] Invoked command in '/home/iju/new_ws/S08P31C208/ROS/robot_ws/build/dynamixel_sdk' returned '0': CMAKE_PREFIX_PATH=${CMAKE_PREFIX_PATH}:/home/iju/new_ws/S08P31C208/ROS/robot_ws/install/turtlebot3_teleop:/opt/ros/dashing PS1=\u@\h \[\033[32m\]\w\[\033[33m\]$(parse_git_branch)\[\033[00m\] $ /usr/bin/cmake --build /home/iju/new_ws/S08P31C208/ROS/robot_ws/build/dynamixel_sdk --target install -- -j6 -l6
