[0.866s] Invoking command in '/home/iju/new_ws/S08P31C208/ROS/robot_ws/src/turtlebot3/turtlebot3_example': AMENT_PREFIX_PATH=/home/iju/new_ws/S08P31C208/ROS/robot_ws/install/turtlebot3_msgs:${AMENT_PREFIX_PATH} CMAKE_PREFIX_PATH=/home/iju/new_ws/S08P31C208/ROS/robot_ws/install/turtlebot3_msgs:${CMAKE_PREFIX_PATH} LD_LIBRARY_PATH=/home/iju/new_ws/S08P31C208/ROS/robot_ws/install/turtlebot3_msgs/lib:${LD_LIBRARY_PATH} PS1=\u@\h \[\033[32m\]\w\[\033[33m\]$(parse_git_branch)\[\033[00m\] $ PYTHONPATH=/home/iju/new_ws/S08P31C208/ROS/robot_ws/build/turtlebot3_example/prefix_override:/home/iju/new_ws/S08P31C208/ROS/robot_ws/install/turtlebot3_example/lib/python3.6/site-packages:/home/iju/new_ws/S08P31C208/ROS/robot_ws/install/turtlebot3_msgs/lib/python3.6/site-packages:${PYTHONPATH} /usr/bin/python3 setup.py egg_info --egg-base ../../../build/turtlebot3_example build --build-base /home/iju/new_ws/S08P31C208/ROS/robot_ws/build/turtlebot3_example/build install --record /home/iju/new_ws/S08P31C208/ROS/robot_ws/build/turtlebot3_example/install.log --install-scripts $base/lib/turtlebot3_example --single-version-externally-managed
[1.138s] /home/iju/.local/lib/python3.6/site-packages/setuptools/dist.py:726: UserWarning: Usage of dash-separated 'script-dir' will not be supported in future versions. Please use the underscore name 'script_dir' instead
[1.138s]   % (opt, underscore_opt)
[1.170s] running egg_info
[1.171s] creating ../../../build/turtlebot3_example/turtlebot3_example.egg-info
[1.171s] writing ../../../build/turtlebot3_example/turtlebot3_example.egg-info/PKG-INFO
[1.171s] writing dependency_links to ../../../build/turtlebot3_example/turtlebot3_example.egg-info/dependency_links.txt
[1.171s] writing entry points to ../../../build/turtlebot3_example/turtlebot3_example.egg-info/entry_points.txt
[1.172s] writing requirements to ../../../build/turtlebot3_example/turtlebot3_example.egg-info/requires.txt
[1.172s] writing top-level names to ../../../build/turtlebot3_example/turtlebot3_example.egg-info/top_level.txt
[1.172s] writing manifest file '../../../build/turtlebot3_example/turtlebot3_example.egg-info/SOURCES.txt'
[1.174s] reading manifest file '../../../build/turtlebot3_example/turtlebot3_example.egg-info/SOURCES.txt'
[1.175s] writing manifest file '../../../build/turtlebot3_example/turtlebot3_example.egg-info/SOURCES.txt'
[1.175s] running build
[1.176s] running build_py
[1.176s] creating /home/iju/new_ws/S08P31C208/ROS/robot_ws/build/turtlebot3_example/build
[1.176s] creating /home/iju/new_ws/S08P31C208/ROS/robot_ws/build/turtlebot3_example/build/lib
[1.176s] creating /home/iju/new_ws/S08P31C208/ROS/robot_ws/build/turtlebot3_example/build/lib/turtlebot3_example
[1.177s] copying turtlebot3_example/__init__.py -> /home/iju/new_ws/S08P31C208/ROS/robot_ws/build/turtlebot3_example/build/lib/turtlebot3_example
[1.177s] creating /home/iju/new_ws/S08P31C208/ROS/robot_ws/build/turtlebot3_example/build/lib/turtlebot3_example/turtlebot3_obstacle_detection
[1.177s] copying turtlebot3_example/turtlebot3_obstacle_detection/main.py -> /home/iju/new_ws/S08P31C208/ROS/robot_ws/build/turtlebot3_example/build/lib/turtlebot3_example/turtlebot3_obstacle_detection
[1.177s] copying turtlebot3_example/turtlebot3_obstacle_detection/turtlebot3_obstacle_detection.py -> /home/iju/new_ws/S08P31C208/ROS/robot_ws/build/turtlebot3_example/build/lib/turtlebot3_example/turtlebot3_obstacle_detection
[1.177s] copying turtlebot3_example/turtlebot3_obstacle_detection/__init__.py -> /home/iju/new_ws/S08P31C208/ROS/robot_ws/build/turtlebot3_example/build/lib/turtlebot3_example/turtlebot3_obstacle_detection
[1.177s] creating /home/iju/new_ws/S08P31C208/ROS/robot_ws/build/turtlebot3_example/build/lib/turtlebot3_example/turtlebot3_patrol_client
[1.178s] copying turtlebot3_example/turtlebot3_patrol_client/main.py -> /home/iju/new_ws/S08P31C208/ROS/robot_ws/build/turtlebot3_example/build/lib/turtlebot3_example/turtlebot3_patrol_client
[1.178s] copying turtlebot3_example/turtlebot3_patrol_client/turtlebot3_patrol_client.py -> /home/iju/new_ws/S08P31C208/ROS/robot_ws/build/turtlebot3_example/build/lib/turtlebot3_example/turtlebot3_patrol_client
[1.178s] copying turtlebot3_example/turtlebot3_patrol_client/__init__.py -> /home/iju/new_ws/S08P31C208/ROS/robot_ws/build/turtlebot3_example/build/lib/turtlebot3_example/turtlebot3_patrol_client
[1.179s] creating /home/iju/new_ws/S08P31C208/ROS/robot_ws/build/turtlebot3_example/build/lib/turtlebot3_example/turtlebot3_position_control
[1.179s] copying turtlebot3_example/turtlebot3_position_control/turtlebot3_position_control.py -> /home/iju/new_ws/S08P31C208/ROS/robot_ws/build/turtlebot3_example/build/lib/turtlebot3_example/turtlebot3_position_control
[1.179s] copying turtlebot3_example/turtlebot3_position_control/turtlebot3_path.py -> /home/iju/new_ws/S08P31C208/ROS/robot_ws/build/turtlebot3_example/build/lib/turtlebot3_example/turtlebot3_position_control
[1.179s] copying turtlebot3_example/turtlebot3_position_control/main.py -> /home/iju/new_ws/S08P31C208/ROS/robot_ws/build/turtlebot3_example/build/lib/turtlebot3_example/turtlebot3_position_control
[1.180s] copying turtlebot3_example/turtlebot3_position_control/__init__.py -> /home/iju/new_ws/S08P31C208/ROS/robot_ws/build/turtlebot3_example/build/lib/turtlebot3_example/turtlebot3_position_control
[1.180s] creating /home/iju/new_ws/S08P31C208/ROS/robot_ws/build/turtlebot3_example/build/lib/turtlebot3_example/turtlebot3_patrol_server
[1.180s] copying turtlebot3_example/turtlebot3_patrol_server/turtlebot3_path.py -> /home/iju/new_ws/S08P31C208/ROS/robot_ws/build/turtlebot3_example/build/lib/turtlebot3_example/turtlebot3_patrol_server
[1.180s] copying turtlebot3_example/turtlebot3_patrol_server/main.py -> /home/iju/new_ws/S08P31C208/ROS/robot_ws/build/turtlebot3_example/build/lib/turtlebot3_example/turtlebot3_patrol_server
[1.181s] copying turtlebot3_example/turtlebot3_patrol_server/turtlebot3_patrol_server.py -> /home/iju/new_ws/S08P31C208/ROS/robot_ws/build/turtlebot3_example/build/lib/turtlebot3_example/turtlebot3_patrol_server
[1.181s] copying turtlebot3_example/turtlebot3_patrol_server/__init__.py -> /home/iju/new_ws/S08P31C208/ROS/robot_ws/build/turtlebot3_example/build/lib/turtlebot3_example/turtlebot3_patrol_server
[1.181s] running install
[1.181s] /home/iju/.local/lib/python3.6/site-packages/setuptools/command/install.py:37: SetuptoolsDeprecationWarning: setup.py install is deprecated. Use build and pip and other standards-based tools.
[1.182s]   setuptools.SetuptoolsDeprecationWarning,
[1.182s] running install_lib
[1.182s] creating /home/iju/new_ws/S08P31C208/ROS/robot_ws/install/turtlebot3_example/lib/python3.6/site-packages/turtlebot3_example
[1.183s] creating /home/iju/new_ws/S08P31C208/ROS/robot_ws/install/turtlebot3_example/lib/python3.6/site-packages/turtlebot3_example/turtlebot3_obstacle_detection
[1.183s] copying /home/iju/new_ws/S08P31C208/ROS/robot_ws/build/turtlebot3_example/build/lib/turtlebot3_example/turtlebot3_obstacle_detection/main.py -> /home/iju/new_ws/S08P31C208/ROS/robot_ws/install/turtlebot3_example/lib/python3.6/site-packages/turtlebot3_example/turtlebot3_obstacle_detection
[1.183s] copying /home/iju/new_ws/S08P31C208/ROS/robot_ws/build/turtlebot3_example/build/lib/turtlebot3_example/turtlebot3_obstacle_detection/turtlebot3_obstacle_detection.py -> /home/iju/new_ws/S08P31C208/ROS/robot_ws/install/turtlebot3_example/lib/python3.6/site-packages/turtlebot3_example/turtlebot3_obstacle_detection
[1.184s] copying /home/iju/new_ws/S08P31C208/ROS/robot_ws/build/turtlebot3_example/build/lib/turtlebot3_example/turtlebot3_obstacle_detection/__init__.py -> /home/iju/new_ws/S08P31C208/ROS/robot_ws/install/turtlebot3_example/lib/python3.6/site-packages/turtlebot3_example/turtlebot3_obstacle_detection
[1.184s] creating /home/iju/new_ws/S08P31C208/ROS/robot_ws/install/turtlebot3_example/lib/python3.6/site-packages/turtlebot3_example/turtlebot3_patrol_client
[1.184s] copying /home/iju/new_ws/S08P31C208/ROS/robot_ws/build/turtlebot3_example/build/lib/turtlebot3_example/turtlebot3_patrol_client/main.py -> /home/iju/new_ws/S08P31C208/ROS/robot_ws/install/turtlebot3_example/lib/python3.6/site-packages/turtlebot3_example/turtlebot3_patrol_client
[1.184s] copying /home/iju/new_ws/S08P31C208/ROS/robot_ws/build/turtlebot3_example/build/lib/turtlebot3_example/turtlebot3_patrol_client/turtlebot3_patrol_client.py -> /home/iju/new_ws/S08P31C208/ROS/robot_ws/install/turtlebot3_example/lib/python3.6/site-packages/turtlebot3_example/turtlebot3_patrol_client
[1.185s] copying /home/iju/new_ws/S08P31C208/ROS/robot_ws/build/turtlebot3_example/build/lib/turtlebot3_example/turtlebot3_patrol_client/__init__.py -> /home/iju/new_ws/S08P31C208/ROS/robot_ws/install/turtlebot3_example/lib/python3.6/site-packages/turtlebot3_example/turtlebot3_patrol_client
[1.185s] creating /home/iju/new_ws/S08P31C208/ROS/robot_ws/install/turtlebot3_example/lib/python3.6/site-packages/turtlebot3_example/turtlebot3_position_control
[1.186s] copying /home/iju/new_ws/S08P31C208/ROS/robot_ws/build/turtlebot3_example/build/lib/turtlebot3_example/turtlebot3_position_control/turtlebot3_position_control.py -> /home/iju/new_ws/S08P31C208/ROS/robot_ws/install/turtlebot3_example/lib/python3.6/site-packages/turtlebot3_example/turtlebot3_position_control
[1.186s] copying /home/iju/new_ws/S08P31C208/ROS/robot_ws/build/turtlebot3_example/build/lib/turtlebot3_example/turtlebot3_position_control/turtlebot3_path.py -> /home/iju/new_ws/S08P31C208/ROS/robot_ws/install/turtlebot3_example/lib/python3.6/site-packages/turtlebot3_example/turtlebot3_position_control
[1.186s] copying /home/iju/new_ws/S08P31C208/ROS/robot_ws/build/turtlebot3_example/build/lib/turtlebot3_example/turtlebot3_position_control/main.py -> /home/iju/new_ws/S08P31C208/ROS/robot_ws/install/turtlebot3_example/lib/python3.6/site-packages/turtlebot3_example/turtlebot3_position_control
[1.186s] copying /home/iju/new_ws/S08P31C208/ROS/robot_ws/build/turtlebot3_example/build/lib/turtlebot3_example/turtlebot3_position_control/__init__.py -> /home/iju/new_ws/S08P31C208/ROS/robot_ws/install/turtlebot3_example/lib/python3.6/site-packages/turtlebot3_example/turtlebot3_position_control
[1.186s] copying /home/iju/new_ws/S08P31C208/ROS/robot_ws/build/turtlebot3_example/build/lib/turtlebot3_example/__init__.py -> /home/iju/new_ws/S08P31C208/ROS/robot_ws/install/turtlebot3_example/lib/python3.6/site-packages/turtlebot3_example
[1.187s] creating /home/iju/new_ws/S08P31C208/ROS/robot_ws/install/turtlebot3_example/lib/python3.6/site-packages/turtlebot3_example/turtlebot3_patrol_server
[1.187s] copying /home/iju/new_ws/S08P31C208/ROS/robot_ws/build/turtlebot3_example/build/lib/turtlebot3_example/turtlebot3_patrol_server/turtlebot3_path.py -> /home/iju/new_ws/S08P31C208/ROS/robot_ws/install/turtlebot3_example/lib/python3.6/site-packages/turtlebot3_example/turtlebot3_patrol_server
[1.187s] copying /home/iju/new_ws/S08P31C208/ROS/robot_ws/build/turtlebot3_example/build/lib/turtlebot3_example/turtlebot3_patrol_server/main.py -> /home/iju/new_ws/S08P31C208/ROS/robot_ws/install/turtlebot3_example/lib/python3.6/site-packages/turtlebot3_example/turtlebot3_patrol_server
[1.187s] copying /home/iju/new_ws/S08P31C208/ROS/robot_ws/build/turtlebot3_example/build/lib/turtlebot3_example/turtlebot3_patrol_server/turtlebot3_patrol_server.py -> /home/iju/new_ws/S08P31C208/ROS/robot_ws/install/turtlebot3_example/lib/python3.6/site-packages/turtlebot3_example/turtlebot3_patrol_server
[1.187s] copying /home/iju/new_ws/S08P31C208/ROS/robot_ws/build/turtlebot3_example/build/lib/turtlebot3_example/turtlebot3_patrol_server/__init__.py -> /home/iju/new_ws/S08P31C208/ROS/robot_ws/install/turtlebot3_example/lib/python3.6/site-packages/turtlebot3_example/turtlebot3_patrol_server
[1.187s] byte-compiling /home/iju/new_ws/S08P31C208/ROS/robot_ws/install/turtlebot3_example/lib/python3.6/site-packages/turtlebot3_example/turtlebot3_obstacle_detection/main.py to main.cpython-36.pyc
[1.188s] byte-compiling /home/iju/new_ws/S08P31C208/ROS/robot_ws/install/turtlebot3_example/lib/python3.6/site-packages/turtlebot3_example/turtlebot3_obstacle_detection/turtlebot3_obstacle_detection.py to turtlebot3_obstacle_detection.cpython-36.pyc
[1.188s] byte-compiling /home/iju/new_ws/S08P31C208/ROS/robot_ws/install/turtlebot3_example/lib/python3.6/site-packages/turtlebot3_example/turtlebot3_obstacle_detection/__init__.py to __init__.cpython-36.pyc
[1.188s] byte-compiling /home/iju/new_ws/S08P31C208/ROS/robot_ws/install/turtlebot3_example/lib/python3.6/site-packages/turtlebot3_example/turtlebot3_patrol_client/main.py to main.cpython-36.pyc
[1.189s] byte-compiling /home/iju/new_ws/S08P31C208/ROS/robot_ws/install/turtlebot3_example/lib/python3.6/site-packages/turtlebot3_example/turtlebot3_patrol_client/turtlebot3_patrol_client.py to turtlebot3_patrol_client.cpython-36.pyc
[1.189s] byte-compiling /home/iju/new_ws/S08P31C208/ROS/robot_ws/install/turtlebot3_example/lib/python3.6/site-packages/turtlebot3_example/turtlebot3_patrol_client/__init__.py to __init__.cpython-36.pyc
[1.190s] byte-compiling /home/iju/new_ws/S08P31C208/ROS/robot_ws/install/turtlebot3_example/lib/python3.6/site-packages/turtlebot3_example/turtlebot3_position_control/turtlebot3_position_control.py to turtlebot3_position_control.cpython-36.pyc
[1.191s] byte-compiling /home/iju/new_ws/S08P31C208/ROS/robot_ws/install/turtlebot3_example/lib/python3.6/site-packages/turtlebot3_example/turtlebot3_position_control/turtlebot3_path.py to turtlebot3_path.cpython-36.pyc
[1.191s] byte-compiling /home/iju/new_ws/S08P31C208/ROS/robot_ws/install/turtlebot3_example/lib/python3.6/site-packages/turtlebot3_example/turtlebot3_position_control/main.py to main.cpython-36.pyc
[1.191s] byte-compiling /home/iju/new_ws/S08P31C208/ROS/robot_ws/install/turtlebot3_example/lib/python3.6/site-packages/turtlebot3_example/turtlebot3_position_control/__init__.py to __init__.cpython-36.pyc
[1.191s] byte-compiling /home/iju/new_ws/S08P31C208/ROS/robot_ws/install/turtlebot3_example/lib/python3.6/site-packages/turtlebot3_example/__init__.py to __init__.cpython-36.pyc
[1.192s] byte-compiling /home/iju/new_ws/S08P31C208/ROS/robot_ws/install/turtlebot3_example/lib/python3.6/site-packages/turtlebot3_example/turtlebot3_patrol_server/turtlebot3_path.py to turtlebot3_path.cpython-36.pyc
[1.192s] byte-compiling /home/iju/new_ws/S08P31C208/ROS/robot_ws/install/turtlebot3_example/lib/python3.6/site-packages/turtlebot3_example/turtlebot3_patrol_server/main.py to main.cpython-36.pyc
[1.192s] byte-compiling /home/iju/new_ws/S08P31C208/ROS/robot_ws/install/turtlebot3_example/lib/python3.6/site-packages/turtlebot3_example/turtlebot3_patrol_server/turtlebot3_patrol_server.py to turtlebot3_patrol_server.cpython-36.pyc
[1.193s] byte-compiling /home/iju/new_ws/S08P31C208/ROS/robot_ws/install/turtlebot3_example/lib/python3.6/site-packages/turtlebot3_example/turtlebot3_patrol_server/__init__.py to __init__.cpython-36.pyc
[1.193s] running install_data
[1.194s] creating /home/iju/new_ws/S08P31C208/ROS/robot_ws/install/turtlebot3_example/share/ament_index
[1.194s] creating /home/iju/new_ws/S08P31C208/ROS/robot_ws/install/turtlebot3_example/share/ament_index/resource_index
[1.194s] creating /home/iju/new_ws/S08P31C208/ROS/robot_ws/install/turtlebot3_example/share/ament_index/resource_index/packages
[1.194s] copying resource/turtlebot3_example -> /home/iju/new_ws/S08P31C208/ROS/robot_ws/install/turtlebot3_example/share/ament_index/resource_index/packages
[1.194s] copying package.xml -> /home/iju/new_ws/S08P31C208/ROS/robot_ws/install/turtlebot3_example/share/turtlebot3_example
[1.194s] running install_egg_info
[1.197s] Copying ../../../build/turtlebot3_example/turtlebot3_example.egg-info to /home/iju/new_ws/S08P31C208/ROS/robot_ws/install/turtlebot3_example/lib/python3.6/site-packages/turtlebot3_example-2.1.4-py3.6.egg-info
[1.198s] running install_scripts
[1.215s] Installing turtlebot3_obstacle_detection script to /home/iju/new_ws/S08P31C208/ROS/robot_ws/install/turtlebot3_example/lib/turtlebot3_example
[1.215s] Installing turtlebot3_patrol_client script to /home/iju/new_ws/S08P31C208/ROS/robot_ws/install/turtlebot3_example/lib/turtlebot3_example
[1.215s] Installing turtlebot3_patrol_server script to /home/iju/new_ws/S08P31C208/ROS/robot_ws/install/turtlebot3_example/lib/turtlebot3_example
[1.216s] Installing turtlebot3_position_control script to /home/iju/new_ws/S08P31C208/ROS/robot_ws/install/turtlebot3_example/lib/turtlebot3_example
[1.218s] writing list of installed files to '/home/iju/new_ws/S08P31C208/ROS/robot_ws/build/turtlebot3_example/install.log'
