Determining if the pthread_create exist failed with the following output:
Change Dir: /home/iju/new_ws/S08P31C208/ROS/robot_ws/build/turtlebot3_node/CMakeFiles/CMakeTmp

Run Build Command:"/usr/bin/make" "cmTC_390f4/fast"
/usr/bin/make -f CMakeFiles/cmTC_390f4.dir/build.make CMakeFiles/cmTC_390f4.dir/build
make[1]: Entering directory '/home/iju/new_ws/S08P31C208/ROS/robot_ws/build/turtlebot3_node/CMakeFiles/CMakeTmp'
Building C object CMakeFiles/cmTC_390f4.dir/CheckSymbolExists.c.o
/usr/bin/cc    -o CMakeFiles/cmTC_390f4.dir/CheckSymbolExists.c.o   -c /home/iju/new_ws/S08P31C208/ROS/robot_ws/build/turtlebot3_node/CMakeFiles/CMakeTmp/CheckSymbolExists.c
Linking C executable cmTC_390f4
/usr/bin/cmake -E cmake_link_script CMakeFiles/cmTC_390f4.dir/link.txt --verbose=1
/usr/bin/cc      CMakeFiles/cmTC_390f4.dir/CheckSymbolExists.c.o  -o cmTC_390f4 
CMakeFiles/cmTC_390f4.dir/CheckSymbolExists.c.o: In function `main':
CheckSymbolExists.c:(.text+0x1b): undefined reference to `pthread_create'
collect2: error: ld returned 1 exit status
CMakeFiles/cmTC_390f4.dir/build.make:97: recipe for target 'cmTC_390f4' failed
make[1]: *** [cmTC_390f4] Error 1
make[1]: Leaving directory '/home/iju/new_ws/S08P31C208/ROS/robot_ws/build/turtlebot3_node/CMakeFiles/CMakeTmp'
Makefile:126: recipe for target 'cmTC_390f4/fast' failed
make: *** [cmTC_390f4/fast] Error 2

File /home/iju/new_ws/S08P31C208/ROS/robot_ws/build/turtlebot3_node/CMakeFiles/CMakeTmp/CheckSymbolExists.c:
/* */
#include <pthread.h>

int main(int argc, char** argv)
{
  (void)argv;
#ifndef pthread_create
  return ((int*)(&pthread_create))[argc];
#else
  (void)argc;
  return 0;
#endif
}

Determining if the function pthread_create exists in the pthreads failed with the following output:
Change Dir: /home/iju/new_ws/S08P31C208/ROS/robot_ws/build/turtlebot3_node/CMakeFiles/CMakeTmp

Run Build Command:"/usr/bin/make" "cmTC_75707/fast"
/usr/bin/make -f CMakeFiles/cmTC_75707.dir/build.make CMakeFiles/cmTC_75707.dir/build
make[1]: Entering directory '/home/iju/new_ws/S08P31C208/ROS/robot_ws/build/turtlebot3_node/CMakeFiles/CMakeTmp'
Building C object CMakeFiles/cmTC_75707.dir/CheckFunctionExists.c.o
/usr/bin/cc   -DCHECK_FUNCTION_EXISTS=pthread_create   -o CMakeFiles/cmTC_75707.dir/CheckFunctionExists.c.o   -c /usr/share/cmake-3.10/Modules/CheckFunctionExists.c
Linking C executable cmTC_75707
/usr/bin/cmake -E cmake_link_script CMakeFiles/cmTC_75707.dir/link.txt --verbose=1
/usr/bin/cc  -DCHECK_FUNCTION_EXISTS=pthread_create    CMakeFiles/cmTC_75707.dir/CheckFunctionExists.c.o  -o cmTC_75707 -lpthreads 
/usr/bin/ld: cannot find -lpthreads
collect2: error: ld returned 1 exit status
CMakeFiles/cmTC_75707.dir/build.make:97: recipe for target 'cmTC_75707' failed
make[1]: *** [cmTC_75707] Error 1
make[1]: Leaving directory '/home/iju/new_ws/S08P31C208/ROS/robot_ws/build/turtlebot3_node/CMakeFiles/CMakeTmp'
Makefile:126: recipe for target 'cmTC_75707/fast' failed
make: *** [cmTC_75707/fast] Error 2


