[0.082s] Invoking command in '/home/iju/new_ws/S08P31C208/ROS/robot_ws/build/turtlebot3_msgs': CMAKE_PREFIX_PATH=/opt/ros/dashing PS1=\u@\h \[\033[32m\]\w\[\033[33m\]$(parse_git_branch)\[\033[00m\] $ /usr/bin/cmake /home/iju/new_ws/S08P31C208/ROS/robot_ws/src/turtlebot3_msgs -DCMAKE_INSTALL_PREFIX=/home/iju/new_ws/S08P31C208/ROS/robot_ws/install/turtlebot3_msgs
[0.181s] -- The C compiler identification is GNU 7.5.0
[0.233s] -- The CXX compiler identification is GNU 7.5.0
[0.237s] -- Check for working C compiler: /usr/bin/cc
[0.359s] -- Check for working C compiler: /usr/bin/cc -- works
[0.360s] -- Detecting C compiler ABI info
[0.493s] -- Detecting C compiler ABI info - done
[0.498s] -- Detecting C compile features
[0.817s] -- Detecting C compile features - done
[0.817s] -- Check for working CXX compiler: /usr/bin/c++
[0.934s] -- Check for working CXX compiler: /usr/bin/c++ -- works
[0.935s] -- Detecting CXX compiler ABI info
[1.056s] -- Detecting CXX compiler ABI info - done
[1.061s] -- Detecting CXX compile features
[1.566s] -- Detecting CXX compile features - done
[1.568s] -- Found action_msgs: 0.7.4 (/opt/ros/dashing/share/action_msgs/cmake)
[1.598s] -- Found PythonInterp: /usr/bin/python3 (found suitable version "3.6.9", minimum required is "3") 
[1.599s] -- Using PYTHON_EXECUTABLE: /usr/bin/python3
[1.857s] -- Found rosidl_adapter: 0.7.10 (/opt/ros/dashing/share/rosidl_adapter/cmake)
[2.001s] -- Found ament_cmake: 0.7.6 (/opt/ros/dashing/share/ament_cmake/cmake)
[2.046s] -- Found rosidl_default_generators: 0.7.0 (/opt/ros/dashing/share/rosidl_default_generators/cmake)
[2.184s] -- Found OpenSSL: /usr/lib/x86_64-linux-gnu/libcrypto.so (found version "1.1.1") 
[2.212s] -- Found FastRTPS: /opt/ros/dashing/include  
[2.305s] -- Found std_msgs: 0.7.1 (/opt/ros/dashing/share/std_msgs/cmake)
[2.453s] -- Found PythonInterp: /usr/bin/python3 (found version "3.6.9") 
[2.984s] -- Found ament_cmake_cppcheck: 0.7.12 (/opt/ros/dashing/share/ament_cmake_cppcheck/cmake)
[2.985s] -- Found ament_cmake_cpplint: 0.7.12 (/opt/ros/dashing/share/ament_cmake_cpplint/cmake)
[2.987s] -- Found ament_cmake_uncrustify: 0.7.12 (/opt/ros/dashing/share/ament_cmake_uncrustify/cmake)
[3.072s] -- Using all available rosidl_typesupport_c: rosidl_typesupport_fastrtps_c;rosidl_typesupport_introspection_c
[3.105s] -- Using all available rosidl_typesupport_cpp: rosidl_typesupport_fastrtps_cpp;rosidl_typesupport_introspection_cpp
[3.391s] -- Found rmw_implementation_cmake: 0.7.2 (/opt/ros/dashing/share/rmw_implementation_cmake/cmake)
[3.423s] -- Found PythonInterp: /usr/bin/python3 (found suitable version "3.6.9", minimum required is "3.5") 
[3.424s] -- Found python_cmake_module: 0.7.11 (/opt/ros/dashing/share/python_cmake_module/cmake)
[3.469s] -- Found PythonLibs: /usr/lib/x86_64-linux-gnu/libpython3.6m.so (found suitable version "3.6.9", minimum required is "3.5") 
[3.469s] -- Using PYTHON_EXECUTABLE: /usr/bin/python3
[3.469s] -- Using PYTHON_INCLUDE_DIRS: /usr/include/python3.6m
[3.469s] -- Using PYTHON_LIBRARIES: /usr/lib/x86_64-linux-gnu/libpython3.6m.so
[3.550s] -- Found PythonExtra: .so  
[3.824s] -- Found ament_cmake_flake8: 0.7.12 (/opt/ros/dashing/share/ament_cmake_flake8/cmake)
[3.826s] -- Found ament_cmake_pep257: 0.7.12 (/opt/ros/dashing/share/ament_cmake_pep257/cmake)
[3.836s] -- Configuring done
[4.072s] -- Generating done
[4.075s] -- Build files have been written to: /home/iju/new_ws/S08P31C208/ROS/robot_ws/build/turtlebot3_msgs
[4.479s] Invoked command in '/home/iju/new_ws/S08P31C208/ROS/robot_ws/build/turtlebot3_msgs' returned '0': CMAKE_PREFIX_PATH=/opt/ros/dashing PS1=\u@\h \[\033[32m\]\w\[\033[33m\]$(parse_git_branch)\[\033[00m\] $ /usr/bin/cmake /home/iju/new_ws/S08P31C208/ROS/robot_ws/src/turtlebot3_msgs -DCMAKE_INSTALL_PREFIX=/home/iju/new_ws/S08P31C208/ROS/robot_ws/install/turtlebot3_msgs
[4.484s] Invoking command in '/home/iju/new_ws/S08P31C208/ROS/robot_ws/build/turtlebot3_msgs': CMAKE_PREFIX_PATH=/opt/ros/dashing PS1=\u@\h \[\033[32m\]\w\[\033[33m\]$(parse_git_branch)\[\033[00m\] $ /usr/bin/cmake --build /home/iju/new_ws/S08P31C208/ROS/robot_ws/build/turtlebot3_msgs -- -j6 -l6
[4.656s] [  1%] [34m[1mGenerating C code for ROS interfaces[0m
[4.699s] [35m[1mScanning dependencies of target turtlebot3_msgs__cpp[0m
[4.774s] [  2%] [34m[1mGenerating C++ code for ROS interfaces[0m
[6.780s] [  2%] Built target turtlebot3_msgs__cpp
[6.837s] [  4%] [34m[1mGenerating C++ type support dispatch for ROS interfaces[0m
[6.842s] [  5%] [34m[1mGenerating C++ introspection for ROS interfaces[0m
[6.844s] [  7%] [34m[1mGenerating C++ type support for eProsima Fast-RTPS[0m
[7.673s] [35m[1mScanning dependencies of target turtlebot3_msgs__rosidl_generator_c[0m
[7.731s] [  8%] [32mBuilding C object CMakeFiles/turtlebot3_msgs__rosidl_generator_c.dir/rosidl_generator_c/turtlebot3_msgs/msg/sound__functions.c.o[0m
[7.737s] [  9%] [32mBuilding C object CMakeFiles/turtlebot3_msgs__rosidl_generator_c.dir/rosidl_generator_c/turtlebot3_msgs/msg/version_info__functions.c.o[0m
[7.738s] [ 11%] [32mBuilding C object CMakeFiles/turtlebot3_msgs__rosidl_generator_c.dir/rosidl_generator_c/turtlebot3_msgs/msg/sensor_state__functions.c.o[0m
[7.915s] [ 12%] [32mBuilding C object CMakeFiles/turtlebot3_msgs__rosidl_generator_c.dir/rosidl_generator_c/turtlebot3_msgs/srv/sound__functions.c.o[0m
[7.919s] [ 14%] [32mBuilding C object CMakeFiles/turtlebot3_msgs__rosidl_generator_c.dir/rosidl_generator_c/turtlebot3_msgs/srv/dqn__functions.c.o[0m
[7.920s] [ 15%] [32mBuilding C object CMakeFiles/turtlebot3_msgs__rosidl_generator_c.dir/rosidl_generator_c/turtlebot3_msgs/action/patrol__functions.c.o[0m
[8.175s] [ 16%] [32m[1mLinking C shared library libturtlebot3_msgs__rosidl_generator_c.so[0m
[8.378s] [ 16%] Built target turtlebot3_msgs__rosidl_generator_c
[8.399s] [35m[1mScanning dependencies of target turtlebot3_msgs__rosidl_typesupport_introspection_cpp[0m
[8.399s] [ 18%] [34m[1mGenerating C introspection for ROS interfaces[0m
[8.431s] [ 19%] [34m[1mGenerating C type support dispatch for ROS interfaces[0m
[8.435s] [35m[1mScanning dependencies of target turtlebot3_msgs__rosidl_typesupport_cpp[0m
[8.474s] [ 21%] [32mBuilding CXX object CMakeFiles/turtlebot3_msgs__rosidl_typesupport_cpp.dir/rosidl_typesupport_cpp/turtlebot3_msgs/msg/sensor_state__type_support.cpp.o[0m
[8.529s] [ 22%] [32mBuilding CXX object CMakeFiles/turtlebot3_msgs__rosidl_typesupport_introspection_cpp.dir/rosidl_typesupport_introspection_cpp/turtlebot3_msgs/msg/sensor_state__type_support.cpp.o[0m
[8.723s] [ 23%] [32mBuilding CXX object CMakeFiles/turtlebot3_msgs__rosidl_typesupport_introspection_cpp.dir/rosidl_typesupport_introspection_cpp/turtlebot3_msgs/msg/sound__type_support.cpp.o[0m
[8.860s] [35m[1mScanning dependencies of target turtlebot3_msgs__rosidl_typesupport_fastrtps_cpp[0m
[8.960s] [ 25%] [32mBuilding CXX object CMakeFiles/turtlebot3_msgs__rosidl_typesupport_fastrtps_cpp.dir/rosidl_typesupport_fastrtps_cpp/turtlebot3_msgs/msg/dds_fastrtps/sensor_state__type_support.cpp.o[0m
[9.227s] [ 26%] [32mBuilding CXX object CMakeFiles/turtlebot3_msgs__rosidl_typesupport_introspection_cpp.dir/rosidl_typesupport_introspection_cpp/turtlebot3_msgs/msg/version_info__type_support.cpp.o[0m
[9.372s] [ 28%] [32mBuilding CXX object CMakeFiles/turtlebot3_msgs__rosidl_typesupport_cpp.dir/rosidl_typesupport_cpp/turtlebot3_msgs/msg/sound__type_support.cpp.o[0m
[9.437s] [ 29%] [32mBuilding CXX object CMakeFiles/turtlebot3_msgs__rosidl_typesupport_introspection_cpp.dir/rosidl_typesupport_introspection_cpp/turtlebot3_msgs/srv/sound__type_support.cpp.o[0m
[9.715s] [ 30%] [32mBuilding CXX object CMakeFiles/turtlebot3_msgs__rosidl_typesupport_fastrtps_cpp.dir/rosidl_typesupport_fastrtps_cpp/turtlebot3_msgs/msg/dds_fastrtps/sound__type_support.cpp.o[0m
[9.786s] [ 32%] [32mBuilding CXX object CMakeFiles/turtlebot3_msgs__rosidl_typesupport_introspection_cpp.dir/rosidl_typesupport_introspection_cpp/turtlebot3_msgs/srv/dqn__type_support.cpp.o[0m
[9.967s] [ 33%] [32mBuilding CXX object CMakeFiles/turtlebot3_msgs__rosidl_typesupport_cpp.dir/rosidl_typesupport_cpp/turtlebot3_msgs/msg/version_info__type_support.cpp.o[0m
[9.989s] [ 35%] [32mBuilding CXX object CMakeFiles/turtlebot3_msgs__rosidl_typesupport_cpp.dir/rosidl_typesupport_cpp/turtlebot3_msgs/srv/sound__type_support.cpp.o[0m
[10.378s] [35m[1mScanning dependencies of target turtlebot3_msgs__rosidl_typesupport_c[0m
[10.434s] [ 36%] [32mBuilding CXX object CMakeFiles/turtlebot3_msgs__rosidl_typesupport_cpp.dir/rosidl_typesupport_cpp/turtlebot3_msgs/srv/dqn__type_support.cpp.o[0m
[10.449s] [ 38%] [32mBuilding CXX object CMakeFiles/turtlebot3_msgs__rosidl_typesupport_c.dir/rosidl_typesupport_c/turtlebot3_msgs/msg/sensor_state__type_support.cpp.o[0m
[10.477s] [ 39%] [32mBuilding CXX object CMakeFiles/turtlebot3_msgs__rosidl_typesupport_introspection_cpp.dir/rosidl_typesupport_introspection_cpp/turtlebot3_msgs/action/patrol__type_support.cpp.o[0m
[10.531s] [ 40%] [32mBuilding CXX object CMakeFiles/turtlebot3_msgs__rosidl_typesupport_fastrtps_cpp.dir/rosidl_typesupport_fastrtps_cpp/turtlebot3_msgs/msg/dds_fastrtps/version_info__type_support.cpp.o[0m
[10.570s] [ 42%] [32mBuilding CXX object CMakeFiles/turtlebot3_msgs__rosidl_typesupport_cpp.dir/rosidl_typesupport_cpp/turtlebot3_msgs/action/patrol__type_support.cpp.o[0m
[10.637s] [ 43%] [32mBuilding CXX object CMakeFiles/turtlebot3_msgs__rosidl_typesupport_c.dir/rosidl_typesupport_c/turtlebot3_msgs/msg/sound__type_support.cpp.o[0m
[10.638s] [35m[1mScanning dependencies of target turtlebot3_msgs__rosidl_typesupport_introspection_c[0m
[10.749s] [ 45%] [32mBuilding C object CMakeFiles/turtlebot3_msgs__rosidl_typesupport_introspection_c.dir/rosidl_typesupport_introspection_c/turtlebot3_msgs/msg/sensor_state__type_support.c.o[0m
[10.782s] [ 46%] [32mBuilding CXX object CMakeFiles/turtlebot3_msgs__rosidl_typesupport_c.dir/rosidl_typesupport_c/turtlebot3_msgs/msg/version_info__type_support.cpp.o[0m
[10.811s] [ 47%] [32m[1mLinking CXX shared library libturtlebot3_msgs__rosidl_typesupport_introspection_cpp.so[0m
[10.889s] [ 49%] [32mBuilding CXX object CMakeFiles/turtlebot3_msgs__rosidl_typesupport_c.dir/rosidl_typesupport_c/turtlebot3_msgs/srv/sound__type_support.cpp.o[0m
[10.934s] [ 50%] [32mBuilding C object CMakeFiles/turtlebot3_msgs__rosidl_typesupport_introspection_c.dir/rosidl_typesupport_introspection_c/turtlebot3_msgs/msg/sound__type_support.c.o[0m
[11.059s] [ 52%] [32mBuilding CXX object CMakeFiles/turtlebot3_msgs__rosidl_typesupport_fastrtps_cpp.dir/rosidl_typesupport_fastrtps_cpp/turtlebot3_msgs/srv/dds_fastrtps/sound__type_support.cpp.o[0m
[11.065s] [ 53%] [32mBuilding CXX object CMakeFiles/turtlebot3_msgs__rosidl_typesupport_c.dir/rosidl_typesupport_c/turtlebot3_msgs/srv/dqn__type_support.cpp.o[0m
[11.090s] [ 53%] Built target turtlebot3_msgs__rosidl_typesupport_introspection_cpp
[11.096s] [ 54%] [32mBuilding C object CMakeFiles/turtlebot3_msgs__rosidl_typesupport_introspection_c.dir/rosidl_typesupport_introspection_c/turtlebot3_msgs/msg/version_info__type_support.c.o[0m
[11.121s] [ 56%] [32mBuilding C object CMakeFiles/turtlebot3_msgs__rosidl_typesupport_introspection_c.dir/rosidl_typesupport_introspection_c/turtlebot3_msgs/srv/sound__type_support.c.o[0m
[11.180s] [ 57%] [32mBuilding CXX object CMakeFiles/turtlebot3_msgs__rosidl_typesupport_c.dir/rosidl_typesupport_c/turtlebot3_msgs/action/patrol__type_support.cpp.o[0m
[11.209s] [ 59%] [32mBuilding C object CMakeFiles/turtlebot3_msgs__rosidl_typesupport_introspection_c.dir/rosidl_typesupport_introspection_c/turtlebot3_msgs/srv/dqn__type_support.c.o[0m
[11.278s] [ 60%] [32mBuilding CXX object CMakeFiles/turtlebot3_msgs__rosidl_typesupport_fastrtps_cpp.dir/rosidl_typesupport_fastrtps_cpp/turtlebot3_msgs/srv/dds_fastrtps/dqn__type_support.cpp.o[0m
[11.282s] [ 61%] [32mBuilding C object CMakeFiles/turtlebot3_msgs__rosidl_typesupport_introspection_c.dir/rosidl_typesupport_introspection_c/turtlebot3_msgs/action/patrol__type_support.c.o[0m
[11.330s] [ 63%] [32m[1mLinking CXX shared library libturtlebot3_msgs__rosidl_typesupport_cpp.so[0m
[11.367s] [ 64%] [32m[1mLinking CXX shared library libturtlebot3_msgs__rosidl_typesupport_c.so[0m
[11.378s] [ 66%] [32mBuilding CXX object CMakeFiles/turtlebot3_msgs__rosidl_typesupport_fastrtps_cpp.dir/rosidl_typesupport_fastrtps_cpp/turtlebot3_msgs/action/dds_fastrtps/patrol__type_support.cpp.o[0m
[11.388s] [ 67%] [32m[1mLinking C shared library libturtlebot3_msgs__rosidl_typesupport_introspection_c.so[0m
[11.554s] [ 67%] Built target turtlebot3_msgs__rosidl_typesupport_cpp
[11.569s] [ 67%] Built target turtlebot3_msgs__rosidl_typesupport_introspection_c
[11.580s] [ 67%] Built target turtlebot3_msgs__rosidl_typesupport_c
[11.859s] [ 69%] [32m[1mLinking CXX shared library libturtlebot3_msgs__rosidl_typesupport_fastrtps_cpp.so[0m
[12.004s] [ 69%] Built target turtlebot3_msgs__rosidl_typesupport_fastrtps_cpp
[12.049s] [ 70%] [34m[1mGenerating C type support for eProsima Fast-RTPS[0m
[13.218s] [35m[1mScanning dependencies of target turtlebot3_msgs__rosidl_typesupport_fastrtps_c[0m
[13.251s] [ 71%] [32mBuilding CXX object CMakeFiles/turtlebot3_msgs__rosidl_typesupport_fastrtps_c.dir/rosidl_typesupport_fastrtps_c/turtlebot3_msgs/msg/sound__type_support_c.cpp.o[0m
[13.268s] [ 73%] [32mBuilding CXX object CMakeFiles/turtlebot3_msgs__rosidl_typesupport_fastrtps_c.dir/rosidl_typesupport_fastrtps_c/turtlebot3_msgs/msg/version_info__type_support_c.cpp.o[0m
[13.268s] [ 74%] [32mBuilding CXX object CMakeFiles/turtlebot3_msgs__rosidl_typesupport_fastrtps_c.dir/rosidl_typesupport_fastrtps_c/turtlebot3_msgs/action/patrol__type_support_c.cpp.o[0m
[13.281s] [ 76%] [32mBuilding CXX object CMakeFiles/turtlebot3_msgs__rosidl_typesupport_fastrtps_c.dir/rosidl_typesupport_fastrtps_c/turtlebot3_msgs/srv/sound__type_support_c.cpp.o[0m
[13.283s] [ 77%] [32mBuilding CXX object CMakeFiles/turtlebot3_msgs__rosidl_typesupport_fastrtps_c.dir/rosidl_typesupport_fastrtps_c/turtlebot3_msgs/srv/dqn__type_support_c.cpp.o[0m
[13.285s] [ 78%] [32mBuilding CXX object CMakeFiles/turtlebot3_msgs__rosidl_typesupport_fastrtps_c.dir/rosidl_typesupport_fastrtps_c/turtlebot3_msgs/msg/sensor_state__type_support_c.cpp.o[0m
[14.133s] [ 80%] [32m[1mLinking CXX shared library libturtlebot3_msgs__rosidl_typesupport_fastrtps_c.so[0m
[14.339s] [ 80%] Built target turtlebot3_msgs__rosidl_typesupport_fastrtps_c
[14.393s] [35m[1mScanning dependencies of target turtlebot3_msgs[0m
[14.428s] [ 80%] Built target turtlebot3_msgs
[14.448s] [35m[1mScanning dependencies of target turtlebot3_msgs__py[0m
[14.497s] [ 81%] [34m[1mGenerating Python code for ROS interfaces[0m
[17.642s] [ 81%] Built target turtlebot3_msgs__py
[17.695s] [35m[1mScanning dependencies of target turtlebot3_msgs__python[0m
[17.772s] [ 83%] [32mBuilding C object CMakeFiles/turtlebot3_msgs__python.dir/rosidl_generator_py/turtlebot3_msgs/msg/_version_info_s.c.o[0m
[17.791s] [ 84%] [32mBuilding C object CMakeFiles/turtlebot3_msgs__python.dir/rosidl_generator_py/turtlebot3_msgs/msg/_sound_s.c.o[0m
[17.808s] [ 85%] [32mBuilding C object CMakeFiles/turtlebot3_msgs__python.dir/rosidl_generator_py/turtlebot3_msgs/msg/_sensor_state_s.c.o[0m
[17.810s] [ 87%] [32mBuilding C object CMakeFiles/turtlebot3_msgs__python.dir/rosidl_generator_py/turtlebot3_msgs/srv/_sound_s.c.o[0m
[17.868s] [ 88%] [32mBuilding C object CMakeFiles/turtlebot3_msgs__python.dir/rosidl_generator_py/turtlebot3_msgs/action/_patrol_s.c.o[0m
[18.119s] [ 90%] [32mBuilding C object CMakeFiles/turtlebot3_msgs__python.dir/rosidl_generator_py/turtlebot3_msgs/srv/_dqn_s.c.o[0m
[18.374s] [ 91%] [32m[1mLinking C shared library rosidl_generator_py/turtlebot3_msgs/libturtlebot3_msgs__python.so[0m
[18.526s] [ 91%] Built target turtlebot3_msgs__python
[18.568s] [35m[1mScanning dependencies of target turtlebot3_msgs__rosidl_typesupport_c__pyext[0m
[18.570s] [35m[1mScanning dependencies of target turtlebot3_msgs__rosidl_typesupport_fastrtps_c__pyext[0m
[18.581s] [35m[1mScanning dependencies of target turtlebot3_msgs__rosidl_typesupport_introspection_c__pyext[0m
[18.677s] [ 92%] [32mBuilding C object CMakeFiles/turtlebot3_msgs__rosidl_typesupport_c__pyext.dir/rosidl_generator_py/turtlebot3_msgs/_turtlebot3_msgs_s.ep.rosidl_typesupport_c.c.o[0m
[18.690s] [ 94%] [32mBuilding C object CMakeFiles/turtlebot3_msgs__rosidl_typesupport_introspection_c__pyext.dir/rosidl_generator_py/turtlebot3_msgs/_turtlebot3_msgs_s.ep.rosidl_typesupport_introspection_c.c.o[0m
[18.696s] [ 95%] [32mBuilding C object CMakeFiles/turtlebot3_msgs__rosidl_typesupport_fastrtps_c__pyext.dir/rosidl_generator_py/turtlebot3_msgs/_turtlebot3_msgs_s.ep.rosidl_typesupport_fastrtps_c.c.o[0m
[19.002s] [ 97%] [32m[1mLinking C shared library rosidl_generator_py/turtlebot3_msgs/turtlebot3_msgs_s__rosidl_typesupport_c.cpython-36m-x86_64-linux-gnu.so[0m
[19.131s] [ 98%] [32m[1mLinking C shared library rosidl_generator_py/turtlebot3_msgs/turtlebot3_msgs_s__rosidl_typesupport_fastrtps_c.cpython-36m-x86_64-linux-gnu.so[0m
[19.143s] [100%] [32m[1mLinking C shared library rosidl_generator_py/turtlebot3_msgs/turtlebot3_msgs_s__rosidl_typesupport_introspection_c.cpython-36m-x86_64-linux-gnu.so[0m
[19.291s] [100%] Built target turtlebot3_msgs__rosidl_typesupport_c__pyext
[19.440s] [100%] Built target turtlebot3_msgs__rosidl_typesupport_introspection_c__pyext
[19.456s] [100%] Built target turtlebot3_msgs__rosidl_typesupport_fastrtps_c__pyext
