[0.063s] Invoking command in '/home/iju/new_ws/S08P31C208/ROS/robot_ws/build/gazebo_msgs': CMAKE_PREFIX_PATH=/opt/ros/dashing PS1=\u@\h \[\033[32m\]\w\[\033[33m\]$(parse_git_branch)\[\033[00m\] $ /usr/bin/cmake /home/iju/new_ws/S08P31C208/ROS/robot_ws/src/gazebo_ros_pkgs/gazebo_msgs -DCMAKE_INSTALL_PREFIX=/home/iju/new_ws/S08P31C208/ROS/robot_ws/install/gazebo_msgs
[0.137s] -- The C compiler identification is GNU 7.5.0
[0.249s] -- The CXX compiler identification is GNU 7.5.0
[0.253s] -- Check for working C compiler: /usr/bin/cc
[0.355s] -- Check for working C compiler: /usr/bin/cc -- works
[0.355s] -- Detecting C compiler ABI info
[0.521s] -- Detecting C compiler ABI info - done
[0.521s] -- Detecting C compile features
[0.825s] -- Detecting C compile features - done
[0.827s] -- Check for working CXX compiler: /usr/bin/c++
[0.972s] -- Check for working CXX compiler: /usr/bin/c++ -- works
[0.973s] -- Detecting CXX compiler ABI info
[1.089s] -- Detecting CXX compiler ABI info - done
[1.096s] -- Detecting CXX compile features
[1.606s] -- Detecting CXX compile features - done
[1.609s] -- Found ament_cmake: 0.7.6 (/opt/ros/dashing/share/ament_cmake/cmake)
[1.647s] -- Found PythonInterp: /usr/bin/python3 (found suitable version "3.6.9", minimum required is "3") 
[1.647s] -- Using PYTHON_EXECUTABLE: /usr/bin/python3
[1.941s] -- Found builtin_interfaces: 0.7.4 (/opt/ros/dashing/share/builtin_interfaces/cmake)
[1.981s] -- Found rosidl_adapter: 0.7.10 (/opt/ros/dashing/share/rosidl_adapter/cmake)
[2.019s] -- Found std_msgs: 0.7.1 (/opt/ros/dashing/share/std_msgs/cmake)
[2.034s] -- Found trajectory_msgs: 0.7.1 (/opt/ros/dashing/share/trajectory_msgs/cmake)
[2.061s] -- Found rosidl_default_generators: 0.7.0 (/opt/ros/dashing/share/rosidl_default_generators/cmake)
[2.155s] -- Found OpenSSL: /usr/lib/x86_64-linux-gnu/libcrypto.so (found version "1.1.1") 
[2.179s] -- Found FastRTPS: /opt/ros/dashing/include  
[2.360s] -- Found PythonInterp: /usr/bin/python3 (found version "3.6.9") 
[3.350s] -- Found ament_cmake_cppcheck: 0.7.12 (/opt/ros/dashing/share/ament_cmake_cppcheck/cmake)
[3.351s] -- Found ament_cmake_cpplint: 0.7.12 (/opt/ros/dashing/share/ament_cmake_cpplint/cmake)
[3.353s] -- Found ament_cmake_uncrustify: 0.7.12 (/opt/ros/dashing/share/ament_cmake_uncrustify/cmake)
[3.461s] -- Using all available rosidl_typesupport_c: rosidl_typesupport_fastrtps_c;rosidl_typesupport_introspection_c
[3.523s] -- Using all available rosidl_typesupport_cpp: rosidl_typesupport_fastrtps_cpp;rosidl_typesupport_introspection_cpp
[3.964s] -- Found rmw_implementation_cmake: 0.7.2 (/opt/ros/dashing/share/rmw_implementation_cmake/cmake)
[3.996s] -- Found PythonInterp: /usr/bin/python3 (found suitable version "3.6.9", minimum required is "3.5") 
[3.998s] -- Found python_cmake_module: 0.7.11 (/opt/ros/dashing/share/python_cmake_module/cmake)
[4.038s] -- Found PythonLibs: /usr/lib/x86_64-linux-gnu/libpython3.6m.so (found suitable version "3.6.9", minimum required is "3.5") 
[4.038s] -- Using PYTHON_EXECUTABLE: /usr/bin/python3
[4.038s] -- Using PYTHON_INCLUDE_DIRS: /usr/include/python3.6m
[4.039s] -- Using PYTHON_LIBRARIES: /usr/lib/x86_64-linux-gnu/libpython3.6m.so
[4.109s] -- Found PythonExtra: .so  
[4.468s] -- Found ament_cmake_flake8: 0.7.12 (/opt/ros/dashing/share/ament_cmake_flake8/cmake)
[4.480s] -- Found ament_cmake_pep257: 0.7.12 (/opt/ros/dashing/share/ament_cmake_pep257/cmake)
[4.494s] -- Configuring done
[4.958s] -- Generating done
[4.963s] -- Build files have been written to: /home/iju/new_ws/S08P31C208/ROS/robot_ws/build/gazebo_msgs
[4.970s] Invoked command in '/home/iju/new_ws/S08P31C208/ROS/robot_ws/build/gazebo_msgs' returned '0': CMAKE_PREFIX_PATH=/opt/ros/dashing PS1=\u@\h \[\033[32m\]\w\[\033[33m\]$(parse_git_branch)\[\033[00m\] $ /usr/bin/cmake /home/iju/new_ws/S08P31C208/ROS/robot_ws/src/gazebo_ros_pkgs/gazebo_msgs -DCMAKE_INSTALL_PREFIX=/home/iju/new_ws/S08P31C208/ROS/robot_ws/install/gazebo_msgs
[4.974s] Invoking command in '/home/iju/new_ws/S08P31C208/ROS/robot_ws/build/gazebo_msgs': CMAKE_PREFIX_PATH=/opt/ros/dashing PS1=\u@\h \[\033[32m\]\w\[\033[33m\]$(parse_git_branch)\[\033[00m\] $ /usr/bin/cmake --build /home/iju/new_ws/S08P31C208/ROS/robot_ws/build/gazebo_msgs -- -j6 -l6
[5.196s] [35m[1mScanning dependencies of target gazebo_msgs__cpp[0m
[5.226s] [  0%] [34m[1mGenerating C code for ROS interfaces[0m
[5.283s] [  0%] [34m[1mGenerating C++ code for ROS interfaces[0m
[13.313s] [  0%] Built target gazebo_msgs__cpp
[13.400s] [  0%] [34m[1mGenerating C++ type support for eProsima Fast-RTPS[0m
[13.410s] [  0%] [34m[1mGenerating C++ type support dispatch for ROS interfaces[0m
[13.434s] [  1%] [34m[1mGenerating C++ introspection for ROS interfaces[0m
[17.792s] [35m[1mScanning dependencies of target gazebo_msgs__rosidl_generator_c[0m
[17.977s] [  1%] [32mBuilding C object CMakeFiles/gazebo_msgs__rosidl_generator_c.dir/rosidl_generator_c/gazebo_msgs/msg/contacts_state__functions.c.o[0m
[17.983s] [  2%] [32mBuilding C object CMakeFiles/gazebo_msgs__rosidl_generator_c.dir/rosidl_generator_c/gazebo_msgs/msg/contact_state__functions.c.o[0m
[17.985s] [  2%] [32mBuilding C object CMakeFiles/gazebo_msgs__rosidl_generator_c.dir/rosidl_generator_c/gazebo_msgs/msg/entity_state__functions.c.o[0m
[18.166s] [  3%] [32mBuilding C object CMakeFiles/gazebo_msgs__rosidl_generator_c.dir/rosidl_generator_c/gazebo_msgs/msg/link_state__functions.c.o[0m
[18.189s] [  3%] [32mBuilding C object CMakeFiles/gazebo_msgs__rosidl_generator_c.dir/rosidl_generator_c/gazebo_msgs/msg/link_states__functions.c.o[0m
[18.192s] [  3%] [32mBuilding C object CMakeFiles/gazebo_msgs__rosidl_generator_c.dir/rosidl_generator_c/gazebo_msgs/msg/logical_camera_image__functions.c.o[0m
[18.289s] [  3%] [32mBuilding C object CMakeFiles/gazebo_msgs__rosidl_generator_c.dir/rosidl_generator_c/gazebo_msgs/msg/model_state__functions.c.o[0m
[18.355s] [  3%] [32mBuilding C object CMakeFiles/gazebo_msgs__rosidl_generator_c.dir/rosidl_generator_c/gazebo_msgs/msg/ode_joint_properties__functions.c.o[0m
[18.359s] [  4%] [32mBuilding C object CMakeFiles/gazebo_msgs__rosidl_generator_c.dir/rosidl_generator_c/gazebo_msgs/msg/model_states__functions.c.o[0m
[18.428s] [  5%] [32mBuilding C object CMakeFiles/gazebo_msgs__rosidl_generator_c.dir/rosidl_generator_c/gazebo_msgs/msg/world_state__functions.c.o[0m
[18.436s] [  5%] [32mBuilding C object CMakeFiles/gazebo_msgs__rosidl_generator_c.dir/rosidl_generator_c/gazebo_msgs/msg/ode_physics__functions.c.o[0m
[18.512s] [  5%] [32mBuilding C object CMakeFiles/gazebo_msgs__rosidl_generator_c.dir/rosidl_generator_c/gazebo_msgs/srv/apply_body_wrench__functions.c.o[0m
[18.598s] [  6%] [32mBuilding C object CMakeFiles/gazebo_msgs__rosidl_generator_c.dir/rosidl_generator_c/gazebo_msgs/srv/body_request__functions.c.o[0m
[18.618s] [  6%] [32mBuilding C object CMakeFiles/gazebo_msgs__rosidl_generator_c.dir/rosidl_generator_c/gazebo_msgs/srv/apply_joint_effort__functions.c.o[0m
[18.743s] [  6%] [32mBuilding C object CMakeFiles/gazebo_msgs__rosidl_generator_c.dir/rosidl_generator_c/gazebo_msgs/srv/delete_entity__functions.c.o[0m
[18.767s] [  6%] [32mBuilding C object CMakeFiles/gazebo_msgs__rosidl_generator_c.dir/rosidl_generator_c/gazebo_msgs/srv/delete_light__functions.c.o[0m
[18.783s] [  6%] [32mBuilding C object CMakeFiles/gazebo_msgs__rosidl_generator_c.dir/rosidl_generator_c/gazebo_msgs/srv/delete_model__functions.c.o[0m
[18.921s] [  7%] [32mBuilding C object CMakeFiles/gazebo_msgs__rosidl_generator_c.dir/rosidl_generator_c/gazebo_msgs/srv/get_joint_properties__functions.c.o[0m
[18.984s] [  7%] [32mBuilding C object CMakeFiles/gazebo_msgs__rosidl_generator_c.dir/rosidl_generator_c/gazebo_msgs/srv/get_entity_state__functions.c.o[0m
[18.990s] [  7%] [32mBuilding C object CMakeFiles/gazebo_msgs__rosidl_generator_c.dir/rosidl_generator_c/gazebo_msgs/srv/get_light_properties__functions.c.o[0m
[19.072s] [  8%] [32mBuilding C object CMakeFiles/gazebo_msgs__rosidl_generator_c.dir/rosidl_generator_c/gazebo_msgs/srv/get_link_properties__functions.c.o[0m
[19.156s] [  8%] [32mBuilding C object CMakeFiles/gazebo_msgs__rosidl_generator_c.dir/rosidl_generator_c/gazebo_msgs/srv/get_link_state__functions.c.o[0m
[19.168s] [  8%] [32mBuilding C object CMakeFiles/gazebo_msgs__rosidl_generator_c.dir/rosidl_generator_c/gazebo_msgs/srv/get_model_list__functions.c.o[0m
[19.261s] [  9%] [32mBuilding C object CMakeFiles/gazebo_msgs__rosidl_generator_c.dir/rosidl_generator_c/gazebo_msgs/srv/get_model_properties__functions.c.o[0m
[19.338s] [  9%] [32mBuilding C object CMakeFiles/gazebo_msgs__rosidl_generator_c.dir/rosidl_generator_c/gazebo_msgs/srv/get_model_state__functions.c.o[0m
[19.359s] [  9%] [32mBuilding C object CMakeFiles/gazebo_msgs__rosidl_generator_c.dir/rosidl_generator_c/gazebo_msgs/srv/get_physics_properties__functions.c.o[0m
[19.441s] [  9%] [32mBuilding C object CMakeFiles/gazebo_msgs__rosidl_generator_c.dir/rosidl_generator_c/gazebo_msgs/srv/get_world_properties__functions.c.o[0m
[19.517s] [  9%] [32mBuilding C object CMakeFiles/gazebo_msgs__rosidl_generator_c.dir/rosidl_generator_c/gazebo_msgs/srv/set_entity_state__functions.c.o[0m
[19.553s] [ 10%] [32mBuilding C object CMakeFiles/gazebo_msgs__rosidl_generator_c.dir/rosidl_generator_c/gazebo_msgs/srv/joint_request__functions.c.o[0m
[19.558s] [ 10%] [32mBuilding C object CMakeFiles/gazebo_msgs__rosidl_generator_c.dir/rosidl_generator_c/gazebo_msgs/srv/set_joint_properties__functions.c.o[0m
[19.640s] [ 11%] [32mBuilding C object CMakeFiles/gazebo_msgs__rosidl_generator_c.dir/rosidl_generator_c/gazebo_msgs/srv/set_joint_trajectory__functions.c.o[0m
[19.668s] [ 11%] [32mBuilding C object CMakeFiles/gazebo_msgs__rosidl_generator_c.dir/rosidl_generator_c/gazebo_msgs/srv/set_light_properties__functions.c.o[0m
[19.682s] [ 11%] [32mBuilding C object CMakeFiles/gazebo_msgs__rosidl_generator_c.dir/rosidl_generator_c/gazebo_msgs/srv/set_link_properties__functions.c.o[0m
[19.749s] [ 12%] [32mBuilding C object CMakeFiles/gazebo_msgs__rosidl_generator_c.dir/rosidl_generator_c/gazebo_msgs/srv/set_model_configuration__functions.c.o[0m
[19.751s] [ 12%] [32mBuilding C object CMakeFiles/gazebo_msgs__rosidl_generator_c.dir/rosidl_generator_c/gazebo_msgs/srv/set_link_state__functions.c.o[0m
[19.773s] [ 12%] [32mBuilding C object CMakeFiles/gazebo_msgs__rosidl_generator_c.dir/rosidl_generator_c/gazebo_msgs/srv/set_model_state__functions.c.o[0m
[19.829s] [ 12%] [32mBuilding C object CMakeFiles/gazebo_msgs__rosidl_generator_c.dir/rosidl_generator_c/gazebo_msgs/srv/set_physics_properties__functions.c.o[0m
[19.851s] [ 13%] [32mBuilding C object CMakeFiles/gazebo_msgs__rosidl_generator_c.dir/rosidl_generator_c/gazebo_msgs/srv/spawn_entity__functions.c.o[0m
[19.861s] [ 13%] [32mBuilding C object CMakeFiles/gazebo_msgs__rosidl_generator_c.dir/rosidl_generator_c/gazebo_msgs/srv/spawn_model__functions.c.o[0m
[19.930s] [ 13%] [32m[1mLinking C shared library libgazebo_msgs__rosidl_generator_c.so[0m
[19.932s] [35m[1mScanning dependencies of target gazebo_msgs__rosidl_typesupport_cpp[0m
[19.990s] [ 14%] [32mBuilding CXX object CMakeFiles/gazebo_msgs__rosidl_typesupport_cpp.dir/rosidl_typesupport_cpp/gazebo_msgs/msg/contact_state__type_support.cpp.o[0m
[20.124s] [ 14%] [32mBuilding CXX object CMakeFiles/gazebo_msgs__rosidl_typesupport_cpp.dir/rosidl_typesupport_cpp/gazebo_msgs/msg/contacts_state__type_support.cpp.o[0m
[20.128s] [ 14%] Built target gazebo_msgs__rosidl_generator_c
[20.154s] [ 15%] [34m[1mGenerating C type support dispatch for ROS interfaces[0m
[20.243s] [ 16%] [34m[1mGenerating C introspection for ROS interfaces[0m
[20.352s] [ 16%] [32mBuilding CXX object CMakeFiles/gazebo_msgs__rosidl_typesupport_cpp.dir/rosidl_typesupport_cpp/gazebo_msgs/msg/entity_state__type_support.cpp.o[0m
[20.455s] [35m[1mScanning dependencies of target gazebo_msgs__rosidl_typesupport_introspection_cpp[0m
[20.462s] [ 17%] [32mBuilding CXX object CMakeFiles/gazebo_msgs__rosidl_typesupport_cpp.dir/rosidl_typesupport_cpp/gazebo_msgs/msg/link_state__type_support.cpp.o[0m
[20.528s] [ 17%] [32mBuilding CXX object CMakeFiles/gazebo_msgs__rosidl_typesupport_introspection_cpp.dir/rosidl_typesupport_introspection_cpp/gazebo_msgs/msg/contact_state__type_support.cpp.o[0m
[20.713s] [ 17%] [32mBuilding CXX object CMakeFiles/gazebo_msgs__rosidl_typesupport_cpp.dir/rosidl_typesupport_cpp/gazebo_msgs/msg/link_states__type_support.cpp.o[0m
[20.774s] [ 17%] [32mBuilding CXX object CMakeFiles/gazebo_msgs__rosidl_typesupport_cpp.dir/rosidl_typesupport_cpp/gazebo_msgs/msg/logical_camera_image__type_support.cpp.o[0m
[20.954s] [ 17%] [32mBuilding CXX object CMakeFiles/gazebo_msgs__rosidl_typesupport_introspection_cpp.dir/rosidl_typesupport_introspection_cpp/gazebo_msgs/msg/contacts_state__type_support.cpp.o[0m
[20.971s] [ 18%] [32mBuilding CXX object CMakeFiles/gazebo_msgs__rosidl_typesupport_cpp.dir/rosidl_typesupport_cpp/gazebo_msgs/msg/model_state__type_support.cpp.o[0m
[21.078s] [ 18%] [32mBuilding CXX object CMakeFiles/gazebo_msgs__rosidl_typesupport_cpp.dir/rosidl_typesupport_cpp/gazebo_msgs/msg/model_states__type_support.cpp.o[0m
[21.315s] [ 18%] [32mBuilding CXX object CMakeFiles/gazebo_msgs__rosidl_typesupport_introspection_cpp.dir/rosidl_typesupport_introspection_cpp/gazebo_msgs/msg/entity_state__type_support.cpp.o[0m
[21.343s] [ 18%] [32mBuilding CXX object CMakeFiles/gazebo_msgs__rosidl_typesupport_cpp.dir/rosidl_typesupport_cpp/gazebo_msgs/msg/ode_joint_properties__type_support.cpp.o[0m
[21.353s] [ 19%] [32mBuilding CXX object CMakeFiles/gazebo_msgs__rosidl_typesupport_introspection_cpp.dir/rosidl_typesupport_introspection_cpp/gazebo_msgs/msg/link_state__type_support.cpp.o[0m
[21.585s] [ 19%] [32mBuilding CXX object CMakeFiles/gazebo_msgs__rosidl_typesupport_cpp.dir/rosidl_typesupport_cpp/gazebo_msgs/msg/ode_physics__type_support.cpp.o[0m
[21.650s] [ 20%] [32mBuilding CXX object CMakeFiles/gazebo_msgs__rosidl_typesupport_cpp.dir/rosidl_typesupport_cpp/gazebo_msgs/msg/world_state__type_support.cpp.o[0m
[21.724s] [ 20%] [32mBuilding CXX object CMakeFiles/gazebo_msgs__rosidl_typesupport_introspection_cpp.dir/rosidl_typesupport_introspection_cpp/gazebo_msgs/msg/link_states__type_support.cpp.o[0m
[21.860s] [ 20%] [32mBuilding CXX object CMakeFiles/gazebo_msgs__rosidl_typesupport_cpp.dir/rosidl_typesupport_cpp/gazebo_msgs/srv/apply_body_wrench__type_support.cpp.o[0m
[21.894s] [35m[1mScanning dependencies of target gazebo_msgs__rosidl_typesupport_fastrtps_cpp[0m
[21.956s] [ 20%] [32mBuilding CXX object CMakeFiles/gazebo_msgs__rosidl_typesupport_introspection_cpp.dir/rosidl_typesupport_introspection_cpp/gazebo_msgs/msg/logical_camera_image__type_support.cpp.o[0m
[22.050s] [ 21%] [32mBuilding CXX object CMakeFiles/gazebo_msgs__rosidl_typesupport_fastrtps_cpp.dir/rosidl_typesupport_fastrtps_cpp/gazebo_msgs/msg/dds_fastrtps/contact_state__type_support.cpp.o[0m
[22.179s] [ 21%] [32mBuilding CXX object CMakeFiles/gazebo_msgs__rosidl_typesupport_fastrtps_cpp.dir/rosidl_typesupport_fastrtps_cpp/gazebo_msgs/msg/dds_fastrtps/contacts_state__type_support.cpp.o[0m
[22.189s] [ 21%] [32mBuilding CXX object CMakeFiles/gazebo_msgs__rosidl_typesupport_cpp.dir/rosidl_typesupport_cpp/gazebo_msgs/srv/apply_joint_effort__type_support.cpp.o[0m
[22.397s] [ 22%] [32mBuilding CXX object CMakeFiles/gazebo_msgs__rosidl_typesupport_introspection_cpp.dir/rosidl_typesupport_introspection_cpp/gazebo_msgs/msg/model_state__type_support.cpp.o[0m
[22.513s] [ 23%] [32mBuilding CXX object CMakeFiles/gazebo_msgs__rosidl_typesupport_cpp.dir/rosidl_typesupport_cpp/gazebo_msgs/srv/body_request__type_support.cpp.o[0m
[22.689s] [ 23%] [32mBuilding CXX object CMakeFiles/gazebo_msgs__rosidl_typesupport_fastrtps_cpp.dir/rosidl_typesupport_fastrtps_cpp/gazebo_msgs/msg/dds_fastrtps/entity_state__type_support.cpp.o[0m
[22.785s] [ 23%] [32mBuilding CXX object CMakeFiles/gazebo_msgs__rosidl_typesupport_introspection_cpp.dir/rosidl_typesupport_introspection_cpp/gazebo_msgs/msg/model_states__type_support.cpp.o[0m
[22.797s] [ 24%] [32mBuilding CXX object CMakeFiles/gazebo_msgs__rosidl_typesupport_fastrtps_cpp.dir/rosidl_typesupport_fastrtps_cpp/gazebo_msgs/msg/dds_fastrtps/link_state__type_support.cpp.o[0m
[22.828s] [ 24%] [32mBuilding CXX object CMakeFiles/gazebo_msgs__rosidl_typesupport_cpp.dir/rosidl_typesupport_cpp/gazebo_msgs/srv/delete_entity__type_support.cpp.o[0m
[23.153s] [ 24%] [32mBuilding CXX object CMakeFiles/gazebo_msgs__rosidl_typesupport_cpp.dir/rosidl_typesupport_cpp/gazebo_msgs/srv/delete_light__type_support.cpp.o[0m
[23.197s] [ 24%] [32mBuilding CXX object CMakeFiles/gazebo_msgs__rosidl_typesupport_fastrtps_cpp.dir/rosidl_typesupport_fastrtps_cpp/gazebo_msgs/msg/dds_fastrtps/link_states__type_support.cpp.o[0m
[23.298s] [ 24%] [32mBuilding CXX object CMakeFiles/gazebo_msgs__rosidl_typesupport_introspection_cpp.dir/rosidl_typesupport_introspection_cpp/gazebo_msgs/msg/ode_joint_properties__type_support.cpp.o[0m
[23.306s] [ 24%] [32mBuilding CXX object CMakeFiles/gazebo_msgs__rosidl_typesupport_fastrtps_cpp.dir/rosidl_typesupport_fastrtps_cpp/gazebo_msgs/msg/dds_fastrtps/logical_camera_image__type_support.cpp.o[0m
[23.506s] [ 24%] [32mBuilding CXX object CMakeFiles/gazebo_msgs__rosidl_typesupport_cpp.dir/rosidl_typesupport_cpp/gazebo_msgs/srv/delete_model__type_support.cpp.o[0m
[23.738s] [ 25%] [32mBuilding CXX object CMakeFiles/gazebo_msgs__rosidl_typesupport_introspection_cpp.dir/rosidl_typesupport_introspection_cpp/gazebo_msgs/msg/ode_physics__type_support.cpp.o[0m
[23.796s] [ 25%] [32mBuilding CXX object CMakeFiles/gazebo_msgs__rosidl_typesupport_introspection_cpp.dir/rosidl_typesupport_introspection_cpp/gazebo_msgs/msg/world_state__type_support.cpp.o[0m
[23.824s] [ 26%] [32mBuilding CXX object CMakeFiles/gazebo_msgs__rosidl_typesupport_fastrtps_cpp.dir/rosidl_typesupport_fastrtps_cpp/gazebo_msgs/msg/dds_fastrtps/model_state__type_support.cpp.o[0m
[23.838s] [ 27%] [32mBuilding CXX object CMakeFiles/gazebo_msgs__rosidl_typesupport_cpp.dir/rosidl_typesupport_cpp/gazebo_msgs/srv/get_joint_properties__type_support.cpp.o[0m
[24.092s] [ 27%] [32mBuilding CXX object CMakeFiles/gazebo_msgs__rosidl_typesupport_fastrtps_cpp.dir/rosidl_typesupport_fastrtps_cpp/gazebo_msgs/msg/dds_fastrtps/model_states__type_support.cpp.o[0m
[24.236s] [ 27%] [32mBuilding CXX object CMakeFiles/gazebo_msgs__rosidl_typesupport_cpp.dir/rosidl_typesupport_cpp/gazebo_msgs/srv/get_entity_state__type_support.cpp.o[0m
[24.273s] [ 27%] [32mBuilding CXX object CMakeFiles/gazebo_msgs__rosidl_typesupport_fastrtps_cpp.dir/rosidl_typesupport_fastrtps_cpp/gazebo_msgs/msg/dds_fastrtps/ode_joint_properties__type_support.cpp.o[0m
[24.283s] [ 27%] [32mBuilding CXX object CMakeFiles/gazebo_msgs__rosidl_typesupport_introspection_cpp.dir/rosidl_typesupport_introspection_cpp/gazebo_msgs/srv/apply_body_wrench__type_support.cpp.o[0m
[24.578s] [ 27%] [32mBuilding CXX object CMakeFiles/gazebo_msgs__rosidl_typesupport_cpp.dir/rosidl_typesupport_cpp/gazebo_msgs/srv/get_light_properties__type_support.cpp.o[0m
[24.697s] [ 27%] [32mBuilding CXX object CMakeFiles/gazebo_msgs__rosidl_typesupport_introspection_cpp.dir/rosidl_typesupport_introspection_cpp/gazebo_msgs/srv/apply_joint_effort__type_support.cpp.o[0m
[24.769s] [ 28%] [32mBuilding CXX object CMakeFiles/gazebo_msgs__rosidl_typesupport_introspection_cpp.dir/rosidl_typesupport_introspection_cpp/gazebo_msgs/srv/body_request__type_support.cpp.o[0m
[24.821s] [ 28%] [32mBuilding CXX object CMakeFiles/gazebo_msgs__rosidl_typesupport_fastrtps_cpp.dir/rosidl_typesupport_fastrtps_cpp/gazebo_msgs/msg/dds_fastrtps/ode_physics__type_support.cpp.o[0m
[24.957s] [ 29%] [32mBuilding CXX object CMakeFiles/gazebo_msgs__rosidl_typesupport_cpp.dir/rosidl_typesupport_cpp/gazebo_msgs/srv/get_link_properties__type_support.cpp.o[0m
[24.992s] [ 30%] [32mBuilding CXX object CMakeFiles/gazebo_msgs__rosidl_typesupport_fastrtps_cpp.dir/rosidl_typesupport_fastrtps_cpp/gazebo_msgs/msg/dds_fastrtps/world_state__type_support.cpp.o[0m
[25.158s] [ 30%] [32mBuilding CXX object CMakeFiles/gazebo_msgs__rosidl_typesupport_introspection_cpp.dir/rosidl_typesupport_introspection_cpp/gazebo_msgs/srv/delete_entity__type_support.cpp.o[0m
[25.274s] [ 30%] [32mBuilding CXX object CMakeFiles/gazebo_msgs__rosidl_typesupport_cpp.dir/rosidl_typesupport_cpp/gazebo_msgs/srv/get_link_state__type_support.cpp.o[0m
[25.286s] [ 30%] [32mBuilding CXX object CMakeFiles/gazebo_msgs__rosidl_typesupport_cpp.dir/rosidl_typesupport_cpp/gazebo_msgs/srv/get_model_list__type_support.cpp.o[0m
[25.544s] [ 30%] [32mBuilding CXX object CMakeFiles/gazebo_msgs__rosidl_typesupport_introspection_cpp.dir/rosidl_typesupport_introspection_cpp/gazebo_msgs/srv/delete_light__type_support.cpp.o[0m
[25.606s] [ 31%] [32mBuilding CXX object CMakeFiles/gazebo_msgs__rosidl_typesupport_cpp.dir/rosidl_typesupport_cpp/gazebo_msgs/srv/get_model_properties__type_support.cpp.o[0m
[25.617s] [ 32%] [32mBuilding CXX object CMakeFiles/gazebo_msgs__rosidl_typesupport_introspection_cpp.dir/rosidl_typesupport_introspection_cpp/gazebo_msgs/srv/delete_model__type_support.cpp.o[0m
[25.636s] [ 32%] [32mBuilding CXX object CMakeFiles/gazebo_msgs__rosidl_typesupport_fastrtps_cpp.dir/rosidl_typesupport_fastrtps_cpp/gazebo_msgs/srv/dds_fastrtps/apply_body_wrench__type_support.cpp.o[0m
[25.905s] [ 32%] [32mBuilding CXX object CMakeFiles/gazebo_msgs__rosidl_typesupport_cpp.dir/rosidl_typesupport_cpp/gazebo_msgs/srv/get_model_state__type_support.cpp.o[0m
[25.907s] [ 32%] [32mBuilding CXX object CMakeFiles/gazebo_msgs__rosidl_typesupport_fastrtps_cpp.dir/rosidl_typesupport_fastrtps_cpp/gazebo_msgs/srv/dds_fastrtps/apply_joint_effort__type_support.cpp.o[0m
[25.972s] [ 32%] [32mBuilding CXX object CMakeFiles/gazebo_msgs__rosidl_typesupport_introspection_cpp.dir/rosidl_typesupport_introspection_cpp/gazebo_msgs/srv/get_joint_properties__type_support.cpp.o[0m
[26.145s] [ 33%] [32mBuilding CXX object CMakeFiles/gazebo_msgs__rosidl_typesupport_fastrtps_cpp.dir/rosidl_typesupport_fastrtps_cpp/gazebo_msgs/srv/dds_fastrtps/body_request__type_support.cpp.o[0m
[26.186s] [ 33%] [32mBuilding CXX object CMakeFiles/gazebo_msgs__rosidl_typesupport_cpp.dir/rosidl_typesupport_cpp/gazebo_msgs/srv/get_physics_properties__type_support.cpp.o[0m
[26.309s] [ 33%] [32mBuilding CXX object CMakeFiles/gazebo_msgs__rosidl_typesupport_introspection_cpp.dir/rosidl_typesupport_introspection_cpp/gazebo_msgs/srv/get_entity_state__type_support.cpp.o[0m
[26.401s] [ 33%] [32mBuilding CXX object CMakeFiles/gazebo_msgs__rosidl_typesupport_fastrtps_cpp.dir/rosidl_typesupport_fastrtps_cpp/gazebo_msgs/srv/dds_fastrtps/delete_entity__type_support.cpp.o[0m
[26.506s] [35m[1mScanning dependencies of target gazebo_msgs__rosidl_typesupport_c[0m
[26.534s] [ 33%] [32mBuilding CXX object CMakeFiles/gazebo_msgs__rosidl_typesupport_cpp.dir/rosidl_typesupport_cpp/gazebo_msgs/srv/get_world_properties__type_support.cpp.o[0m
[26.580s] [ 33%] [32mBuilding CXX object CMakeFiles/gazebo_msgs__rosidl_typesupport_c.dir/rosidl_typesupport_c/gazebo_msgs/msg/contact_state__type_support.cpp.o[0m
[26.581s] [ 34%] [32mBuilding CXX object CMakeFiles/gazebo_msgs__rosidl_typesupport_cpp.dir/rosidl_typesupport_cpp/gazebo_msgs/srv/joint_request__type_support.cpp.o[0m
[26.627s] [ 34%] [32mBuilding CXX object CMakeFiles/gazebo_msgs__rosidl_typesupport_c.dir/rosidl_typesupport_c/gazebo_msgs/msg/contacts_state__type_support.cpp.o[0m
[26.628s] [ 35%] [32mBuilding CXX object CMakeFiles/gazebo_msgs__rosidl_typesupport_introspection_cpp.dir/rosidl_typesupport_introspection_cpp/gazebo_msgs/srv/get_light_properties__type_support.cpp.o[0m
[26.718s] [ 35%] [32mBuilding CXX object CMakeFiles/gazebo_msgs__rosidl_typesupport_c.dir/rosidl_typesupport_c/gazebo_msgs/msg/entity_state__type_support.cpp.o[0m
[26.790s] [ 36%] [32mBuilding CXX object CMakeFiles/gazebo_msgs__rosidl_typesupport_c.dir/rosidl_typesupport_c/gazebo_msgs/msg/link_state__type_support.cpp.o[0m
[26.863s] [ 36%] [32mBuilding CXX object CMakeFiles/gazebo_msgs__rosidl_typesupport_fastrtps_cpp.dir/rosidl_typesupport_fastrtps_cpp/gazebo_msgs/srv/dds_fastrtps/delete_light__type_support.cpp.o[0m
[26.863s] [ 36%] [32mBuilding CXX object CMakeFiles/gazebo_msgs__rosidl_typesupport_c.dir/rosidl_typesupport_c/gazebo_msgs/msg/link_states__type_support.cpp.o[0m
[26.871s] [ 37%] [32mBuilding CXX object CMakeFiles/gazebo_msgs__rosidl_typesupport_fastrtps_cpp.dir/rosidl_typesupport_fastrtps_cpp/gazebo_msgs/srv/dds_fastrtps/delete_model__type_support.cpp.o[0m
[26.876s] [ 37%] [32mBuilding CXX object CMakeFiles/gazebo_msgs__rosidl_typesupport_cpp.dir/rosidl_typesupport_cpp/gazebo_msgs/srv/set_entity_state__type_support.cpp.o[0m
[26.883s] [ 37%] [32mBuilding CXX object CMakeFiles/gazebo_msgs__rosidl_typesupport_introspection_cpp.dir/rosidl_typesupport_introspection_cpp/gazebo_msgs/srv/get_link_properties__type_support.cpp.o[0m
[26.896s] [ 37%] [32mBuilding CXX object CMakeFiles/gazebo_msgs__rosidl_typesupport_c.dir/rosidl_typesupport_c/gazebo_msgs/msg/logical_camera_image__type_support.cpp.o[0m
[26.939s] [ 38%] [32mBuilding CXX object CMakeFiles/gazebo_msgs__rosidl_typesupport_c.dir/rosidl_typesupport_c/gazebo_msgs/msg/model_state__type_support.cpp.o[0m
[26.971s] [ 38%] [32mBuilding CXX object CMakeFiles/gazebo_msgs__rosidl_typesupport_c.dir/rosidl_typesupport_c/gazebo_msgs/msg/model_states__type_support.cpp.o[0m
[27.029s] [ 38%] [32mBuilding CXX object CMakeFiles/gazebo_msgs__rosidl_typesupport_c.dir/rosidl_typesupport_c/gazebo_msgs/msg/ode_joint_properties__type_support.cpp.o[0m
[27.085s] [ 39%] [32mBuilding CXX object CMakeFiles/gazebo_msgs__rosidl_typesupport_c.dir/rosidl_typesupport_c/gazebo_msgs/msg/ode_physics__type_support.cpp.o[0m
[27.136s] [ 39%] [32mBuilding CXX object CMakeFiles/gazebo_msgs__rosidl_typesupport_cpp.dir/rosidl_typesupport_cpp/gazebo_msgs/srv/set_joint_properties__type_support.cpp.o[0m
[27.164s] [ 39%] [32mBuilding CXX object CMakeFiles/gazebo_msgs__rosidl_typesupport_introspection_cpp.dir/rosidl_typesupport_introspection_cpp/gazebo_msgs/srv/get_link_state__type_support.cpp.o[0m
[27.168s] [ 39%] [32mBuilding CXX object CMakeFiles/gazebo_msgs__rosidl_typesupport_c.dir/rosidl_typesupport_c/gazebo_msgs/msg/world_state__type_support.cpp.o[0m
[27.259s] [ 39%] [32mBuilding CXX object CMakeFiles/gazebo_msgs__rosidl_typesupport_c.dir/rosidl_typesupport_c/gazebo_msgs/srv/apply_body_wrench__type_support.cpp.o[0m
[27.304s] [ 39%] [32mBuilding CXX object CMakeFiles/gazebo_msgs__rosidl_typesupport_c.dir/rosidl_typesupport_c/gazebo_msgs/srv/apply_joint_effort__type_support.cpp.o[0m
[27.337s] [ 39%] [32mBuilding CXX object CMakeFiles/gazebo_msgs__rosidl_typesupport_fastrtps_cpp.dir/rosidl_typesupport_fastrtps_cpp/gazebo_msgs/srv/dds_fastrtps/get_joint_properties__type_support.cpp.o[0m
[27.339s] [ 39%] [32mBuilding CXX object CMakeFiles/gazebo_msgs__rosidl_typesupport_introspection_cpp.dir/rosidl_typesupport_introspection_cpp/gazebo_msgs/srv/get_model_list__type_support.cpp.o[0m
[27.365s] [ 40%] [32mBuilding CXX object CMakeFiles/gazebo_msgs__rosidl_typesupport_c.dir/rosidl_typesupport_c/gazebo_msgs/srv/body_request__type_support.cpp.o[0m
[27.436s] [ 41%] [32mBuilding CXX object CMakeFiles/gazebo_msgs__rosidl_typesupport_cpp.dir/rosidl_typesupport_cpp/gazebo_msgs/srv/set_joint_trajectory__type_support.cpp.o[0m
[27.437s] [ 41%] [32mBuilding CXX object CMakeFiles/gazebo_msgs__rosidl_typesupport_c.dir/rosidl_typesupport_c/gazebo_msgs/srv/delete_entity__type_support.cpp.o[0m
[27.476s] [ 41%] [32mBuilding CXX object CMakeFiles/gazebo_msgs__rosidl_typesupport_c.dir/rosidl_typesupport_c/gazebo_msgs/srv/delete_light__type_support.cpp.o[0m
[27.508s] [ 42%] [32mBuilding CXX object CMakeFiles/gazebo_msgs__rosidl_typesupport_c.dir/rosidl_typesupport_c/gazebo_msgs/srv/delete_model__type_support.cpp.o[0m
[27.534s] [ 42%] [32mBuilding CXX object CMakeFiles/gazebo_msgs__rosidl_typesupport_fastrtps_cpp.dir/rosidl_typesupport_fastrtps_cpp/gazebo_msgs/srv/dds_fastrtps/get_entity_state__type_support.cpp.o[0m
[27.582s] [ 42%] [32mBuilding CXX object CMakeFiles/gazebo_msgs__rosidl_typesupport_c.dir/rosidl_typesupport_c/gazebo_msgs/srv/get_joint_properties__type_support.cpp.o[0m
[27.625s] [ 43%] [32mBuilding CXX object CMakeFiles/gazebo_msgs__rosidl_typesupport_introspection_cpp.dir/rosidl_typesupport_introspection_cpp/gazebo_msgs/srv/get_model_properties__type_support.cpp.o[0m
[27.644s] [ 43%] [32mBuilding CXX object CMakeFiles/gazebo_msgs__rosidl_typesupport_c.dir/rosidl_typesupport_c/gazebo_msgs/srv/get_entity_state__type_support.cpp.o[0m
[27.723s] [ 44%] [32mBuilding CXX object CMakeFiles/gazebo_msgs__rosidl_typesupport_c.dir/rosidl_typesupport_c/gazebo_msgs/srv/get_light_properties__type_support.cpp.o[0m
[27.744s] [ 44%] [32mBuilding CXX object CMakeFiles/gazebo_msgs__rosidl_typesupport_cpp.dir/rosidl_typesupport_cpp/gazebo_msgs/srv/set_light_properties__type_support.cpp.o[0m
[27.765s] [ 44%] [32mBuilding CXX object CMakeFiles/gazebo_msgs__rosidl_typesupport_cpp.dir/rosidl_typesupport_cpp/gazebo_msgs/srv/set_link_properties__type_support.cpp.o[0m
[27.775s] [ 44%] [32mBuilding CXX object CMakeFiles/gazebo_msgs__rosidl_typesupport_c.dir/rosidl_typesupport_c/gazebo_msgs/srv/get_link_properties__type_support.cpp.o[0m
[27.847s] [ 44%] [32mBuilding CXX object CMakeFiles/gazebo_msgs__rosidl_typesupport_c.dir/rosidl_typesupport_c/gazebo_msgs/srv/get_link_state__type_support.cpp.o[0m
[27.910s] [ 44%] [32mBuilding CXX object CMakeFiles/gazebo_msgs__rosidl_typesupport_c.dir/rosidl_typesupport_c/gazebo_msgs/srv/get_model_list__type_support.cpp.o[0m
[27.958s] [ 44%] [32mBuilding CXX object CMakeFiles/gazebo_msgs__rosidl_typesupport_introspection_cpp.dir/rosidl_typesupport_introspection_cpp/gazebo_msgs/srv/get_model_state__type_support.cpp.o[0m
[27.968s] [ 45%] [32mBuilding CXX object CMakeFiles/gazebo_msgs__rosidl_typesupport_c.dir/rosidl_typesupport_c/gazebo_msgs/srv/get_model_properties__type_support.cpp.o[0m
[27.982s] [ 45%] [32mBuilding CXX object CMakeFiles/gazebo_msgs__rosidl_typesupport_fastrtps_cpp.dir/rosidl_typesupport_fastrtps_cpp/gazebo_msgs/srv/dds_fastrtps/get_light_properties__type_support.cpp.o[0m
[28.010s] [35m[1mScanning dependencies of target gazebo_msgs__rosidl_typesupport_introspection_c[0m
[28.018s] [ 45%] [32mBuilding CXX object CMakeFiles/gazebo_msgs__rosidl_typesupport_introspection_cpp.dir/rosidl_typesupport_introspection_cpp/gazebo_msgs/srv/get_physics_properties__type_support.cpp.o[0m
[28.027s] [ 45%] [32mBuilding CXX object CMakeFiles/gazebo_msgs__rosidl_typesupport_c.dir/rosidl_typesupport_c/gazebo_msgs/srv/get_model_state__type_support.cpp.o[0m
[28.066s] [ 45%] [32mBuilding CXX object CMakeFiles/gazebo_msgs__rosidl_typesupport_c.dir/rosidl_typesupport_c/gazebo_msgs/srv/get_physics_properties__type_support.cpp.o[0m
[28.067s] [ 46%] [32mBuilding CXX object CMakeFiles/gazebo_msgs__rosidl_typesupport_cpp.dir/rosidl_typesupport_cpp/gazebo_msgs/srv/set_link_state__type_support.cpp.o[0m
[28.091s] [ 46%] [32mBuilding C object CMakeFiles/gazebo_msgs__rosidl_typesupport_introspection_c.dir/rosidl_typesupport_introspection_c/gazebo_msgs/msg/contact_state__type_support.c.o[0m
[28.144s] [ 46%] [32mBuilding C object CMakeFiles/gazebo_msgs__rosidl_typesupport_introspection_c.dir/rosidl_typesupport_introspection_c/gazebo_msgs/msg/contacts_state__type_support.c.o[0m
[28.158s] [ 47%] [32mBuilding CXX object CMakeFiles/gazebo_msgs__rosidl_typesupport_c.dir/rosidl_typesupport_c/gazebo_msgs/srv/get_world_properties__type_support.cpp.o[0m
[28.225s] [ 48%] [32mBuilding CXX object CMakeFiles/gazebo_msgs__rosidl_typesupport_fastrtps_cpp.dir/rosidl_typesupport_fastrtps_cpp/gazebo_msgs/srv/dds_fastrtps/get_link_properties__type_support.cpp.o[0m
[28.229s] [ 48%] [32mBuilding CXX object CMakeFiles/gazebo_msgs__rosidl_typesupport_c.dir/rosidl_typesupport_c/gazebo_msgs/srv/joint_request__type_support.cpp.o[0m
[28.232s] [ 49%] [32mBuilding C object CMakeFiles/gazebo_msgs__rosidl_typesupport_introspection_c.dir/rosidl_typesupport_introspection_c/gazebo_msgs/msg/entity_state__type_support.c.o[0m
[28.286s] [ 49%] [32mBuilding C object CMakeFiles/gazebo_msgs__rosidl_typesupport_introspection_c.dir/rosidl_typesupport_introspection_c/gazebo_msgs/msg/link_state__type_support.c.o[0m
[28.289s] [ 50%] [32mBuilding CXX object CMakeFiles/gazebo_msgs__rosidl_typesupport_introspection_cpp.dir/rosidl_typesupport_introspection_cpp/gazebo_msgs/srv/get_world_properties__type_support.cpp.o[0m
[28.297s] [ 50%] [32mBuilding CXX object CMakeFiles/gazebo_msgs__rosidl_typesupport_c.dir/rosidl_typesupport_c/gazebo_msgs/srv/set_entity_state__type_support.cpp.o[0m
[28.350s] [ 50%] [32mBuilding C object CMakeFiles/gazebo_msgs__rosidl_typesupport_introspection_c.dir/rosidl_typesupport_introspection_c/gazebo_msgs/msg/link_states__type_support.c.o[0m
[28.370s] [ 50%] [32mBuilding CXX object CMakeFiles/gazebo_msgs__rosidl_typesupport_cpp.dir/rosidl_typesupport_cpp/gazebo_msgs/srv/set_model_configuration__type_support.cpp.o[0m
[28.372s] [ 51%] [32mBuilding CXX object CMakeFiles/gazebo_msgs__rosidl_typesupport_c.dir/rosidl_typesupport_c/gazebo_msgs/srv/set_joint_properties__type_support.cpp.o[0m
[28.425s] [ 51%] [32mBuilding CXX object CMakeFiles/gazebo_msgs__rosidl_typesupport_c.dir/rosidl_typesupport_c/gazebo_msgs/srv/set_joint_trajectory__type_support.cpp.o[0m
[28.427s] [ 52%] [32mBuilding C object CMakeFiles/gazebo_msgs__rosidl_typesupport_introspection_c.dir/rosidl_typesupport_introspection_c/gazebo_msgs/msg/logical_camera_image__type_support.c.o[0m
[28.432s] [ 52%] [32mBuilding CXX object CMakeFiles/gazebo_msgs__rosidl_typesupport_introspection_cpp.dir/rosidl_typesupport_introspection_cpp/gazebo_msgs/srv/joint_request__type_support.cpp.o[0m
[28.475s] [ 52%] [32mBuilding C object CMakeFiles/gazebo_msgs__rosidl_typesupport_introspection_c.dir/rosidl_typesupport_introspection_c/gazebo_msgs/msg/model_state__type_support.c.o[0m
[28.486s] [ 52%] [32mBuilding CXX object CMakeFiles/gazebo_msgs__rosidl_typesupport_c.dir/rosidl_typesupport_c/gazebo_msgs/srv/set_light_properties__type_support.cpp.o[0m
[28.549s] [ 52%] [32mBuilding C object CMakeFiles/gazebo_msgs__rosidl_typesupport_introspection_c.dir/rosidl_typesupport_introspection_c/gazebo_msgs/msg/model_states__type_support.c.o[0m
[28.561s] [ 52%] [32mBuilding CXX object CMakeFiles/gazebo_msgs__rosidl_typesupport_c.dir/rosidl_typesupport_c/gazebo_msgs/srv/set_link_properties__type_support.cpp.o[0m
[28.599s] [ 52%] [32mBuilding CXX object CMakeFiles/gazebo_msgs__rosidl_typesupport_fastrtps_cpp.dir/rosidl_typesupport_fastrtps_cpp/gazebo_msgs/srv/dds_fastrtps/get_link_state__type_support.cpp.o[0m
[28.605s] [ 52%] [32mBuilding C object CMakeFiles/gazebo_msgs__rosidl_typesupport_introspection_c.dir/rosidl_typesupport_introspection_c/gazebo_msgs/msg/ode_joint_properties__type_support.c.o[0m
[28.610s] [ 52%] [32mBuilding CXX object CMakeFiles/gazebo_msgs__rosidl_typesupport_introspection_cpp.dir/rosidl_typesupport_introspection_cpp/gazebo_msgs/srv/set_entity_state__type_support.cpp.o[0m
[28.628s] [ 52%] [32mBuilding CXX object CMakeFiles/gazebo_msgs__rosidl_typesupport_cpp.dir/rosidl_typesupport_cpp/gazebo_msgs/srv/set_model_state__type_support.cpp.o[0m
[28.640s] [ 53%] [32mBuilding CXX object CMakeFiles/gazebo_msgs__rosidl_typesupport_c.dir/rosidl_typesupport_c/gazebo_msgs/srv/set_link_state__type_support.cpp.o[0m
[28.679s] [ 54%] [32mBuilding C object CMakeFiles/gazebo_msgs__rosidl_typesupport_introspection_c.dir/rosidl_typesupport_introspection_c/gazebo_msgs/msg/ode_physics__type_support.c.o[0m
[28.691s] [ 54%] [32mBuilding CXX object CMakeFiles/gazebo_msgs__rosidl_typesupport_c.dir/rosidl_typesupport_c/gazebo_msgs/srv/set_model_configuration__type_support.cpp.o[0m
[28.736s] [ 54%] [32mBuilding CXX object CMakeFiles/gazebo_msgs__rosidl_typesupport_fastrtps_cpp.dir/rosidl_typesupport_fastrtps_cpp/gazebo_msgs/srv/dds_fastrtps/get_model_list__type_support.cpp.o[0m
[28.748s] [ 54%] [32mBuilding C object CMakeFiles/gazebo_msgs__rosidl_typesupport_introspection_c.dir/rosidl_typesupport_introspection_c/gazebo_msgs/msg/world_state__type_support.c.o[0m
[28.753s] [ 54%] [32mBuilding CXX object CMakeFiles/gazebo_msgs__rosidl_typesupport_c.dir/rosidl_typesupport_c/gazebo_msgs/srv/set_model_state__type_support.cpp.o[0m
[28.795s] [ 54%] [32mBuilding C object CMakeFiles/gazebo_msgs__rosidl_typesupport_introspection_c.dir/rosidl_typesupport_introspection_c/gazebo_msgs/srv/apply_body_wrench__type_support.c.o[0m
[28.845s] [ 55%] [32mBuilding CXX object CMakeFiles/gazebo_msgs__rosidl_typesupport_c.dir/rosidl_typesupport_c/gazebo_msgs/srv/set_physics_properties__type_support.cpp.o[0m
[28.847s] [ 56%] [32mBuilding C object CMakeFiles/gazebo_msgs__rosidl_typesupport_introspection_c.dir/rosidl_typesupport_introspection_c/gazebo_msgs/srv/apply_joint_effort__type_support.c.o[0m
[28.891s] [ 57%] [32mBuilding CXX object CMakeFiles/gazebo_msgs__rosidl_typesupport_introspection_cpp.dir/rosidl_typesupport_introspection_cpp/gazebo_msgs/srv/set_joint_properties__type_support.cpp.o[0m
[28.896s] [ 57%] [32mBuilding CXX object CMakeFiles/gazebo_msgs__rosidl_typesupport_c.dir/rosidl_typesupport_c/gazebo_msgs/srv/spawn_entity__type_support.cpp.o[0m
[28.914s] [ 57%] [32mBuilding CXX object CMakeFiles/gazebo_msgs__rosidl_typesupport_cpp.dir/rosidl_typesupport_cpp/gazebo_msgs/srv/set_physics_properties__type_support.cpp.o[0m
[28.926s] [ 57%] [32mBuilding C object CMakeFiles/gazebo_msgs__rosidl_typesupport_introspection_c.dir/rosidl_typesupport_introspection_c/gazebo_msgs/srv/body_request__type_support.c.o[0m
[28.938s] [ 57%] [32mBuilding CXX object CMakeFiles/gazebo_msgs__rosidl_typesupport_c.dir/rosidl_typesupport_c/gazebo_msgs/srv/spawn_model__type_support.cpp.o[0m
[28.989s] [ 57%] [32mBuilding C object CMakeFiles/gazebo_msgs__rosidl_typesupport_introspection_c.dir/rosidl_typesupport_introspection_c/gazebo_msgs/srv/delete_entity__type_support.c.o[0m
[29.004s] [ 58%] [32mBuilding CXX object CMakeFiles/gazebo_msgs__rosidl_typesupport_cpp.dir/rosidl_typesupport_cpp/gazebo_msgs/srv/spawn_entity__type_support.cpp.o[0m
[29.026s] [ 59%] [32m[1mLinking CXX shared library libgazebo_msgs__rosidl_typesupport_c.so[0m
[29.036s] [ 60%] [32mBuilding C object CMakeFiles/gazebo_msgs__rosidl_typesupport_introspection_c.dir/rosidl_typesupport_introspection_c/gazebo_msgs/srv/delete_light__type_support.c.o[0m
[29.123s] [ 60%] [32mBuilding C object CMakeFiles/gazebo_msgs__rosidl_typesupport_introspection_c.dir/rosidl_typesupport_introspection_c/gazebo_msgs/srv/delete_model__type_support.c.o[0m
[29.138s] [ 60%] Built target gazebo_msgs__rosidl_typesupport_c
[29.171s] [ 61%] [32mBuilding CXX object CMakeFiles/gazebo_msgs__rosidl_typesupport_fastrtps_cpp.dir/rosidl_typesupport_fastrtps_cpp/gazebo_msgs/srv/dds_fastrtps/get_model_properties__type_support.cpp.o[0m
[29.180s] [ 61%] [32mBuilding C object CMakeFiles/gazebo_msgs__rosidl_typesupport_introspection_c.dir/rosidl_typesupport_introspection_c/gazebo_msgs/srv/get_joint_properties__type_support.c.o[0m
[29.210s] [ 61%] [32mBuilding CXX object CMakeFiles/gazebo_msgs__rosidl_typesupport_introspection_cpp.dir/rosidl_typesupport_introspection_cpp/gazebo_msgs/srv/set_joint_trajectory__type_support.cpp.o[0m
[29.229s] [ 61%] [32mBuilding CXX object CMakeFiles/gazebo_msgs__rosidl_typesupport_introspection_cpp.dir/rosidl_typesupport_introspection_cpp/gazebo_msgs/srv/set_light_properties__type_support.cpp.o[0m
[29.232s] [ 61%] [32mBuilding C object CMakeFiles/gazebo_msgs__rosidl_typesupport_introspection_c.dir/rosidl_typesupport_introspection_c/gazebo_msgs/srv/get_entity_state__type_support.c.o[0m
[29.254s] [ 61%] [32mBuilding CXX object CMakeFiles/gazebo_msgs__rosidl_typesupport_cpp.dir/rosidl_typesupport_cpp/gazebo_msgs/srv/spawn_model__type_support.cpp.o[0m
[29.269s] [ 61%] [32mBuilding CXX object CMakeFiles/gazebo_msgs__rosidl_typesupport_introspection_cpp.dir/rosidl_typesupport_introspection_cpp/gazebo_msgs/srv/set_link_properties__type_support.cpp.o[0m
[29.317s] [ 62%] [32mBuilding C object CMakeFiles/gazebo_msgs__rosidl_typesupport_introspection_c.dir/rosidl_typesupport_introspection_c/gazebo_msgs/srv/get_light_properties__type_support.c.o[0m
[29.439s] [ 62%] [32mBuilding C object CMakeFiles/gazebo_msgs__rosidl_typesupport_introspection_c.dir/rosidl_typesupport_introspection_c/gazebo_msgs/srv/get_link_properties__type_support.c.o[0m
[29.513s] [ 62%] [32mBuilding CXX object CMakeFiles/gazebo_msgs__rosidl_typesupport_introspection_cpp.dir/rosidl_typesupport_introspection_cpp/gazebo_msgs/srv/set_model_configuration__type_support.cpp.o[0m
[29.517s] [ 63%] [32mBuilding CXX object CMakeFiles/gazebo_msgs__rosidl_typesupport_introspection_cpp.dir/rosidl_typesupport_introspection_cpp/gazebo_msgs/srv/set_link_state__type_support.cpp.o[0m
[29.534s] [ 63%] [32mBuilding CXX object CMakeFiles/gazebo_msgs__rosidl_typesupport_fastrtps_cpp.dir/rosidl_typesupport_fastrtps_cpp/gazebo_msgs/srv/dds_fastrtps/get_model_state__type_support.cpp.o[0m
[29.539s] [ 63%] [32mBuilding C object CMakeFiles/gazebo_msgs__rosidl_typesupport_introspection_c.dir/rosidl_typesupport_introspection_c/gazebo_msgs/srv/get_link_state__type_support.c.o[0m
[29.588s] [ 63%] [32m[1mLinking CXX shared library libgazebo_msgs__rosidl_typesupport_cpp.so[0m
[29.614s] [ 64%] [32mBuilding C object CMakeFiles/gazebo_msgs__rosidl_typesupport_introspection_c.dir/rosidl_typesupport_introspection_c/gazebo_msgs/srv/get_model_list__type_support.c.o[0m
[29.622s] [ 64%] [32mBuilding CXX object CMakeFiles/gazebo_msgs__rosidl_typesupport_introspection_cpp.dir/rosidl_typesupport_introspection_cpp/gazebo_msgs/srv/set_model_state__type_support.cpp.o[0m
[29.690s] [ 64%] [32mBuilding C object CMakeFiles/gazebo_msgs__rosidl_typesupport_introspection_c.dir/rosidl_typesupport_introspection_c/gazebo_msgs/srv/get_model_properties__type_support.c.o[0m
[29.733s] [ 64%] [32mBuilding C object CMakeFiles/gazebo_msgs__rosidl_typesupport_introspection_c.dir/rosidl_typesupport_introspection_c/gazebo_msgs/srv/get_model_state__type_support.c.o[0m
[29.757s] [ 64%] Built target gazebo_msgs__rosidl_typesupport_cpp
[29.798s] [ 64%] [32mBuilding CXX object CMakeFiles/gazebo_msgs__rosidl_typesupport_fastrtps_cpp.dir/rosidl_typesupport_fastrtps_cpp/gazebo_msgs/srv/dds_fastrtps/get_physics_properties__type_support.cpp.o[0m
[29.818s] [ 64%] [32mBuilding C object CMakeFiles/gazebo_msgs__rosidl_typesupport_introspection_c.dir/rosidl_typesupport_introspection_c/gazebo_msgs/srv/get_physics_properties__type_support.c.o[0m
[29.834s] [ 65%] [32mBuilding CXX object CMakeFiles/gazebo_msgs__rosidl_typesupport_introspection_cpp.dir/rosidl_typesupport_introspection_cpp/gazebo_msgs/srv/set_physics_properties__type_support.cpp.o[0m
[29.837s] [ 65%] [32mBuilding CXX object CMakeFiles/gazebo_msgs__rosidl_typesupport_introspection_cpp.dir/rosidl_typesupport_introspection_cpp/gazebo_msgs/srv/spawn_entity__type_support.cpp.o[0m
[29.920s] [ 66%] [32mBuilding CXX object CMakeFiles/gazebo_msgs__rosidl_typesupport_fastrtps_cpp.dir/rosidl_typesupport_fastrtps_cpp/gazebo_msgs/srv/dds_fastrtps/get_world_properties__type_support.cpp.o[0m
[29.921s] [ 67%] [32mBuilding C object CMakeFiles/gazebo_msgs__rosidl_typesupport_introspection_c.dir/rosidl_typesupport_introspection_c/gazebo_msgs/srv/get_world_properties__type_support.c.o[0m
[29.979s] [ 67%] [32mBuilding CXX object CMakeFiles/gazebo_msgs__rosidl_typesupport_introspection_cpp.dir/rosidl_typesupport_introspection_cpp/gazebo_msgs/srv/spawn_model__type_support.cpp.o[0m
[29.989s] [ 67%] [32mBuilding C object CMakeFiles/gazebo_msgs__rosidl_typesupport_introspection_c.dir/rosidl_typesupport_introspection_c/gazebo_msgs/srv/joint_request__type_support.c.o[0m
[30.067s] [ 67%] [32mBuilding CXX object CMakeFiles/gazebo_msgs__rosidl_typesupport_fastrtps_cpp.dir/rosidl_typesupport_fastrtps_cpp/gazebo_msgs/srv/dds_fastrtps/joint_request__type_support.cpp.o[0m
[30.078s] [ 67%] [32mBuilding C object CMakeFiles/gazebo_msgs__rosidl_typesupport_introspection_c.dir/rosidl_typesupport_introspection_c/gazebo_msgs/srv/set_entity_state__type_support.c.o[0m
[30.154s] [ 67%] [32mBuilding CXX object CMakeFiles/gazebo_msgs__rosidl_typesupport_fastrtps_cpp.dir/rosidl_typesupport_fastrtps_cpp/gazebo_msgs/srv/dds_fastrtps/set_entity_state__type_support.cpp.o[0m
[30.196s] [ 68%] [32mBuilding C object CMakeFiles/gazebo_msgs__rosidl_typesupport_introspection_c.dir/rosidl_typesupport_introspection_c/gazebo_msgs/srv/set_joint_properties__type_support.c.o[0m
[30.229s] [ 68%] [32mBuilding C object CMakeFiles/gazebo_msgs__rosidl_typesupport_introspection_c.dir/rosidl_typesupport_introspection_c/gazebo_msgs/srv/set_joint_trajectory__type_support.c.o[0m
[30.269s] [ 69%] [32m[1mLinking CXX shared library libgazebo_msgs__rosidl_typesupport_introspection_cpp.so[0m
[30.270s] [ 69%] [32mBuilding C object CMakeFiles/gazebo_msgs__rosidl_typesupport_introspection_c.dir/rosidl_typesupport_introspection_c/gazebo_msgs/srv/set_light_properties__type_support.c.o[0m
[30.291s] [ 69%] [32mBuilding CXX object CMakeFiles/gazebo_msgs__rosidl_typesupport_fastrtps_cpp.dir/rosidl_typesupport_fastrtps_cpp/gazebo_msgs/srv/dds_fastrtps/set_joint_properties__type_support.cpp.o[0m
[30.359s] [ 70%] [32mBuilding C object CMakeFiles/gazebo_msgs__rosidl_typesupport_introspection_c.dir/rosidl_typesupport_introspection_c/gazebo_msgs/srv/set_link_properties__type_support.c.o[0m
[30.370s] [ 71%] [32mBuilding CXX object CMakeFiles/gazebo_msgs__rosidl_typesupport_fastrtps_cpp.dir/rosidl_typesupport_fastrtps_cpp/gazebo_msgs/srv/dds_fastrtps/set_joint_trajectory__type_support.cpp.o[0m
[30.426s] [ 71%] [32mBuilding C object CMakeFiles/gazebo_msgs__rosidl_typesupport_introspection_c.dir/rosidl_typesupport_introspection_c/gazebo_msgs/srv/set_link_state__type_support.c.o[0m
[30.435s] [ 71%] Built target gazebo_msgs__rosidl_typesupport_introspection_cpp
[30.463s] [ 71%] [32mBuilding C object CMakeFiles/gazebo_msgs__rosidl_typesupport_introspection_c.dir/rosidl_typesupport_introspection_c/gazebo_msgs/srv/set_model_configuration__type_support.c.o[0m
[30.501s] [ 71%] [32mBuilding C object CMakeFiles/gazebo_msgs__rosidl_typesupport_introspection_c.dir/rosidl_typesupport_introspection_c/gazebo_msgs/srv/set_model_state__type_support.c.o[0m
[30.538s] [ 72%] [32mBuilding C object CMakeFiles/gazebo_msgs__rosidl_typesupport_introspection_c.dir/rosidl_typesupport_introspection_c/gazebo_msgs/srv/set_physics_properties__type_support.c.o[0m
[30.577s] [ 72%] [32mBuilding C object CMakeFiles/gazebo_msgs__rosidl_typesupport_introspection_c.dir/rosidl_typesupport_introspection_c/gazebo_msgs/srv/spawn_entity__type_support.c.o[0m
[30.578s] [ 72%] [32mBuilding CXX object CMakeFiles/gazebo_msgs__rosidl_typesupport_fastrtps_cpp.dir/rosidl_typesupport_fastrtps_cpp/gazebo_msgs/srv/dds_fastrtps/set_link_properties__type_support.cpp.o[0m
[30.626s] [ 72%] [32mBuilding C object CMakeFiles/gazebo_msgs__rosidl_typesupport_introspection_c.dir/rosidl_typesupport_introspection_c/gazebo_msgs/srv/spawn_model__type_support.c.o[0m
[30.661s] [ 73%] [32m[1mLinking C shared library libgazebo_msgs__rosidl_typesupport_introspection_c.so[0m
[30.716s] [ 73%] Built target gazebo_msgs__rosidl_typesupport_introspection_c
[30.729s] [ 73%] [32mBuilding CXX object CMakeFiles/gazebo_msgs__rosidl_typesupport_fastrtps_cpp.dir/rosidl_typesupport_fastrtps_cpp/gazebo_msgs/srv/dds_fastrtps/set_model_configuration__type_support.cpp.o[0m
[30.786s] [ 73%] [32mBuilding CXX object CMakeFiles/gazebo_msgs__rosidl_typesupport_fastrtps_cpp.dir/rosidl_typesupport_fastrtps_cpp/gazebo_msgs/srv/dds_fastrtps/set_model_state__type_support.cpp.o[0m
[30.961s] [ 74%] [32mBuilding CXX object CMakeFiles/gazebo_msgs__rosidl_typesupport_fastrtps_cpp.dir/rosidl_typesupport_fastrtps_cpp/gazebo_msgs/srv/dds_fastrtps/set_physics_properties__type_support.cpp.o[0m
[31.119s] [ 74%] [32mBuilding CXX object CMakeFiles/gazebo_msgs__rosidl_typesupport_fastrtps_cpp.dir/rosidl_typesupport_fastrtps_cpp/gazebo_msgs/srv/dds_fastrtps/spawn_entity__type_support.cpp.o[0m
[31.124s] [ 74%] [32mBuilding CXX object CMakeFiles/gazebo_msgs__rosidl_typesupport_fastrtps_cpp.dir/rosidl_typesupport_fastrtps_cpp/gazebo_msgs/srv/dds_fastrtps/spawn_model__type_support.cpp.o[0m
[31.319s] [ 75%] [32mBuilding CXX object CMakeFiles/gazebo_msgs__rosidl_typesupport_fastrtps_cpp.dir/rosidl_typesupport_fastrtps_cpp/gazebo_msgs/srv/dds_fastrtps/set_link_state__type_support.cpp.o[0m
[31.448s] [ 75%] [32mBuilding CXX object CMakeFiles/gazebo_msgs__rosidl_typesupport_fastrtps_cpp.dir/rosidl_typesupport_fastrtps_cpp/gazebo_msgs/srv/dds_fastrtps/set_light_properties__type_support.cpp.o[0m
[31.755s] [ 75%] [32m[1mLinking CXX shared library libgazebo_msgs__rosidl_typesupport_fastrtps_cpp.so[0m
[31.876s] [ 75%] Built target gazebo_msgs__rosidl_typesupport_fastrtps_cpp
[31.889s] [ 76%] [34m[1mGenerating C type support for eProsima Fast-RTPS[0m
[36.942s] [35m[1mScanning dependencies of target gazebo_msgs__rosidl_typesupport_fastrtps_c[0m
[37.013s] [ 76%] [32mBuilding CXX object CMakeFiles/gazebo_msgs__rosidl_typesupport_fastrtps_c.dir/rosidl_typesupport_fastrtps_c/gazebo_msgs/msg/contact_state__type_support_c.cpp.o[0m
[37.013s] [ 76%] [32mBuilding CXX object CMakeFiles/gazebo_msgs__rosidl_typesupport_fastrtps_c.dir/rosidl_typesupport_fastrtps_c/gazebo_msgs/msg/contacts_state__type_support_c.cpp.o[0m
[37.020s] [ 77%] [32mBuilding CXX object CMakeFiles/gazebo_msgs__rosidl_typesupport_fastrtps_c.dir/rosidl_typesupport_fastrtps_c/gazebo_msgs/msg/entity_state__type_support_c.cpp.o[0m
[37.288s] [ 77%] [32mBuilding CXX object CMakeFiles/gazebo_msgs__rosidl_typesupport_fastrtps_c.dir/rosidl_typesupport_fastrtps_c/gazebo_msgs/msg/logical_camera_image__type_support_c.cpp.o[0m
[37.300s] [ 78%] [32mBuilding CXX object CMakeFiles/gazebo_msgs__rosidl_typesupport_fastrtps_c.dir/rosidl_typesupport_fastrtps_c/gazebo_msgs/msg/model_state__type_support_c.cpp.o[0m
[37.328s] [ 78%] [32mBuilding CXX object CMakeFiles/gazebo_msgs__rosidl_typesupport_fastrtps_c.dir/rosidl_typesupport_fastrtps_c/gazebo_msgs/msg/model_states__type_support_c.cpp.o[0m
[37.584s] [ 78%] [32mBuilding CXX object CMakeFiles/gazebo_msgs__rosidl_typesupport_fastrtps_c.dir/rosidl_typesupport_fastrtps_c/gazebo_msgs/msg/ode_joint_properties__type_support_c.cpp.o[0m
[37.614s] [ 79%] [32mBuilding CXX object CMakeFiles/gazebo_msgs__rosidl_typesupport_fastrtps_c.dir/rosidl_typesupport_fastrtps_c/gazebo_msgs/msg/ode_physics__type_support_c.cpp.o[0m
[37.656s] [ 79%] [32mBuilding CXX object CMakeFiles/gazebo_msgs__rosidl_typesupport_fastrtps_c.dir/rosidl_typesupport_fastrtps_c/gazebo_msgs/msg/world_state__type_support_c.cpp.o[0m
[37.869s] [ 79%] [32mBuilding CXX object CMakeFiles/gazebo_msgs__rosidl_typesupport_fastrtps_c.dir/rosidl_typesupport_fastrtps_c/gazebo_msgs/msg/link_states__type_support_c.cpp.o[0m
[37.870s] [ 79%] [32mBuilding CXX object CMakeFiles/gazebo_msgs__rosidl_typesupport_fastrtps_c.dir/rosidl_typesupport_fastrtps_c/gazebo_msgs/srv/apply_body_wrench__type_support_c.cpp.o[0m
[37.897s] [ 80%] [32mBuilding CXX object CMakeFiles/gazebo_msgs__rosidl_typesupport_fastrtps_c.dir/rosidl_typesupport_fastrtps_c/gazebo_msgs/srv/apply_joint_effort__type_support_c.cpp.o[0m
[37.957s] [ 80%] [32mBuilding CXX object CMakeFiles/gazebo_msgs__rosidl_typesupport_fastrtps_c.dir/rosidl_typesupport_fastrtps_c/gazebo_msgs/srv/body_request__type_support_c.cpp.o[0m
[38.202s] [ 80%] [32mBuilding CXX object CMakeFiles/gazebo_msgs__rosidl_typesupport_fastrtps_c.dir/rosidl_typesupport_fastrtps_c/gazebo_msgs/srv/delete_entity__type_support_c.cpp.o[0m
[38.206s] [ 80%] [32mBuilding CXX object CMakeFiles/gazebo_msgs__rosidl_typesupport_fastrtps_c.dir/rosidl_typesupport_fastrtps_c/gazebo_msgs/srv/delete_light__type_support_c.cpp.o[0m
[38.220s] [ 81%] [32mBuilding CXX object CMakeFiles/gazebo_msgs__rosidl_typesupport_fastrtps_c.dir/rosidl_typesupport_fastrtps_c/gazebo_msgs/srv/delete_model__type_support_c.cpp.o[0m
[38.263s] [ 81%] [32mBuilding CXX object CMakeFiles/gazebo_msgs__rosidl_typesupport_fastrtps_c.dir/rosidl_typesupport_fastrtps_c/gazebo_msgs/srv/get_joint_properties__type_support_c.cpp.o[0m
[38.504s] [ 81%] [32mBuilding CXX object CMakeFiles/gazebo_msgs__rosidl_typesupport_fastrtps_c.dir/rosidl_typesupport_fastrtps_c/gazebo_msgs/msg/link_state__type_support_c.cpp.o[0m
[38.504s] [ 81%] [32mBuilding CXX object CMakeFiles/gazebo_msgs__rosidl_typesupport_fastrtps_c.dir/rosidl_typesupport_fastrtps_c/gazebo_msgs/srv/get_entity_state__type_support_c.cpp.o[0m
[38.527s] [ 81%] [32mBuilding CXX object CMakeFiles/gazebo_msgs__rosidl_typesupport_fastrtps_c.dir/rosidl_typesupport_fastrtps_c/gazebo_msgs/srv/get_link_properties__type_support_c.cpp.o[0m
[38.563s] [ 81%] [32mBuilding CXX object CMakeFiles/gazebo_msgs__rosidl_typesupport_fastrtps_c.dir/rosidl_typesupport_fastrtps_c/gazebo_msgs/srv/get_link_state__type_support_c.cpp.o[0m
[38.799s] [ 82%] [32mBuilding CXX object CMakeFiles/gazebo_msgs__rosidl_typesupport_fastrtps_c.dir/rosidl_typesupport_fastrtps_c/gazebo_msgs/srv/get_model_list__type_support_c.cpp.o[0m
[38.823s] [ 82%] [32mBuilding CXX object CMakeFiles/gazebo_msgs__rosidl_typesupport_fastrtps_c.dir/rosidl_typesupport_fastrtps_c/gazebo_msgs/srv/get_model_properties__type_support_c.cpp.o[0m
[38.848s] [ 82%] [32mBuilding CXX object CMakeFiles/gazebo_msgs__rosidl_typesupport_fastrtps_c.dir/rosidl_typesupport_fastrtps_c/gazebo_msgs/srv/get_model_state__type_support_c.cpp.o[0m
[38.851s] [ 82%] [32mBuilding CXX object CMakeFiles/gazebo_msgs__rosidl_typesupport_fastrtps_c.dir/rosidl_typesupport_fastrtps_c/gazebo_msgs/srv/get_physics_properties__type_support_c.cpp.o[0m
[39.129s] [ 83%] [32mBuilding CXX object CMakeFiles/gazebo_msgs__rosidl_typesupport_fastrtps_c.dir/rosidl_typesupport_fastrtps_c/gazebo_msgs/srv/get_world_properties__type_support_c.cpp.o[0m
[39.129s] [ 84%] [32mBuilding CXX object CMakeFiles/gazebo_msgs__rosidl_typesupport_fastrtps_c.dir/rosidl_typesupport_fastrtps_c/gazebo_msgs/srv/get_light_properties__type_support_c.cpp.o[0m
[39.167s] [ 84%] [32mBuilding CXX object CMakeFiles/gazebo_msgs__rosidl_typesupport_fastrtps_c.dir/rosidl_typesupport_fastrtps_c/gazebo_msgs/srv/joint_request__type_support_c.cpp.o[0m
[39.174s] [ 84%] [32mBuilding CXX object CMakeFiles/gazebo_msgs__rosidl_typesupport_fastrtps_c.dir/rosidl_typesupport_fastrtps_c/gazebo_msgs/srv/set_entity_state__type_support_c.cpp.o[0m
[39.196s] [ 85%] [32mBuilding CXX object CMakeFiles/gazebo_msgs__rosidl_typesupport_fastrtps_c.dir/rosidl_typesupport_fastrtps_c/gazebo_msgs/srv/set_joint_properties__type_support_c.cpp.o[0m
[39.497s] [ 85%] [32mBuilding CXX object CMakeFiles/gazebo_msgs__rosidl_typesupport_fastrtps_c.dir/rosidl_typesupport_fastrtps_c/gazebo_msgs/srv/set_joint_trajectory__type_support_c.cpp.o[0m
[39.506s] [ 85%] [32mBuilding CXX object CMakeFiles/gazebo_msgs__rosidl_typesupport_fastrtps_c.dir/rosidl_typesupport_fastrtps_c/gazebo_msgs/srv/set_light_properties__type_support_c.cpp.o[0m
[39.525s] [ 86%] [32mBuilding CXX object CMakeFiles/gazebo_msgs__rosidl_typesupport_fastrtps_c.dir/rosidl_typesupport_fastrtps_c/gazebo_msgs/srv/set_link_properties__type_support_c.cpp.o[0m
[39.541s] [ 86%] [32mBuilding CXX object CMakeFiles/gazebo_msgs__rosidl_typesupport_fastrtps_c.dir/rosidl_typesupport_fastrtps_c/gazebo_msgs/srv/set_link_state__type_support_c.cpp.o[0m
[39.560s] [ 86%] [32mBuilding CXX object CMakeFiles/gazebo_msgs__rosidl_typesupport_fastrtps_c.dir/rosidl_typesupport_fastrtps_c/gazebo_msgs/srv/set_model_configuration__type_support_c.cpp.o[0m
[39.829s] [ 86%] [32mBuilding CXX object CMakeFiles/gazebo_msgs__rosidl_typesupport_fastrtps_c.dir/rosidl_typesupport_fastrtps_c/gazebo_msgs/srv/set_model_state__type_support_c.cpp.o[0m
[39.846s] [ 87%] [32mBuilding CXX object CMakeFiles/gazebo_msgs__rosidl_typesupport_fastrtps_c.dir/rosidl_typesupport_fastrtps_c/gazebo_msgs/srv/set_physics_properties__type_support_c.cpp.o[0m
[39.873s] [ 87%] [32mBuilding CXX object CMakeFiles/gazebo_msgs__rosidl_typesupport_fastrtps_c.dir/rosidl_typesupport_fastrtps_c/gazebo_msgs/srv/spawn_model__type_support_c.cpp.o[0m
[39.891s] [ 87%] [32mBuilding CXX object CMakeFiles/gazebo_msgs__rosidl_typesupport_fastrtps_c.dir/rosidl_typesupport_fastrtps_c/gazebo_msgs/srv/spawn_entity__type_support_c.cpp.o[0m
[40.209s] [ 88%] [32m[1mLinking CXX shared library libgazebo_msgs__rosidl_typesupport_fastrtps_c.so[0m
[40.333s] [ 88%] Built target gazebo_msgs__rosidl_typesupport_fastrtps_c
[40.344s] [35m[1mScanning dependencies of target gazebo_msgs[0m
[40.356s] [ 88%] Built target gazebo_msgs
[40.369s] [35m[1mScanning dependencies of target gazebo_msgs__py[0m
[40.383s] [ 88%] [34m[1mGenerating Python code for ROS interfaces[0m
[51.777s] [ 88%] Built target gazebo_msgs__py
[51.788s] [35m[1mScanning dependencies of target gazebo_msgs__python[0m
[51.878s] [ 88%] [32mBuilding C object CMakeFiles/gazebo_msgs__python.dir/rosidl_generator_py/gazebo_msgs/msg/_entity_state_s.c.o[0m
[51.878s] [ 89%] [32mBuilding C object CMakeFiles/gazebo_msgs__python.dir/rosidl_generator_py/gazebo_msgs/msg/_link_states_s.c.o[0m
[51.878s] [ 89%] [32mBuilding C object CMakeFiles/gazebo_msgs__python.dir/rosidl_generator_py/gazebo_msgs/msg/_logical_camera_image_s.c.o[0m
[51.879s] [ 89%] [32mBuilding C object CMakeFiles/gazebo_msgs__python.dir/rosidl_generator_py/gazebo_msgs/msg/_link_state_s.c.o[0m
[51.880s] [ 90%] [32mBuilding C object CMakeFiles/gazebo_msgs__python.dir/rosidl_generator_py/gazebo_msgs/msg/_contacts_state_s.c.o[0m
[51.883s] [ 90%] [32mBuilding C object CMakeFiles/gazebo_msgs__python.dir/rosidl_generator_py/gazebo_msgs/msg/_contact_state_s.c.o[0m
[51.958s] [ 90%] [32mBuilding C object CMakeFiles/gazebo_msgs__python.dir/rosidl_generator_py/gazebo_msgs/msg/_model_state_s.c.o[0m
[51.985s] [ 90%] [32mBuilding C object CMakeFiles/gazebo_msgs__python.dir/rosidl_generator_py/gazebo_msgs/msg/_model_states_s.c.o[0m
[51.986s] [ 90%] [32mBuilding C object CMakeFiles/gazebo_msgs__python.dir/rosidl_generator_py/gazebo_msgs/msg/_ode_physics_s.c.o[0m
[51.992s] [ 91%] [32mBuilding C object CMakeFiles/gazebo_msgs__python.dir/rosidl_generator_py/gazebo_msgs/msg/_ode_joint_properties_s.c.o[0m
[51.997s] [ 91%] [32mBuilding C object CMakeFiles/gazebo_msgs__python.dir/rosidl_generator_py/gazebo_msgs/msg/_world_state_s.c.o[0m
[52.026s] [ 92%] [32mBuilding C object CMakeFiles/gazebo_msgs__python.dir/rosidl_generator_py/gazebo_msgs/srv/_apply_body_wrench_s.c.o[0m
[52.041s] [ 92%] [32mBuilding C object CMakeFiles/gazebo_msgs__python.dir/rosidl_generator_py/gazebo_msgs/srv/_apply_joint_effort_s.c.o[0m
[52.069s] [ 92%] [32mBuilding C object CMakeFiles/gazebo_msgs__python.dir/rosidl_generator_py/gazebo_msgs/srv/_body_request_s.c.o[0m
[52.120s] [ 93%] [32mBuilding C object CMakeFiles/gazebo_msgs__python.dir/rosidl_generator_py/gazebo_msgs/srv/_delete_entity_s.c.o[0m
[52.131s] [ 93%] [32mBuilding C object CMakeFiles/gazebo_msgs__python.dir/rosidl_generator_py/gazebo_msgs/srv/_delete_light_s.c.o[0m
[52.150s] [ 93%] [32mBuilding C object CMakeFiles/gazebo_msgs__python.dir/rosidl_generator_py/gazebo_msgs/srv/_delete_model_s.c.o[0m
[52.155s] [ 93%] [32mBuilding C object CMakeFiles/gazebo_msgs__python.dir/rosidl_generator_py/gazebo_msgs/srv/_get_joint_properties_s.c.o[0m
[52.177s] [ 94%] [32mBuilding C object CMakeFiles/gazebo_msgs__python.dir/rosidl_generator_py/gazebo_msgs/srv/_get_entity_state_s.c.o[0m
[52.236s] [ 94%] [32mBuilding C object CMakeFiles/gazebo_msgs__python.dir/rosidl_generator_py/gazebo_msgs/srv/_get_link_properties_s.c.o[0m
[52.238s] [ 95%] [32mBuilding C object CMakeFiles/gazebo_msgs__python.dir/rosidl_generator_py/gazebo_msgs/srv/_get_link_state_s.c.o[0m
[52.247s] [ 95%] [32mBuilding C object CMakeFiles/gazebo_msgs__python.dir/rosidl_generator_py/gazebo_msgs/srv/_get_light_properties_s.c.o[0m
[52.257s] [ 95%] [32mBuilding C object CMakeFiles/gazebo_msgs__python.dir/rosidl_generator_py/gazebo_msgs/srv/_get_model_list_s.c.o[0m
[52.264s] [ 95%] [32mBuilding C object CMakeFiles/gazebo_msgs__python.dir/rosidl_generator_py/gazebo_msgs/srv/_get_model_properties_s.c.o[0m
[52.348s] [ 95%] [32mBuilding C object CMakeFiles/gazebo_msgs__python.dir/rosidl_generator_py/gazebo_msgs/srv/_get_physics_properties_s.c.o[0m
[52.349s] [ 96%] [32mBuilding C object CMakeFiles/gazebo_msgs__python.dir/rosidl_generator_py/gazebo_msgs/srv/_get_model_state_s.c.o[0m
[52.349s] [ 96%] [32mBuilding C object CMakeFiles/gazebo_msgs__python.dir/rosidl_generator_py/gazebo_msgs/srv/_get_world_properties_s.c.o[0m
[52.354s] [ 96%] [32mBuilding C object CMakeFiles/gazebo_msgs__python.dir/rosidl_generator_py/gazebo_msgs/srv/_joint_request_s.c.o[0m
[52.371s] [ 97%] [32mBuilding C object CMakeFiles/gazebo_msgs__python.dir/rosidl_generator_py/gazebo_msgs/srv/_set_entity_state_s.c.o[0m
[52.461s] [ 97%] [32mBuilding C object CMakeFiles/gazebo_msgs__python.dir/rosidl_generator_py/gazebo_msgs/srv/_set_joint_properties_s.c.o[0m
[52.461s] [ 97%] [32mBuilding C object CMakeFiles/gazebo_msgs__python.dir/rosidl_generator_py/gazebo_msgs/srv/_set_link_properties_s.c.o[0m
[52.461s] [ 97%] [32mBuilding C object CMakeFiles/gazebo_msgs__python.dir/rosidl_generator_py/gazebo_msgs/srv/_set_joint_trajectory_s.c.o[0m
[52.463s] [ 98%] [32mBuilding C object CMakeFiles/gazebo_msgs__python.dir/rosidl_generator_py/gazebo_msgs/srv/_set_light_properties_s.c.o[0m
[52.469s] [ 98%] [32mBuilding C object CMakeFiles/gazebo_msgs__python.dir/rosidl_generator_py/gazebo_msgs/srv/_set_link_state_s.c.o[0m
[52.526s] [ 99%] [32mBuilding C object CMakeFiles/gazebo_msgs__python.dir/rosidl_generator_py/gazebo_msgs/srv/_set_model_configuration_s.c.o[0m
[52.559s] [ 99%] [32mBuilding C object CMakeFiles/gazebo_msgs__python.dir/rosidl_generator_py/gazebo_msgs/srv/_set_physics_properties_s.c.o[0m
[52.561s] [ 99%] [32mBuilding C object CMakeFiles/gazebo_msgs__python.dir/rosidl_generator_py/gazebo_msgs/srv/_set_model_state_s.c.o[0m
[52.571s] [ 99%] [32mBuilding C object CMakeFiles/gazebo_msgs__python.dir/rosidl_generator_py/gazebo_msgs/srv/_spawn_entity_s.c.o[0m
[52.573s] [100%] [32mBuilding C object CMakeFiles/gazebo_msgs__python.dir/rosidl_generator_py/gazebo_msgs/srv/_spawn_model_s.c.o[0m
[52.684s] [100%] [32m[1mLinking C shared library rosidl_generator_py/gazebo_msgs/libgazebo_msgs__python.so[0m
[52.748s] [100%] Built target gazebo_msgs__python
[52.759s] [35m[1mScanning dependencies of target gazebo_msgs__rosidl_typesupport_c__pyext[0m
[52.759s] [35m[1mScanning dependencies of target gazebo_msgs__rosidl_typesupport_fastrtps_c__pyext[0m
[52.759s] [35m[1mScanning dependencies of target gazebo_msgs__rosidl_typesupport_introspection_c__pyext[0m
[52.788s] [100%] [32mBuilding C object CMakeFiles/gazebo_msgs__rosidl_typesupport_c__pyext.dir/rosidl_generator_py/gazebo_msgs/_gazebo_msgs_s.ep.rosidl_typesupport_c.c.o[0m
[52.792s] [100%] [32mBuilding C object CMakeFiles/gazebo_msgs__rosidl_typesupport_introspection_c__pyext.dir/rosidl_generator_py/gazebo_msgs/_gazebo_msgs_s.ep.rosidl_typesupport_introspection_c.c.o[0m
[52.797s] [100%] [32mBuilding C object CMakeFiles/gazebo_msgs__rosidl_typesupport_fastrtps_c__pyext.dir/rosidl_generator_py/gazebo_msgs/_gazebo_msgs_s.ep.rosidl_typesupport_fastrtps_c.c.o[0m
[53.118s] [100%] [32m[1mLinking C shared library rosidl_generator_py/gazebo_msgs/gazebo_msgs_s__rosidl_typesupport_c.cpython-36m-x86_64-linux-gnu.so[0m
[53.128s] [100%] [32m[1mLinking C shared library rosidl_generator_py/gazebo_msgs/gazebo_msgs_s__rosidl_typesupport_fastrtps_c.cpython-36m-x86_64-linux-gnu.so[0m
[53.131s] [100%] [32m[1mLinking C shared library rosidl_generator_py/gazebo_msgs/gazebo_msgs_s__rosidl_typesupport_introspection_c.cpython-36m-x86_64-linux-gnu.so[0m
[53.200s] [100%] Built target gazebo_msgs__rosidl_typesupport_c__pyext
[53.213s] [100%] Built target gazebo_msgs__rosidl_typesupport_introspection_c__pyext
[53.235s] [100%] Built target gazebo_msgs__rosidl_typesupport_fastrtps_c__pyext
