[  1%] Built target turtlebot3_msgs__cpp
[ 12%] Built target turtlebot3_msgs__rosidl_generator_c
[ 23%] Built target turtlebot3_msgs__rosidl_typesupport_fastrtps_cpp
[ 35%] Built target turtlebot3_msgs__rosidl_typesupport_introspection_cpp
[ 46%] Built target turtlebot3_msgs__rosidl_typesupport_cpp
[ 57%] Built target turtlebot3_msgs__rosidl_typesupport_c
[ 69%] Built target turtlebot3_msgs__rosidl_typesupport_fastrtps_c
[ 80%] Built target turtlebot3_msgs__rosidl_typesupport_introspection_c
[ 80%] Built target turtlebot3_msgs
[ 81%] Built target turtlebot3_msgs__py
[ 91%] Built target turtlebot3_msgs__python
[ 94%] Built target turtlebot3_msgs__rosidl_typesupport_introspection_c__pyext
[ 97%] Built target turtlebot3_msgs__rosidl_typesupport_c__pyext
[100%] Built target turtlebot3_msgs__rosidl_typesupport_fastrtps_c__pyext
[  1%] Built target turtlebot3_msgs__cpp
[ 12%] Built target turtlebot3_msgs__rosidl_generator_c
[ 32%] Built target turtlebot3_msgs__rosidl_typesupport_introspection_c
[ 35%] Built target turtlebot3_msgs__rosidl_typesupport_cpp
[ 46%] Built target turtlebot3_msgs__rosidl_typesupport_fastrtps_cpp
[ 57%] Built target turtlebot3_msgs__rosidl_typesupport_c
[ 69%] Built target turtlebot3_msgs__rosidl_typesupport_introspection_cpp
[ 80%] Built target turtlebot3_msgs__rosidl_typesupport_fastrtps_c
[ 80%] Built target turtlebot3_msgs
[ 81%] Built target turtlebot3_msgs__py
[ 91%] Built target turtlebot3_msgs__python
[ 94%] Built target turtlebot3_msgs__rosidl_typesupport_introspection_c__pyext
[ 97%] Built target turtlebot3_msgs__rosidl_typesupport_fastrtps_c__pyext
[100%] Built target turtlebot3_msgs__rosidl_typesupport_c__pyext
[36mInstall the project...[0m
-- Install configuration: ""
-- Installing: /home/iju/new_ws/S08P31C208/ROS/robot_ws/install/turtlebot3_msgs/share/ament_index/resource_index/rosidl_interfaces/turtlebot3_msgs
-- Installing: /home/iju/new_ws/S08P31C208/ROS/robot_ws/install/turtlebot3_msgs/include/turtlebot3_msgs
-- Installing: /home/iju/new_ws/S08P31C208/ROS/robot_ws/install/turtlebot3_msgs/include/turtlebot3_msgs/action
-- Installing: /home/iju/new_ws/S08P31C208/ROS/robot_ws/install/turtlebot3_msgs/include/turtlebot3_msgs/action/patrol.hpp
-- Installing: /home/iju/new_ws/S08P31C208/ROS/robot_ws/install/turtlebot3_msgs/include/turtlebot3_msgs/action/patrol__struct.hpp
-- Installing: /home/iju/new_ws/S08P31C208/ROS/robot_ws/install/turtlebot3_msgs/include/turtlebot3_msgs/action/patrol__traits.hpp
-- Installing: /home/iju/new_ws/S08P31C208/ROS/robot_ws/install/turtlebot3_msgs/include/turtlebot3_msgs/srv
-- Installing: /home/iju/new_ws/S08P31C208/ROS/robot_ws/install/turtlebot3_msgs/include/turtlebot3_msgs/srv/dqn__struct.hpp
-- Installing: /home/iju/new_ws/S08P31C208/ROS/robot_ws/install/turtlebot3_msgs/include/turtlebot3_msgs/srv/sound__traits.hpp
-- Installing: /home/iju/new_ws/S08P31C208/ROS/robot_ws/install/turtlebot3_msgs/include/turtlebot3_msgs/srv/dqn__traits.hpp
-- Installing: /home/iju/new_ws/S08P31C208/ROS/robot_ws/install/turtlebot3_msgs/include/turtlebot3_msgs/srv/sound.hpp
-- Installing: /home/iju/new_ws/S08P31C208/ROS/robot_ws/install/turtlebot3_msgs/include/turtlebot3_msgs/srv/sound__struct.hpp
-- Installing: /home/iju/new_ws/S08P31C208/ROS/robot_ws/install/turtlebot3_msgs/include/turtlebot3_msgs/srv/dqn.hpp
-- Installing: /home/iju/new_ws/S08P31C208/ROS/robot_ws/install/turtlebot3_msgs/include/turtlebot3_msgs/msg
-- Installing: /home/iju/new_ws/S08P31C208/ROS/robot_ws/install/turtlebot3_msgs/include/turtlebot3_msgs/msg/sensor_state__struct.hpp
-- Installing: /home/iju/new_ws/S08P31C208/ROS/robot_ws/install/turtlebot3_msgs/include/turtlebot3_msgs/msg/sound__traits.hpp
-- Installing: /home/iju/new_ws/S08P31C208/ROS/robot_ws/install/turtlebot3_msgs/include/turtlebot3_msgs/msg/version_info.hpp
-- Installing: /home/iju/new_ws/S08P31C208/ROS/robot_ws/install/turtlebot3_msgs/include/turtlebot3_msgs/msg/version_info__traits.hpp
-- Installing: /home/iju/new_ws/S08P31C208/ROS/robot_ws/install/turtlebot3_msgs/include/turtlebot3_msgs/msg/sensor_state__traits.hpp
-- Installing: /home/iju/new_ws/S08P31C208/ROS/robot_ws/install/turtlebot3_msgs/include/turtlebot3_msgs/msg/sensor_state.hpp
-- Installing: /home/iju/new_ws/S08P31C208/ROS/robot_ws/install/turtlebot3_msgs/include/turtlebot3_msgs/msg/sound.hpp
-- Installing: /home/iju/new_ws/S08P31C208/ROS/robot_ws/install/turtlebot3_msgs/include/turtlebot3_msgs/msg/version_info__struct.hpp
-- Installing: /home/iju/new_ws/S08P31C208/ROS/robot_ws/install/turtlebot3_msgs/include/turtlebot3_msgs/msg/sound__struct.hpp
-- Up-to-date: /home/iju/new_ws/S08P31C208/ROS/robot_ws/install/turtlebot3_msgs/include/turtlebot3_msgs
-- Up-to-date: /home/iju/new_ws/S08P31C208/ROS/robot_ws/install/turtlebot3_msgs/include/turtlebot3_msgs/action
-- Installing: /home/iju/new_ws/S08P31C208/ROS/robot_ws/install/turtlebot3_msgs/include/turtlebot3_msgs/action/patrol__struct.h
-- Installing: /home/iju/new_ws/S08P31C208/ROS/robot_ws/install/turtlebot3_msgs/include/turtlebot3_msgs/action/patrol__functions.c
-- Installing: /home/iju/new_ws/S08P31C208/ROS/robot_ws/install/turtlebot3_msgs/include/turtlebot3_msgs/action/patrol__functions.h
-- Installing: /home/iju/new_ws/S08P31C208/ROS/robot_ws/install/turtlebot3_msgs/include/turtlebot3_msgs/action/patrol__type_support.h
-- Installing: /home/iju/new_ws/S08P31C208/ROS/robot_ws/install/turtlebot3_msgs/include/turtlebot3_msgs/action/patrol.h
-- Up-to-date: /home/iju/new_ws/S08P31C208/ROS/robot_ws/install/turtlebot3_msgs/include/turtlebot3_msgs/srv
-- Installing: /home/iju/new_ws/S08P31C208/ROS/robot_ws/install/turtlebot3_msgs/include/turtlebot3_msgs/srv/sound.h
-- Installing: /home/iju/new_ws/S08P31C208/ROS/robot_ws/install/turtlebot3_msgs/include/turtlebot3_msgs/srv/dqn.h
-- Installing: /home/iju/new_ws/S08P31C208/ROS/robot_ws/install/turtlebot3_msgs/include/turtlebot3_msgs/srv/sound__functions.h
-- Installing: /home/iju/new_ws/S08P31C208/ROS/robot_ws/install/turtlebot3_msgs/include/turtlebot3_msgs/srv/sound__functions.c
-- Installing: /home/iju/new_ws/S08P31C208/ROS/robot_ws/install/turtlebot3_msgs/include/turtlebot3_msgs/srv/sound__type_support.h
-- Installing: /home/iju/new_ws/S08P31C208/ROS/robot_ws/install/turtlebot3_msgs/include/turtlebot3_msgs/srv/dqn__type_support.h
-- Installing: /home/iju/new_ws/S08P31C208/ROS/robot_ws/install/turtlebot3_msgs/include/turtlebot3_msgs/srv/dqn__struct.h
-- Installing: /home/iju/new_ws/S08P31C208/ROS/robot_ws/install/turtlebot3_msgs/include/turtlebot3_msgs/srv/sound__struct.h
-- Installing: /home/iju/new_ws/S08P31C208/ROS/robot_ws/install/turtlebot3_msgs/include/turtlebot3_msgs/srv/dqn__functions.h
-- Installing: /home/iju/new_ws/S08P31C208/ROS/robot_ws/install/turtlebot3_msgs/include/turtlebot3_msgs/srv/dqn__functions.c
-- Up-to-date: /home/iju/new_ws/S08P31C208/ROS/robot_ws/install/turtlebot3_msgs/include/turtlebot3_msgs/msg
-- Installing: /home/iju/new_ws/S08P31C208/ROS/robot_ws/install/turtlebot3_msgs/include/turtlebot3_msgs/msg/sensor_state.h
-- Installing: /home/iju/new_ws/S08P31C208/ROS/robot_ws/install/turtlebot3_msgs/include/turtlebot3_msgs/msg/sound.h
-- Installing: /home/iju/new_ws/S08P31C208/ROS/robot_ws/install/turtlebot3_msgs/include/turtlebot3_msgs/msg/version_info.h
-- Installing: /home/iju/new_ws/S08P31C208/ROS/robot_ws/install/turtlebot3_msgs/include/turtlebot3_msgs/msg/version_info__functions.h
-- Installing: /home/iju/new_ws/S08P31C208/ROS/robot_ws/install/turtlebot3_msgs/include/turtlebot3_msgs/msg/version_info__functions.c
-- Installing: /home/iju/new_ws/S08P31C208/ROS/robot_ws/install/turtlebot3_msgs/include/turtlebot3_msgs/msg/sound__functions.h
-- Installing: /home/iju/new_ws/S08P31C208/ROS/robot_ws/install/turtlebot3_msgs/include/turtlebot3_msgs/msg/version_info__struct.h
-- Installing: /home/iju/new_ws/S08P31C208/ROS/robot_ws/install/turtlebot3_msgs/include/turtlebot3_msgs/msg/sensor_state__functions.h
-- Installing: /home/iju/new_ws/S08P31C208/ROS/robot_ws/install/turtlebot3_msgs/include/turtlebot3_msgs/msg/sound__functions.c
-- Installing: /home/iju/new_ws/S08P31C208/ROS/robot_ws/install/turtlebot3_msgs/include/turtlebot3_msgs/msg/sensor_state__type_support.h
-- Installing: /home/iju/new_ws/S08P31C208/ROS/robot_ws/install/turtlebot3_msgs/include/turtlebot3_msgs/msg/sound__type_support.h
-- Installing: /home/iju/new_ws/S08P31C208/ROS/robot_ws/install/turtlebot3_msgs/include/turtlebot3_msgs/msg/rosidl_generator_c__visibility_control.h
-- Installing: /home/iju/new_ws/S08P31C208/ROS/robot_ws/install/turtlebot3_msgs/include/turtlebot3_msgs/msg/sensor_state__struct.h
-- Installing: /home/iju/new_ws/S08P31C208/ROS/robot_ws/install/turtlebot3_msgs/include/turtlebot3_msgs/msg/version_info__type_support.h
-- Installing: /home/iju/new_ws/S08P31C208/ROS/robot_ws/install/turtlebot3_msgs/include/turtlebot3_msgs/msg/sensor_state__functions.c
-- Installing: /home/iju/new_ws/S08P31C208/ROS/robot_ws/install/turtlebot3_msgs/include/turtlebot3_msgs/msg/sound__struct.h
-- Installing: /home/iju/new_ws/S08P31C208/ROS/robot_ws/install/turtlebot3_msgs/share/turtlebot3_msgs/environment/library_path.sh
-- Installing: /home/iju/new_ws/S08P31C208/ROS/robot_ws/install/turtlebot3_msgs/lib/libturtlebot3_msgs__rosidl_generator_c.so
-- Set runtime path of "/home/iju/new_ws/S08P31C208/ROS/robot_ws/install/turtlebot3_msgs/lib/libturtlebot3_msgs__rosidl_generator_c.so" to ""
-- Installing: /home/iju/new_ws/S08P31C208/ROS/robot_ws/install/turtlebot3_msgs/lib/libturtlebot3_msgs__rosidl_typesupport_c.so
-- Set runtime path of "/home/iju/new_ws/S08P31C208/ROS/robot_ws/install/turtlebot3_msgs/lib/libturtlebot3_msgs__rosidl_typesupport_c.so" to ""
-- Installing: /home/iju/new_ws/S08P31C208/ROS/robot_ws/install/turtlebot3_msgs/lib/libturtlebot3_msgs__rosidl_typesupport_cpp.so
-- Set runtime path of "/home/iju/new_ws/S08P31C208/ROS/robot_ws/install/turtlebot3_msgs/lib/libturtlebot3_msgs__rosidl_typesupport_cpp.so" to ""
-- Up-to-date: /home/iju/new_ws/S08P31C208/ROS/robot_ws/install/turtlebot3_msgs/include/turtlebot3_msgs
-- Up-to-date: /home/iju/new_ws/S08P31C208/ROS/robot_ws/install/turtlebot3_msgs/include/turtlebot3_msgs/action
-- Installing: /home/iju/new_ws/S08P31C208/ROS/robot_ws/install/turtlebot3_msgs/include/turtlebot3_msgs/action/patrol__type_support.c
-- Installing: /home/iju/new_ws/S08P31C208/ROS/robot_ws/install/turtlebot3_msgs/include/turtlebot3_msgs/action/patrol__rosidl_typesupport_introspection_c.h
-- Up-to-date: /home/iju/new_ws/S08P31C208/ROS/robot_ws/install/turtlebot3_msgs/include/turtlebot3_msgs/srv
-- Installing: /home/iju/new_ws/S08P31C208/ROS/robot_ws/install/turtlebot3_msgs/include/turtlebot3_msgs/srv/sound__rosidl_typesupport_introspection_c.h
-- Installing: /home/iju/new_ws/S08P31C208/ROS/robot_ws/install/turtlebot3_msgs/include/turtlebot3_msgs/srv/dqn__type_support.c
-- Installing: /home/iju/new_ws/S08P31C208/ROS/robot_ws/install/turtlebot3_msgs/include/turtlebot3_msgs/srv/dqn__rosidl_typesupport_introspection_c.h
-- Installing: /home/iju/new_ws/S08P31C208/ROS/robot_ws/install/turtlebot3_msgs/include/turtlebot3_msgs/srv/sound__type_support.c
-- Up-to-date: /home/iju/new_ws/S08P31C208/ROS/robot_ws/install/turtlebot3_msgs/include/turtlebot3_msgs/msg
-- Installing: /home/iju/new_ws/S08P31C208/ROS/robot_ws/install/turtlebot3_msgs/include/turtlebot3_msgs/msg/sound__rosidl_typesupport_introspection_c.h
-- Installing: /home/iju/new_ws/S08P31C208/ROS/robot_ws/install/turtlebot3_msgs/include/turtlebot3_msgs/msg/sensor_state__rosidl_typesupport_introspection_c.h
-- Installing: /home/iju/new_ws/S08P31C208/ROS/robot_ws/install/turtlebot3_msgs/include/turtlebot3_msgs/msg/version_info__rosidl_typesupport_introspection_c.h
-- Installing: /home/iju/new_ws/S08P31C208/ROS/robot_ws/install/turtlebot3_msgs/include/turtlebot3_msgs/msg/version_info__type_support.c
-- Installing: /home/iju/new_ws/S08P31C208/ROS/robot_ws/install/turtlebot3_msgs/include/turtlebot3_msgs/msg/rosidl_typesupport_introspection_c__visibility_control.h
-- Installing: /home/iju/new_ws/S08P31C208/ROS/robot_ws/install/turtlebot3_msgs/include/turtlebot3_msgs/msg/sensor_state__type_support.c
-- Installing: /home/iju/new_ws/S08P31C208/ROS/robot_ws/install/turtlebot3_msgs/include/turtlebot3_msgs/msg/sound__type_support.c
-- Installing: /home/iju/new_ws/S08P31C208/ROS/robot_ws/install/turtlebot3_msgs/lib/libturtlebot3_msgs__rosidl_typesupport_introspection_c.so
-- Set runtime path of "/home/iju/new_ws/S08P31C208/ROS/robot_ws/install/turtlebot3_msgs/lib/libturtlebot3_msgs__rosidl_typesupport_introspection_c.so" to ""
-- Up-to-date: /home/iju/new_ws/S08P31C208/ROS/robot_ws/install/turtlebot3_msgs/include/turtlebot3_msgs
-- Up-to-date: /home/iju/new_ws/S08P31C208/ROS/robot_ws/install/turtlebot3_msgs/include/turtlebot3_msgs/action
-- Installing: /home/iju/new_ws/S08P31C208/ROS/robot_ws/install/turtlebot3_msgs/include/turtlebot3_msgs/action/patrol__type_support.cpp
-- Installing: /home/iju/new_ws/S08P31C208/ROS/robot_ws/install/turtlebot3_msgs/include/turtlebot3_msgs/action/patrol__rosidl_typesupport_introspection_cpp.hpp
-- Up-to-date: /home/iju/new_ws/S08P31C208/ROS/robot_ws/install/turtlebot3_msgs/include/turtlebot3_msgs/srv
-- Installing: /home/iju/new_ws/S08P31C208/ROS/robot_ws/install/turtlebot3_msgs/include/turtlebot3_msgs/srv/sound__type_support.cpp
-- Installing: /home/iju/new_ws/S08P31C208/ROS/robot_ws/install/turtlebot3_msgs/include/turtlebot3_msgs/srv/dqn__type_support.cpp
-- Installing: /home/iju/new_ws/S08P31C208/ROS/robot_ws/install/turtlebot3_msgs/include/turtlebot3_msgs/srv/sound__rosidl_typesupport_introspection_cpp.hpp
-- Installing: /home/iju/new_ws/S08P31C208/ROS/robot_ws/install/turtlebot3_msgs/include/turtlebot3_msgs/srv/dqn__rosidl_typesupport_introspection_cpp.hpp
-- Up-to-date: /home/iju/new_ws/S08P31C208/ROS/robot_ws/install/turtlebot3_msgs/include/turtlebot3_msgs/msg
-- Installing: /home/iju/new_ws/S08P31C208/ROS/robot_ws/install/turtlebot3_msgs/include/turtlebot3_msgs/msg/sensor_state__type_support.cpp
-- Installing: /home/iju/new_ws/S08P31C208/ROS/robot_ws/install/turtlebot3_msgs/include/turtlebot3_msgs/msg/version_info__rosidl_typesupport_introspection_cpp.hpp
-- Installing: /home/iju/new_ws/S08P31C208/ROS/robot_ws/install/turtlebot3_msgs/include/turtlebot3_msgs/msg/sound__type_support.cpp
-- Installing: /home/iju/new_ws/S08P31C208/ROS/robot_ws/install/turtlebot3_msgs/include/turtlebot3_msgs/msg/version_info__type_support.cpp
-- Installing: /home/iju/new_ws/S08P31C208/ROS/robot_ws/install/turtlebot3_msgs/include/turtlebot3_msgs/msg/sound__rosidl_typesupport_introspection_cpp.hpp
-- Installing: /home/iju/new_ws/S08P31C208/ROS/robot_ws/install/turtlebot3_msgs/include/turtlebot3_msgs/msg/sensor_state__rosidl_typesupport_introspection_cpp.hpp
-- Installing: /home/iju/new_ws/S08P31C208/ROS/robot_ws/install/turtlebot3_msgs/lib/libturtlebot3_msgs__rosidl_typesupport_introspection_cpp.so
-- Set runtime path of "/home/iju/new_ws/S08P31C208/ROS/robot_ws/install/turtlebot3_msgs/lib/libturtlebot3_msgs__rosidl_typesupport_introspection_cpp.so" to ""
-- Up-to-date: /home/iju/new_ws/S08P31C208/ROS/robot_ws/install/turtlebot3_msgs/include/turtlebot3_msgs
-- Up-to-date: /home/iju/new_ws/S08P31C208/ROS/robot_ws/install/turtlebot3_msgs/include/turtlebot3_msgs/action
-- Installing: /home/iju/new_ws/S08P31C208/ROS/robot_ws/install/turtlebot3_msgs/include/turtlebot3_msgs/action/patrol__rosidl_typesupport_fastrtps_c.h
-- Up-to-date: /home/iju/new_ws/S08P31C208/ROS/robot_ws/install/turtlebot3_msgs/include/turtlebot3_msgs/srv
-- Installing: /home/iju/new_ws/S08P31C208/ROS/robot_ws/install/turtlebot3_msgs/include/turtlebot3_msgs/srv/sound__rosidl_typesupport_fastrtps_c.h
-- Installing: /home/iju/new_ws/S08P31C208/ROS/robot_ws/install/turtlebot3_msgs/include/turtlebot3_msgs/srv/dqn__rosidl_typesupport_fastrtps_c.h
-- Up-to-date: /home/iju/new_ws/S08P31C208/ROS/robot_ws/install/turtlebot3_msgs/include/turtlebot3_msgs/msg
-- Installing: /home/iju/new_ws/S08P31C208/ROS/robot_ws/install/turtlebot3_msgs/include/turtlebot3_msgs/msg/sound__rosidl_typesupport_fastrtps_c.h
-- Installing: /home/iju/new_ws/S08P31C208/ROS/robot_ws/install/turtlebot3_msgs/include/turtlebot3_msgs/msg/sensor_state__rosidl_typesupport_fastrtps_c.h
-- Installing: /home/iju/new_ws/S08P31C208/ROS/robot_ws/install/turtlebot3_msgs/include/turtlebot3_msgs/msg/version_info__rosidl_typesupport_fastrtps_c.h
-- Installing: /home/iju/new_ws/S08P31C208/ROS/robot_ws/install/turtlebot3_msgs/include/turtlebot3_msgs/msg/rosidl_typesupport_fastrtps_c__visibility_control.h
-- Installing: /home/iju/new_ws/S08P31C208/ROS/robot_ws/install/turtlebot3_msgs/lib/libturtlebot3_msgs__rosidl_typesupport_fastrtps_c.so
-- Set runtime path of "/home/iju/new_ws/S08P31C208/ROS/robot_ws/install/turtlebot3_msgs/lib/libturtlebot3_msgs__rosidl_typesupport_fastrtps_c.so" to ""
-- Up-to-date: /home/iju/new_ws/S08P31C208/ROS/robot_ws/install/turtlebot3_msgs/include/turtlebot3_msgs
-- Up-to-date: /home/iju/new_ws/S08P31C208/ROS/robot_ws/install/turtlebot3_msgs/include/turtlebot3_msgs/action
-- Installing: /home/iju/new_ws/S08P31C208/ROS/robot_ws/install/turtlebot3_msgs/include/turtlebot3_msgs/action/patrol__rosidl_typesupport_fastrtps_cpp.hpp
-- Installing: /home/iju/new_ws/S08P31C208/ROS/robot_ws/install/turtlebot3_msgs/include/turtlebot3_msgs/action/dds_fastrtps
-- Up-to-date: /home/iju/new_ws/S08P31C208/ROS/robot_ws/install/turtlebot3_msgs/include/turtlebot3_msgs/srv
-- Installing: /home/iju/new_ws/S08P31C208/ROS/robot_ws/install/turtlebot3_msgs/include/turtlebot3_msgs/srv/sound__rosidl_typesupport_fastrtps_cpp.hpp
-- Installing: /home/iju/new_ws/S08P31C208/ROS/robot_ws/install/turtlebot3_msgs/include/turtlebot3_msgs/srv/dqn__rosidl_typesupport_fastrtps_cpp.hpp
-- Installing: /home/iju/new_ws/S08P31C208/ROS/robot_ws/install/turtlebot3_msgs/include/turtlebot3_msgs/srv/dds_fastrtps
-- Up-to-date: /home/iju/new_ws/S08P31C208/ROS/robot_ws/install/turtlebot3_msgs/include/turtlebot3_msgs/msg
-- Installing: /home/iju/new_ws/S08P31C208/ROS/robot_ws/install/turtlebot3_msgs/include/turtlebot3_msgs/msg/sound__rosidl_typesupport_fastrtps_cpp.hpp
-- Installing: /home/iju/new_ws/S08P31C208/ROS/robot_ws/install/turtlebot3_msgs/include/turtlebot3_msgs/msg/sensor_state__rosidl_typesupport_fastrtps_cpp.hpp
-- Installing: /home/iju/new_ws/S08P31C208/ROS/robot_ws/install/turtlebot3_msgs/include/turtlebot3_msgs/msg/dds_fastrtps
-- Installing: /home/iju/new_ws/S08P31C208/ROS/robot_ws/install/turtlebot3_msgs/include/turtlebot3_msgs/msg/rosidl_typesupport_fastrtps_cpp__visibility_control.h
-- Installing: /home/iju/new_ws/S08P31C208/ROS/robot_ws/install/turtlebot3_msgs/include/turtlebot3_msgs/msg/version_info__rosidl_typesupport_fastrtps_cpp.hpp
-- Installing: /home/iju/new_ws/S08P31C208/ROS/robot_ws/install/turtlebot3_msgs/lib/libturtlebot3_msgs__rosidl_typesupport_fastrtps_cpp.so
-- Set runtime path of "/home/iju/new_ws/S08P31C208/ROS/robot_ws/install/turtlebot3_msgs/lib/libturtlebot3_msgs__rosidl_typesupport_fastrtps_cpp.so" to ""
-- Installing: /home/iju/new_ws/S08P31C208/ROS/robot_ws/install/turtlebot3_msgs/share/turtlebot3_msgs/environment/pythonpath.sh
-- Installing: /home/iju/new_ws/S08P31C208/ROS/robot_ws/install/turtlebot3_msgs/lib/python3.6/site-packages/turtlebot3_msgs/__init__.py
Compiling '/home/iju/new_ws/S08P31C208/ROS/robot_ws/install/turtlebot3_msgs/lib/python3.6/site-packages/turtlebot3_msgs/__init__.py'...
-- Installing: /home/iju/new_ws/S08P31C208/ROS/robot_ws/install/turtlebot3_msgs/lib/python3.6/site-packages/turtlebot3_msgs/msg
-- Installing: /home/iju/new_ws/S08P31C208/ROS/robot_ws/install/turtlebot3_msgs/lib/python3.6/site-packages/turtlebot3_msgs/msg/_sensor_state.py
-- Installing: /home/iju/new_ws/S08P31C208/ROS/robot_ws/install/turtlebot3_msgs/lib/python3.6/site-packages/turtlebot3_msgs/msg/_sensor_state_s.c
-- Installing: /home/iju/new_ws/S08P31C208/ROS/robot_ws/install/turtlebot3_msgs/lib/python3.6/site-packages/turtlebot3_msgs/msg/_sound_s.c
-- Installing: /home/iju/new_ws/S08P31C208/ROS/robot_ws/install/turtlebot3_msgs/lib/python3.6/site-packages/turtlebot3_msgs/msg/__init__.py
-- Installing: /home/iju/new_ws/S08P31C208/ROS/robot_ws/install/turtlebot3_msgs/lib/python3.6/site-packages/turtlebot3_msgs/msg/_sound.py
-- Installing: /home/iju/new_ws/S08P31C208/ROS/robot_ws/install/turtlebot3_msgs/lib/python3.6/site-packages/turtlebot3_msgs/msg/_version_info_s.c
-- Installing: /home/iju/new_ws/S08P31C208/ROS/robot_ws/install/turtlebot3_msgs/lib/python3.6/site-packages/turtlebot3_msgs/msg/_version_info.py
-- Installing: /home/iju/new_ws/S08P31C208/ROS/robot_ws/install/turtlebot3_msgs/lib/python3.6/site-packages/turtlebot3_msgs/srv
-- Installing: /home/iju/new_ws/S08P31C208/ROS/robot_ws/install/turtlebot3_msgs/lib/python3.6/site-packages/turtlebot3_msgs/srv/_dqn.py
-- Installing: /home/iju/new_ws/S08P31C208/ROS/robot_ws/install/turtlebot3_msgs/lib/python3.6/site-packages/turtlebot3_msgs/srv/_sound_s.c
-- Installing: /home/iju/new_ws/S08P31C208/ROS/robot_ws/install/turtlebot3_msgs/lib/python3.6/site-packages/turtlebot3_msgs/srv/__init__.py
-- Installing: /home/iju/new_ws/S08P31C208/ROS/robot_ws/install/turtlebot3_msgs/lib/python3.6/site-packages/turtlebot3_msgs/srv/_dqn_s.c
-- Installing: /home/iju/new_ws/S08P31C208/ROS/robot_ws/install/turtlebot3_msgs/lib/python3.6/site-packages/turtlebot3_msgs/srv/_sound.py
-- Installing: /home/iju/new_ws/S08P31C208/ROS/robot_ws/install/turtlebot3_msgs/lib/python3.6/site-packages/turtlebot3_msgs/action
-- Installing: /home/iju/new_ws/S08P31C208/ROS/robot_ws/install/turtlebot3_msgs/lib/python3.6/site-packages/turtlebot3_msgs/action/_patrol.py
-- Installing: /home/iju/new_ws/S08P31C208/ROS/robot_ws/install/turtlebot3_msgs/lib/python3.6/site-packages/turtlebot3_msgs/action/_patrol_s.c
-- Installing: /home/iju/new_ws/S08P31C208/ROS/robot_ws/install/turtlebot3_msgs/lib/python3.6/site-packages/turtlebot3_msgs/action/__init__.py
-- Installing: /home/iju/new_ws/S08P31C208/ROS/robot_ws/install/turtlebot3_msgs/lib/python3.6/site-packages/turtlebot3_msgs/turtlebot3_msgs_s__rosidl_typesupport_c.cpython-36m-x86_64-linux-gnu.so
-- Set runtime path of "/home/iju/new_ws/S08P31C208/ROS/robot_ws/install/turtlebot3_msgs/lib/python3.6/site-packages/turtlebot3_msgs/turtlebot3_msgs_s__rosidl_typesupport_c.cpython-36m-x86_64-linux-gnu.so" to ""
-- Installing: /home/iju/new_ws/S08P31C208/ROS/robot_ws/install/turtlebot3_msgs/lib/python3.6/site-packages/turtlebot3_msgs/turtlebot3_msgs_s__rosidl_typesupport_introspection_c.cpython-36m-x86_64-linux-gnu.so
-- Set runtime path of "/home/iju/new_ws/S08P31C208/ROS/robot_ws/install/turtlebot3_msgs/lib/python3.6/site-packages/turtlebot3_msgs/turtlebot3_msgs_s__rosidl_typesupport_introspection_c.cpython-36m-x86_64-linux-gnu.so" to ""
-- Installing: /home/iju/new_ws/S08P31C208/ROS/robot_ws/install/turtlebot3_msgs/lib/python3.6/site-packages/turtlebot3_msgs/turtlebot3_msgs_s__rosidl_typesupport_fastrtps_c.cpython-36m-x86_64-linux-gnu.so
-- Set runtime path of "/home/iju/new_ws/S08P31C208/ROS/robot_ws/install/turtlebot3_msgs/lib/python3.6/site-packages/turtlebot3_msgs/turtlebot3_msgs_s__rosidl_typesupport_fastrtps_c.cpython-36m-x86_64-linux-gnu.so" to ""
-- Installing: /home/iju/new_ws/S08P31C208/ROS/robot_ws/install/turtlebot3_msgs/lib/libturtlebot3_msgs__python.so
-- Set runtime path of "/home/iju/new_ws/S08P31C208/ROS/robot_ws/install/turtlebot3_msgs/lib/libturtlebot3_msgs__python.so" to ""
-- Installing: /home/iju/new_ws/S08P31C208/ROS/robot_ws/install/turtlebot3_msgs/share/turtlebot3_msgs/msg/SensorState.idl
-- Installing: /home/iju/new_ws/S08P31C208/ROS/robot_ws/install/turtlebot3_msgs/share/turtlebot3_msgs/msg/Sound.idl
-- Installing: /home/iju/new_ws/S08P31C208/ROS/robot_ws/install/turtlebot3_msgs/share/turtlebot3_msgs/msg/VersionInfo.idl
-- Installing: /home/iju/new_ws/S08P31C208/ROS/robot_ws/install/turtlebot3_msgs/share/turtlebot3_msgs/srv/Sound.idl
-- Installing: /home/iju/new_ws/S08P31C208/ROS/robot_ws/install/turtlebot3_msgs/share/turtlebot3_msgs/srv/Dqn.idl
-- Installing: /home/iju/new_ws/S08P31C208/ROS/robot_ws/install/turtlebot3_msgs/share/turtlebot3_msgs/action/Patrol.idl
-- Installing: /home/iju/new_ws/S08P31C208/ROS/robot_ws/install/turtlebot3_msgs/share/turtlebot3_msgs/msg/SensorState.msg
-- Installing: /home/iju/new_ws/S08P31C208/ROS/robot_ws/install/turtlebot3_msgs/share/turtlebot3_msgs/msg/Sound.msg
-- Installing: /home/iju/new_ws/S08P31C208/ROS/robot_ws/install/turtlebot3_msgs/share/turtlebot3_msgs/msg/VersionInfo.msg
-- Installing: /home/iju/new_ws/S08P31C208/ROS/robot_ws/install/turtlebot3_msgs/share/turtlebot3_msgs/srv/Sound.srv
-- Installing: /home/iju/new_ws/S08P31C208/ROS/robot_ws/install/turtlebot3_msgs/share/turtlebot3_msgs/srv/Sound_Request.msg
-- Installing: /home/iju/new_ws/S08P31C208/ROS/robot_ws/install/turtlebot3_msgs/share/turtlebot3_msgs/srv/Sound_Response.msg
-- Installing: /home/iju/new_ws/S08P31C208/ROS/robot_ws/install/turtlebot3_msgs/share/turtlebot3_msgs/srv/Dqn.srv
-- Installing: /home/iju/new_ws/S08P31C208/ROS/robot_ws/install/turtlebot3_msgs/share/turtlebot3_msgs/srv/Dqn_Request.msg
-- Installing: /home/iju/new_ws/S08P31C208/ROS/robot_ws/install/turtlebot3_msgs/share/turtlebot3_msgs/srv/Dqn_Response.msg
-- Installing: /home/iju/new_ws/S08P31C208/ROS/robot_ws/install/turtlebot3_msgs/share/turtlebot3_msgs/action/Patrol.action
-- Installing: /home/iju/new_ws/S08P31C208/ROS/robot_ws/install/turtlebot3_msgs/share/ament_index/resource_index/package_run_dependencies/turtlebot3_msgs
-- Installing: /home/iju/new_ws/S08P31C208/ROS/robot_ws/install/turtlebot3_msgs/share/ament_index/resource_index/parent_prefix_path/turtlebot3_msgs
-- Installing: /home/iju/new_ws/S08P31C208/ROS/robot_ws/install/turtlebot3_msgs/share/turtlebot3_msgs/environment/ament_prefix_path.sh
-- Installing: /home/iju/new_ws/S08P31C208/ROS/robot_ws/install/turtlebot3_msgs/share/turtlebot3_msgs/environment/path.sh
-- Installing: /home/iju/new_ws/S08P31C208/ROS/robot_ws/install/turtlebot3_msgs/share/turtlebot3_msgs/local_setup.bash
-- Installing: /home/iju/new_ws/S08P31C208/ROS/robot_ws/install/turtlebot3_msgs/share/turtlebot3_msgs/local_setup.sh
-- Installing: /home/iju/new_ws/S08P31C208/ROS/robot_ws/install/turtlebot3_msgs/share/turtlebot3_msgs/local_setup.zsh
-- Installing: /home/iju/new_ws/S08P31C208/ROS/robot_ws/install/turtlebot3_msgs/share/ament_index/resource_index/packages/turtlebot3_msgs
-- Installing: /home/iju/new_ws/S08P31C208/ROS/robot_ws/install/turtlebot3_msgs/share/turtlebot3_msgs/cmake/rosidl_cmake-extras.cmake
-- Installing: /home/iju/new_ws/S08P31C208/ROS/robot_ws/install/turtlebot3_msgs/share/turtlebot3_msgs/cmake/ament_cmake_export_dependencies-extras.cmake
-- Installing: /home/iju/new_ws/S08P31C208/ROS/robot_ws/install/turtlebot3_msgs/share/turtlebot3_msgs/cmake/ament_cmake_export_include_directories-extras.cmake
-- Installing: /home/iju/new_ws/S08P31C208/ROS/robot_ws/install/turtlebot3_msgs/share/turtlebot3_msgs/cmake/ament_cmake_export_libraries-extras.cmake
-- Installing: /home/iju/new_ws/S08P31C208/ROS/robot_ws/install/turtlebot3_msgs/share/turtlebot3_msgs/cmake/turtlebot3_msgsConfig.cmake
-- Installing: /home/iju/new_ws/S08P31C208/ROS/robot_ws/install/turtlebot3_msgs/share/turtlebot3_msgs/cmake/turtlebot3_msgsConfig-version.cmake
-- Installing: /home/iju/new_ws/S08P31C208/ROS/robot_ws/install/turtlebot3_msgs/share/turtlebot3_msgs/package.xml
