5/11/2023, 9:41:31 AM info {"ID":"test1","PASS":"1q1q1q1q!"}
5/11/2023, 9:41:32 AM info login >> okisbacon
5/11/2023, 1:18:48 PM info {"ID":"test2","PASS":"1q1q1q1q!"}
5/11/2023, 1:18:48 PM info login >> okisbacon
5/11/2023, 1:30:55 PM info {"ID":"test1","PASS":"1q1q1q1q!"}
5/11/2023, 1:30:55 PM info login >> okisbacon
5/11/2023, 1:31:18 PM info {"ID":"test2","PASS":"1q1q1q1q!"}
5/11/2023, 1:31:18 PM info login >> okisbacon
5/11/2023, 1:31:33 PM info {"ID":"test3","PASS":"1q1q1q1q!"}
5/11/2023, 1:31:33 PM info login >> okisbacon
5/11/2023, 1:31:42 PM info {"ID":"test4","PASS":"1q1q1q1q!"}
5/11/2023, 1:31:42 PM info login >> okisbacon
5/11/2023, 1:31:55 PM info {"ID":"test5","PASS":"1q1q1q1q!"}
5/11/2023, 1:31:55 PM info login >> okisbacon
5/11/2023, 1:32:11 PM info {"ID":"test6","PASS":"1q1q1q1q!"}
5/11/2023, 1:32:11 PM info login >> okisbacon
5/11/2023, 1:32:47 PM info {"ID":"test4","PASS":"1q1q1q1q!"}
5/11/2023, 1:32:47 PM info login >> okisbacon
5/11/2023, 1:38:59 PM info {"ID":"test3","PASS":"1q1q1q1q!"}
5/11/2023, 1:38:59 PM info login >> okisbacon
5/11/2023, 1:39:13 PM info {"ID":"test5","PASS":"1q1q1q1q!"}
5/11/2023, 1:39:13 PM info login >> okisbacon
5/11/2023, 1:41:28 PM info {"ID":"zsecq2","NAME":"버거킹","PASS":"1q1q1q1q!"}
5/11/2023, 1:41:28 PM info signUp >> okisbacon
5/11/2023, 1:54:45 PM info {"ID":"test1","PASS":"1q1q1q1q!"}
5/11/2023, 1:54:45 PM info login >> okisbacon
5/11/2023, 2:03:23 PM info {"ID":"2week","NAME":"이주","PASS":"k6539897!!"}
5/11/2023, 2:03:23 PM info signUp >> okisbacon
5/11/2023, 2:04:50 PM info {"ID":"test1","PASS":"1q1q1q1q!"}
5/11/2023, 2:04:50 PM info login >> okisbacon
5/11/2023, 2:04:55 PM info {"ID":"jck1461","NAME":"지호","PASS":"021219dl!"}
5/11/2023, 2:04:55 PM info signUp >> okisbacon
5/11/2023, 2:05:08 PM info {"ID":"jck1461","PASS":"021219dl!"}
5/11/2023, 2:05:08 PM info login >> okisbacon
5/11/2023, 2:11:31 PM info {"ID":"coach","NAME":"coach","PASS":"coach1234!@#$"}
5/11/2023, 2:11:31 PM info signUp >> okisbacon
5/11/2023, 2:20:49 PM info {"ID":"test4","PASS":"1q1q1q1q!"}
5/11/2023, 2:20:49 PM info login >> okisbacon
5/11/2023, 2:21:22 PM info {"ID":"test10","PASS":"1q1q1q1q!"}
5/11/2023, 2:21:22 PM info login >> okisbacon
5/11/2023, 2:52:44 PM info {"ID":"jck1461","PASS":"021219dl!"}
5/11/2023, 2:52:44 PM info login >> okisbacon
5/11/2023, 3:01:19 PM info {"ID":"jck1461","PASS":"021219dl!"}
5/11/2023, 3:01:19 PM info login >> okisbacon
5/11/2023, 3:01:30 PM info {"ID":"jck1461","PASS":"021219dl!"}
5/11/2023, 3:01:30 PM info login >> okisbacon
5/11/2023, 3:38:40 PM info {"ID":"test1","PASS":"1q1q1q1q!"}
5/11/2023, 3:38:40 PM info login >> okisbacon
5/11/2023, 3:51:29 PM info {"ID":"test8","PASS":"1q1q1q1q!"}
5/11/2023, 3:51:29 PM info login >> okisbacon
5/11/2023, 3:54:45 PM info {"ID":"test7","PASS":"1q1q1q1q!"}
5/11/2023, 3:54:45 PM info login >> okisbacon
5/11/2023, 4:03:07 PM info {"ID":"test10","PASS":"1q1q1q1q!"}
5/11/2023, 4:03:07 PM info login >> okisbacon
5/11/2023, 4:14:14 PM info {"ID":"test10","PASS":"1q1q1q1q"}
5/11/2023, 4:14:14 PM info login >> PW incorrect
5/11/2023, 4:14:20 PM info {"ID":"test10","PASS":"1q1q1q1q!"}
5/11/2023, 4:14:20 PM info login >> okisbacon
5/11/2023, 4:24:36 PM info {"ID":"test1","PASS":"1q1q1q1q!"}
5/11/2023, 4:24:36 PM info login >> okisbacon
5/11/2023, 4:39:36 PM info {"ID":"jck1461","PASS":"021219dl!"}
5/11/2023, 4:39:36 PM info login >> okisbacon
5/11/2023, 4:39:47 PM info {"ID":"jck1461","PASS":"021219dl!"}
5/11/2023, 4:39:47 PM info login >> okisbacon
5/11/2023, 4:50:32 PM info {"ID":"test1","PASS":"1q1q1q1q!"}
5/11/2023, 4:50:32 PM info login >> okisbacon
5/11/2023, 4:52:06 PM info {"ID":"test1","PASS":"1q1q1q1q!"}
5/11/2023, 4:52:06 PM info login >> okisbacon
5/11/2023, 5:05:58 PM info {"ID":"test4","PASS":"1q1q1q1q!"}
5/11/2023, 5:05:58 PM info login >> okisbacon
5/11/2023, 5:06:59 PM info {"ID":"test4","PASS":"1q1q1q1q!"}
5/11/2023, 5:06:59 PM info login >> okisbacon
5/11/2023, 5:22:36 PM info {"ID":"test1","PASS":"1q1q1q1q!"}
5/11/2023, 5:22:37 PM info login >> okisbacon
5/11/2023, 5:22:47 PM info {"ID":"test2","PASS":"1q1q1q1q!"}
5/11/2023, 5:22:47 PM info login >> okisbacon
5/11/2023, 5:22:57 PM info {"ID":"test3","PASS":"1q1q1q1q!"}
5/11/2023, 5:22:57 PM info login >> okisbacon
5/11/2023, 5:23:11 PM info {"ID":"test4","PASS":"1q1q1q1q!"}
5/11/2023, 5:23:11 PM info login >> okisbacon
5/11/2023, 5:23:21 PM info {"ID":"test5","PASS":"1q1q1q1q!"}
5/11/2023, 5:23:21 PM info login >> okisbacon
5/11/2023, 5:23:32 PM info {"ID":"test6","PASS":"1q1q1q1q!"}
5/11/2023, 5:23:32 PM info login >> okisbacon
5/11/2023, 6:50:45 PM info {"ID":"test1","PASS":"1q1q1q1q!"}
5/11/2023, 6:50:45 PM info login >> okisbacon
5/11/2023, 8:15:48 PM info {"ID":"test2","PASS":"1q1q1q1q!"}
5/11/2023, 8:15:48 PM info login >> okisbacon
5/11/2023, 8:16:13 PM info {"ID":"test1","PASS":"1q1q1q1q!"}
5/11/2023, 8:16:13 PM info login >> okisbacon
