5/7/2023, 2:44:12 PM info {"ID":"test1","PASS":"1q1q1q1q!"}
5/7/2023, 2:44:12 PM info login >> okisbacon
5/7/2023, 4:50:46 PM info {"ID":"test1","PASS":"1q1q1q1q!"}
5/7/2023, 4:50:46 PM info login >> okisbacon
5/7/2023, 4:55:44 PM info {"ID":"test2","PASS":"1q1q1q1q!"}
5/7/2023, 4:55:44 PM info login >> okisbacon
5/7/2023, 4:55:56 PM info {"ID":"test3","PASS":"1q1q1q1q!"}
5/7/2023, 4:55:56 PM info login >> okisbacon
5/7/2023, 4:56:06 PM info {"ID":"test4","PASS":"1q1q1q1q!"}
5/7/2023, 4:56:06 PM info login >> okisbacon
5/7/2023, 4:56:17 PM info {"ID":"test5","PASS":"1q1q1q1q!"}
5/7/2023, 4:56:17 PM info login >> ID does not exist
5/7/2023, 4:56:22 PM info {"ID":"test5","PASS":"1q1q1q1q!"}
5/7/2023, 4:56:22 PM info login >> ID does not exist
5/7/2023, 4:56:28 PM info {"ID":"test5","NAME":"test5","PASS":"1q1q1q1q!"}
5/7/2023, 4:56:28 PM info signUp >> okisbacon
5/7/2023, 4:56:42 PM info {"ID":"test6","NAME":"test6","PASS":"1q1q1q1q!"}
5/7/2023, 4:56:42 PM info signUp >> okisbacon
5/7/2023, 4:57:01 PM info {"ID":"test7","NAME":"test7","PASS":"1q1q1q1q!"}
5/7/2023, 4:57:01 PM info signUp >> okisbacon
5/7/2023, 4:57:17 PM info {"ID":"test8","NAME":"test8","PASS":"1q1q1q1q!"}
5/7/2023, 4:57:17 PM info signUp >> okisbacon
5/7/2023, 4:57:30 PM info {"ID":"test9","NAME":"test9","PASS":"1q1q1q1q!"}
5/7/2023, 4:57:30 PM info signUp >> okisbacon
5/7/2023, 4:58:03 PM info {"ID":"test10","NAME":"testt","PASS":"1q1q1q1q!"}
5/7/2023, 4:58:03 PM info signUp >> okisbacon
5/7/2023, 4:58:36 PM info {"ID":"test11","NAME":"testq","PASS":"1q1q1q1q!"}
5/7/2023, 4:58:36 PM info signUp >> okisbacon
5/7/2023, 4:59:35 PM info {"ID":"test11","PASS":"1q1q1q1q!"}
5/7/2023, 4:59:35 PM info login >> okisbacon
5/7/2023, 5:01:56 PM info {"ID":"test10","PASS":"1q1q1q1q!"}
5/7/2023, 5:01:56 PM info login >> okisbacon
5/7/2023, 5:02:04 PM info {"ID":"test11","PASS":"1q1q1q1q!"}
5/7/2023, 5:02:04 PM info login >> okisbacon
5/7/2023, 5:02:15 PM info {"ID":"test10","PASS":"1q1q1q1q!"}
5/7/2023, 5:02:15 PM info login >> okisbacon
5/7/2023, 5:02:30 PM info {"ID":"test1","PASS":"1q1q1q1q!"}
5/7/2023, 5:02:30 PM info login >> okisbacon
5/7/2023, 5:10:37 PM info {"ID":"test1","PASS":"1q1q1q1q!"}
5/7/2023, 5:10:37 PM info login >> okisbacon
5/7/2023, 5:13:55 PM info {"ID":"test1","PASS":"1q1q1q1q!"}
5/7/2023, 5:13:55 PM info login >> okisbacon
5/7/2023, 5:23:03 PM info {"ID":"test1","PASS":"1q1q1q1q!"}
5/7/2023, 5:23:03 PM info login >> okisbacon
5/7/2023, 5:27:08 PM info {"ID":"test1","PASS":"1q1q1q1q!"}
5/7/2023, 5:27:08 PM info login >> okisbacon
5/7/2023, 5:30:23 PM info {"ID":"test1","PASS":"1q1q1q1q!"}
5/7/2023, 5:30:23 PM info login >> okisbacon
5/7/2023, 5:31:04 PM info {"ID":"test1","PASS":"1q1q1q1q!"}
5/7/2023, 5:31:04 PM info login >> okisbacon
5/7/2023, 5:31:20 PM info {"ID":"test10","PASS":"1q1q1q1q!"}
5/7/2023, 5:31:20 PM info login >> okisbacon
5/7/2023, 5:32:29 PM info {"ID":"test2","PASS":"1q1q1q1q!"}
5/7/2023, 5:32:29 PM info login >> okisbacon
5/7/2023, 5:32:34 PM info {"ID":"test5","PASS":"1q1q1q1q!"}
5/7/2023, 5:32:34 PM info login >> okisbacon
5/7/2023, 5:33:30 PM info {"ID":"test1","PASS":"1q1q1q1q!"}
5/7/2023, 5:33:30 PM info login >> okisbacon
5/7/2023, 5:55:59 PM info {"ID":"test1","PASS":"1q1q1q1q!"}
5/7/2023, 5:55:59 PM info login >> okisbacon
5/7/2023, 6:00:28 PM info {"ID":"test1","PASS":"1q1q1q1q!"}
5/7/2023, 6:00:28 PM info login >> okisbacon
5/7/2023, 6:00:35 PM info {"ID":"test3","PASS":"1q1q1q1q!"}
5/7/2023, 6:00:35 PM info login >> okisbacon
5/7/2023, 7:06:04 PM info {"ID":"test1","PASS":"1q1q1q1q!"}
5/7/2023, 7:06:04 PM info login >> okisbacon
5/7/2023, 7:17:42 PM info {"ID":"test1","PASS":"1q1q1q1q!"}
5/7/2023, 7:17:42 PM info login >> okisbacon
5/7/2023, 7:18:00 PM info {"ID":"test1","PASS":"1q1q1q1q!"}
5/7/2023, 7:18:00 PM info login >> okisbacon
5/7/2023, 7:18:11 PM info {"ID":"test2","PASS":"1q1q1q1q!"}
5/7/2023, 7:18:11 PM info login >> okisbacon
5/7/2023, 7:21:29 PM info {"ID":"test1","PASS":"1q1q1q1q!"}
5/7/2023, 7:21:29 PM info login >> okisbacon
5/7/2023, 7:23:07 PM info {"ID":"test1","PASS":"1q1q1q1q!"}
5/7/2023, 7:23:07 PM info login >> okisbacon
5/7/2023, 7:23:17 PM info {"ID":"test1","PASS":"1q1q1q1q!"}
5/7/2023, 7:23:17 PM info login >> okisbacon
5/7/2023, 7:26:58 PM info {"ID":"test1","PASS":"1q1q1q1q!"}
5/7/2023, 7:26:58 PM info login >> okisbacon
5/7/2023, 7:27:17 PM info {"ID":"test1","PASS":"1q1q1q1q!"}
5/7/2023, 7:27:17 PM info login >> okisbacon
5/7/2023, 7:29:36 PM info {"ID":"test1","PASS":"1q1q1q1q!"}
5/7/2023, 7:29:36 PM info login >> okisbacon
5/7/2023, 7:30:45 PM info {"ID":"test1","PASS":"1q1q1q1q!"}
5/7/2023, 7:30:45 PM info login >> okisbacon
5/7/2023, 7:38:26 PM info {"ID":"test1","PASS":"1q1q1q1q!"}
5/7/2023, 7:38:26 PM info login >> okisbacon
5/7/2023, 11:11:52 PM info {"ID":"test1","PASS":"1q1q1q1q!"}
5/7/2023, 11:11:52 PM info login >> okisbacon
