5/12/2023, 2:40:52 PM info {"ID":"test1","PASS":"qaqaqaqa!"}
5/12/2023, 2:40:52 PM info login >> PW incorrect
5/12/2023, 2:41:00 PM info {"ID":"test1","PASS":"1q1q1q1q!"}
5/12/2023, 2:41:00 PM info login >> okisbacon
5/12/2023, 3:17:28 PM info {"ID":"test1","PASS":"1q1q1q1q!"}
5/12/2023, 3:17:28 PM info login >> okisbacon
5/12/2023, 3:25:44 PM info {"ID":"test1","PASS":"1q1q1q1q!"}
5/12/2023, 3:25:44 PM info login >> okisbacon
5/12/2023, 3:28:23 PM info {"ID":"test10","PASS":"1q1q1q1q!"}
5/12/2023, 3:28:23 PM info login >> okisbacon
5/12/2023, 3:33:04 PM info {"ID":"test1","PASS":"1q1q1q1q!"}
5/12/2023, 3:33:04 PM info login >> okisbacon
5/12/2023, 3:33:30 PM info {"ID":"test1","PASS":"1q1q1q1q!"}
5/12/2023, 3:33:30 PM info login >> okisbacon
5/12/2023, 3:38:53 PM info {"ID":"test1","PASS":"1q1q1q1q!"}
5/12/2023, 3:38:53 PM info login >> okisbacon
5/12/2023, 3:45:40 PM info {"ID":"test1","PASS":"1q1q1q1q!"}
5/12/2023, 3:45:40 PM info login >> okisbacon
5/12/2023, 4:04:48 PM info {"ID":"test1","PASS":"1q1q1q1q!"}
5/12/2023, 4:04:48 PM info login >> okisbacon
5/12/2023, 4:10:32 PM info {"ID":"test1","PASS":"1q1q1q1q!"}
5/12/2023, 4:10:32 PM info login >> okisbacon
5/12/2023, 4:16:49 PM info {"ID":"test2","PASS":"1q1q1q1q!"}
5/12/2023, 4:16:49 PM info login >> okisbacon
5/12/2023, 4:26:31 PM info {"ID":"test4","PASS":"1q1q1q1q!"}
5/12/2023, 4:26:31 PM info login >> okisbacon
5/12/2023, 4:53:03 PM info {"ID":"test1","PASS":"1q1q1q1q!"}
5/12/2023, 4:53:03 PM info login >> okisbacon
5/12/2023, 5:03:10 PM info {"ID":"test2","PASS":"1q1q1q1q!"}
5/12/2023, 5:03:10 PM info login >> okisbacon
5/12/2023, 5:03:22 PM info {"ID":"test9","PASS":"1q1q1q1q!"}
5/12/2023, 5:03:22 PM info login >> okisbacon
5/12/2023, 5:03:39 PM info {"ID":"test7","PASS":"1q1q1q1q!"}
5/12/2023, 5:03:39 PM info login >> okisbacon
5/12/2023, 5:31:03 PM info {"ID":"test1","PASS":"1q1q1q1q!"}
5/12/2023, 5:31:03 PM info login >> okisbacon
5/12/2023, 5:33:03 PM info {"ID":"test1","PASS":"1q1q1q1q!"}
5/12/2023, 5:33:03 PM info login >> okisbacon
5/12/2023, 5:33:35 PM info {"ID":"test3","PASS":"1q1q1q1q!"}
5/12/2023, 5:33:35 PM info login >> okisbacon
5/12/2023, 5:33:46 PM info {"ID":"test2","PASS":"1q1q1q1q!"}
5/12/2023, 5:33:46 PM info login >> okisbacon
5/12/2023, 5:34:06 PM info {"ID":"test4","PASS":"1q1q1q1q!"}
5/12/2023, 5:34:06 PM info login >> okisbacon
5/12/2023, 5:34:18 PM info {"ID":"test5","PASS":"1q1q1q1q!"}
5/12/2023, 5:34:18 PM info login >> okisbacon
5/12/2023, 5:34:32 PM info {"ID":"test7","PASS":"1q1q1q1q!"}
5/12/2023, 5:34:32 PM info login >> okisbacon
5/12/2023, 5:38:14 PM info {"ID":"test1","PASS":"1q1q1q1q"}
5/12/2023, 5:38:14 PM info login >> PW incorrect
5/12/2023, 5:38:16 PM info {"ID":"test1","PASS":"11q1q1q1q"}
5/12/2023, 5:38:16 PM info login >> PW incorrect
5/12/2023, 5:38:19 PM info {"ID":"test1","PASS":"1q1q1q1q!"}
5/12/2023, 5:38:19 PM info login >> okisbacon
5/12/2023, 5:38:34 PM info {"ID":"test7","PASS":"1q1q1q1q!"}
5/12/2023, 5:38:34 PM info login >> okisbacon
5/12/2023, 5:40:44 PM info {"ID":"test6","PASS":"11q1q1q1q!"}
5/12/2023, 5:40:44 PM info login >> PW incorrect
5/12/2023, 5:40:47 PM info {"ID":"test6","PASS":"1q1q1q1q!"}
5/12/2023, 5:40:47 PM info login >> okisbacon
