5/10/2023, 9:20:20 AM info {"ID":"test1","PASS":"1q1q1q1q!"}
5/10/2023, 9:20:20 AM info login >> okisbacon
5/10/2023, 10:11:40 AM info {}
5/10/2023, 10:11:47 AM info {}
5/10/2023, 10:11:54 AM info {}
5/10/2023, 12:00:03 PM info {"ID":"test2","PASS":"1q1q1q1q!"}
5/10/2023, 12:00:03 PM info login >> okisbacon
5/10/2023, 12:00:41 PM info {"ID":"test1","PASS":"1q1q1q1q!"}
5/10/2023, 12:00:41 PM info login >> okisbacon
5/10/2023, 12:00:54 PM info {"ID":"test2","PASS":"1q1q1q1q!"}
5/10/2023, 12:00:54 PM info login >> okisbacon
5/10/2023, 1:25:07 PM info {"ID":"test2","PASS":"1q1q1q1q!"}
5/10/2023, 1:25:07 PM info login >> okisbacon
5/10/2023, 1:25:19 PM info {"ID":"test1","PASS":"1q1q1q1q!"}
5/10/2023, 1:25:19 PM info login >> okisbacon
5/10/2023, 1:57:10 PM info {"ID":"test2","PASS":"1q1q1q1q!"}
5/10/2023, 1:57:10 PM info login >> okisbacon
5/10/2023, 1:59:42 PM info {"ID":"test1","PASS":"1q1q1q1q!"}
5/10/2023, 1:59:42 PM info login >> okisbacon
5/10/2023, 2:26:40 PM info {"ID":"test5","PASS":"1q1q1q1q!"}
5/10/2023, 2:26:40 PM info login >> okisbacon
5/10/2023, 2:29:52 PM info {"ID":"test9","PASS":"1q1q1q1q!"}
5/10/2023, 2:29:52 PM info login >> okisbacon
5/10/2023, 2:31:16 PM info {"ID":"test5","PASS":"1q1q1q1q!"}
5/10/2023, 2:31:16 PM info login >> okisbacon
5/10/2023, 2:32:21 PM info {"ID":"test10","PASS":"1q1q1q1q!"}
5/10/2023, 2:32:21 PM info login >> okisbacon
5/10/2023, 2:43:01 PM info {"ID":"test1","PASS":"1q1q1q1q!"}
5/10/2023, 2:43:01 PM info login >> okisbacon
5/10/2023, 2:43:45 PM info {"ID":"test2","PASS":"1q1q1q1q!"}
5/10/2023, 2:43:45 PM info login >> okisbacon
5/10/2023, 2:44:23 PM info {"ID":"test3","PASS":"1q1q1q1q!"}
5/10/2023, 2:44:23 PM info login >> okisbacon
5/10/2023, 2:44:40 PM info {"ID":"test4","PASS":"1q1q1q1q!"}
5/10/2023, 2:44:40 PM info login >> okisbacon
5/10/2023, 3:06:46 PM info {"ID":"zsecq2","NAME":"라면장인","PASS":"1q1q1q1q!"}
5/10/2023, 3:06:46 PM info signUp >> ID Or Name duplicated
5/10/2023, 3:06:50 PM info {"ID":"zsecq223","NAME":"라면장인","PASS":"1q1q1q1q!"}
5/10/2023, 3:06:50 PM info signUp >> ID Or Name duplicated
5/10/2023, 3:06:56 PM info {"ID":"zsecq5","PASS":"1q1q1q1q!"}
5/10/2023, 3:06:56 PM info login >> ID does not exist
5/10/2023, 3:07:00 PM info {"ID":"test5","PASS":"1q1q1q1q!"}
5/10/2023, 3:07:00 PM info login >> okisbacon
5/10/2023, 3:07:06 PM info {"ID":"test4","PASS":"1q1q1q1q!"}
5/10/2023, 3:07:06 PM info login >> okisbacon
5/10/2023, 3:39:29 PM info {"ID":"test2","PASS":"1q1q1q1q!"}
5/10/2023, 3:39:29 PM info login >> okisbacon
5/10/2023, 3:51:04 PM info {"ID":"test1","PASS":"1q1q1q1q!"}
5/10/2023, 3:51:04 PM info login >> okisbacon
5/10/2023, 3:51:26 PM info {"ID":"test3","PASS":"1q1q1q1q!"}
5/10/2023, 3:51:26 PM info login >> okisbacon
5/10/2023, 3:52:09 PM info {"ID":"test4","PASS":"1q1q1q1q!"}
5/10/2023, 3:52:09 PM info login >> okisbacon
5/10/2023, 3:52:17 PM info {"ID":"test5","PASS":"1q1q1q1q!"}
5/10/2023, 3:52:17 PM info login >> okisbacon
5/10/2023, 3:52:26 PM info {"ID":"test6","PASS":"1q1q1q1q!"}
5/10/2023, 3:52:26 PM info login >> okisbacon
5/10/2023, 3:52:35 PM info {"ID":"test7","PASS":"1q1q1q1q!"}
5/10/2023, 3:52:35 PM info login >> okisbacon
5/10/2023, 3:52:56 PM info {"ID":"test8","PASS":"1q1q1q1q!"}
5/10/2023, 3:52:56 PM info login >> okisbacon
5/10/2023, 3:53:30 PM info {"ID":"test9","PASS":"1q1q1q1q!"}
5/10/2023, 3:53:30 PM info login >> okisbacon
5/10/2023, 3:53:51 PM info {"ID":"test10","PASS":"1q1q1q1q!"}
5/10/2023, 3:53:51 PM info login >> okisbacon
5/10/2023, 3:55:50 PM info {"ID":"test1","PASS":"1q1q1q1q!"}
5/10/2023, 3:55:50 PM info login >> okisbacon
5/10/2023, 3:56:39 PM info {"ID":"test2","PASS":"1q1q1q1q!"}
5/10/2023, 3:56:39 PM info login >> okisbacon
5/10/2023, 3:56:47 PM info {"ID":"test3","PASS":"1q1q1q1q!"}
5/10/2023, 3:56:47 PM info login >> okisbacon
5/10/2023, 3:56:58 PM info {"ID":"test4","PASS":"1q1q1q1q!"}
5/10/2023, 3:56:58 PM info login >> okisbacon
5/10/2023, 3:57:14 PM info {"ID":"test5","PASS":"1q1q1q1q!"}
5/10/2023, 3:57:14 PM info login >> okisbacon
5/10/2023, 3:57:27 PM info {"ID":"test6","PASS":"1q1q1q1q!"}
5/10/2023, 3:57:27 PM info login >> okisbacon
5/10/2023, 3:57:50 PM info {"ID":"test6","PASS":"1q1q1q1q!"}
5/10/2023, 3:57:50 PM info login >> okisbacon
5/10/2023, 3:57:56 PM info {"ID":"test7","PASS":"1q1q1q1q!"}
5/10/2023, 3:57:56 PM info login >> okisbacon
5/10/2023, 3:58:13 PM info {"ID":"test7","PASS":"1q1q1q1q!"}
5/10/2023, 3:58:13 PM info login >> okisbacon
5/10/2023, 3:58:20 PM info {"ID":"test8","PASS":"1q1q1q1q!"}
5/10/2023, 3:58:20 PM info login >> okisbacon
5/10/2023, 4:00:06 PM info {"ID":"test9","PASS":"1q1q1q1q!"}
5/10/2023, 4:00:06 PM info login >> okisbacon
5/10/2023, 4:00:24 PM info {"ID":"test10","PASS":"1q1q1q1q!"}
5/10/2023, 4:00:24 PM info login >> okisbacon
5/10/2023, 4:00:38 PM info {"ID":"test11","PASS":"1q1q1q1q!"}
5/10/2023, 4:00:38 PM info login >> okisbacon
5/10/2023, 4:06:16 PM info {"ID":"test3","PASS":"1q1q1q1q!"}
5/10/2023, 4:06:16 PM info login >> okisbacon
5/10/2023, 4:37:44 PM info {"ID":"test4","PASS":"1q1q1q1q!"}
5/10/2023, 4:37:44 PM info login >> okisbacon
5/10/2023, 4:38:45 PM info {"ID":"test1","PASS":"1q1q1q1q!"}
5/10/2023, 4:38:45 PM info {"ID":"test1","PASS":"1q1q1q1q!"}
5/10/2023, 4:38:45 PM info login >> okisbacon
5/10/2023, 4:38:45 PM info login >> okisbacon
5/10/2023, 4:38:52 PM info {"ID":"test1","PASS":"1q1q1q1q!"}
5/10/2023, 4:38:52 PM info login >> okisbacon
5/10/2023, 4:39:50 PM info {"ID":"test2","PASS":"1q1q1q1q!"}
5/10/2023, 4:39:50 PM info login >> okisbacon
5/10/2023, 4:40:09 PM info {"ID":"test3","PASS":"1q1q1q1q!"}
5/10/2023, 4:40:09 PM info login >> okisbacon
5/10/2023, 4:40:19 PM info {"ID":"test4","PASS":"1q1q1q1q!"}
5/10/2023, 4:40:19 PM info login >> okisbacon
5/10/2023, 4:40:32 PM info {"ID":"test5","PASS":"1q1q1q1q!"}
5/10/2023, 4:40:32 PM info login >> okisbacon
5/10/2023, 4:54:27 PM info {"ID":"test6","PASS":"1q1q1q1q!"}
5/10/2023, 4:54:27 PM info login >> okisbacon
5/10/2023, 4:56:07 PM info {"ID":"test7","PASS":"1q1q1q1q!"}
5/10/2023, 4:56:07 PM info login >> okisbacon
5/10/2023, 5:08:53 PM info {"ID":"test1","PASS":"1q1q1q1q!"}
5/10/2023, 5:08:53 PM info login >> okisbacon
5/10/2023, 5:10:53 PM info {"ID":"test1","PASS":"1q1q1q1q!"}
5/10/2023, 5:10:53 PM info login >> okisbacon
5/10/2023, 8:06:51 PM info {"ID":"test1","PASS":"1q1q1q1q!"}
5/10/2023, 8:06:51 PM info login >> okisbacon
5/10/2023, 8:56:43 PM info {"ID":"test2","PASS":"1q1q1q1q!"}
5/10/2023, 8:56:43 PM info login >> okisbacon
5/10/2023, 8:57:28 PM info {"ID":"test1","PASS":"1Q1Q1Q1Q!"}
5/10/2023, 8:57:28 PM info login >> PW incorrect
5/10/2023, 8:57:32 PM info {"ID":"test1","PASS":"1q1q1q1q!"}
5/10/2023, 8:57:32 PM info login >> okisbacon
5/10/2023, 8:58:09 PM info {"ID":"test2","PASS":"1q1q1q1q!"}
5/10/2023, 8:58:09 PM info login >> okisbacon
5/10/2023, 9:12:49 PM info {"ID":"test1","PASS":"1q1q1q1q!"}
5/10/2023, 9:12:50 PM info login >> okisbacon
