Determining if the pthread_create exist failed with the following output:
Change Dir: /home/iju/new_ws/S08P31C208/ROS/robot_ws/build/turtle_cpp/CMakeFiles/CMakeTmp

Run Build Command:"/usr/bin/make" "cmTC_4b2e3/fast"
/usr/bin/make -f CMakeFiles/cmTC_4b2e3.dir/build.make CMakeFiles/cmTC_4b2e3.dir/build
make[1]: Entering directory '/home/iju/new_ws/S08P31C208/ROS/robot_ws/build/turtle_cpp/CMakeFiles/CMakeTmp'
Building C object CMakeFiles/cmTC_4b2e3.dir/CheckSymbolExists.c.o
/usr/bin/cc    -o CMakeFiles/cmTC_4b2e3.dir/CheckSymbolExists.c.o   -c /home/iju/new_ws/S08P31C208/ROS/robot_ws/build/turtle_cpp/CMakeFiles/CMakeTmp/CheckSymbolExists.c
Linking C executable cmTC_4b2e3
/usr/bin/cmake -E cmake_link_script CMakeFiles/cmTC_4b2e3.dir/link.txt --verbose=1
/usr/bin/cc      CMakeFiles/cmTC_4b2e3.dir/CheckSymbolExists.c.o  -o cmTC_4b2e3 
CMakeFiles/cmTC_4b2e3.dir/CheckSymbolExists.c.o: In function `main':
CheckSymbolExists.c:(.text+0x1b): undefined reference to `pthread_create'
collect2: error: ld returned 1 exit status
CMakeFiles/cmTC_4b2e3.dir/build.make:97: recipe for target 'cmTC_4b2e3' failed
make[1]: *** [cmTC_4b2e3] Error 1
make[1]: Leaving directory '/home/iju/new_ws/S08P31C208/ROS/robot_ws/build/turtle_cpp/CMakeFiles/CMakeTmp'
Makefile:126: recipe for target 'cmTC_4b2e3/fast' failed
make: *** [cmTC_4b2e3/fast] Error 2

File /home/iju/new_ws/S08P31C208/ROS/robot_ws/build/turtle_cpp/CMakeFiles/CMakeTmp/CheckSymbolExists.c:
/* */
#include <pthread.h>

int main(int argc, char** argv)
{
  (void)argv;
#ifndef pthread_create
  return ((int*)(&pthread_create))[argc];
#else
  (void)argc;
  return 0;
#endif
}

Determining if the function pthread_create exists in the pthreads failed with the following output:
Change Dir: /home/iju/new_ws/S08P31C208/ROS/robot_ws/build/turtle_cpp/CMakeFiles/CMakeTmp

Run Build Command:"/usr/bin/make" "cmTC_22940/fast"
/usr/bin/make -f CMakeFiles/cmTC_22940.dir/build.make CMakeFiles/cmTC_22940.dir/build
make[1]: Entering directory '/home/iju/new_ws/S08P31C208/ROS/robot_ws/build/turtle_cpp/CMakeFiles/CMakeTmp'
Building C object CMakeFiles/cmTC_22940.dir/CheckFunctionExists.c.o
/usr/bin/cc   -DCHECK_FUNCTION_EXISTS=pthread_create   -o CMakeFiles/cmTC_22940.dir/CheckFunctionExists.c.o   -c /usr/share/cmake-3.10/Modules/CheckFunctionExists.c
Linking C executable cmTC_22940
/usr/bin/cmake -E cmake_link_script CMakeFiles/cmTC_22940.dir/link.txt --verbose=1
/usr/bin/cc  -DCHECK_FUNCTION_EXISTS=pthread_create    CMakeFiles/cmTC_22940.dir/CheckFunctionExists.c.o  -o cmTC_22940 -lpthreads 
/usr/bin/ld: cannot find -lpthreads
collect2: error: ld returned 1 exit status
CMakeFiles/cmTC_22940.dir/build.make:97: recipe for target 'cmTC_22940' failed
make[1]: *** [cmTC_22940] Error 1
make[1]: Leaving directory '/home/iju/new_ws/S08P31C208/ROS/robot_ws/build/turtle_cpp/CMakeFiles/CMakeTmp'
Makefile:126: recipe for target 'cmTC_22940/fast' failed
make: *** [cmTC_22940/fast] Error 2


