[0.049s] Invoking command in '/home/iju/new_ws/S08P31C208/ROS/robot_ws/build/turtlebot3_description': CMAKE_PREFIX_PATH=/opt/ros/dashing PS1=\u@\h \[\033[32m\]\w\[\033[33m\]$(parse_git_branch)\[\033[00m\] $ /usr/bin/cmake /home/iju/new_ws/S08P31C208/ROS/robot_ws/src/turtlebot3/turtlebot3_description -DCMAKE_INSTALL_PREFIX=/home/iju/new_ws/S08P31C208/ROS/robot_ws/install/turtlebot3_description
[0.125s] -- The C compiler identification is GNU 7.5.0
[0.195s] -- The CXX compiler identification is GNU 7.5.0
[0.199s] -- Check for working C compiler: /usr/bin/cc
[0.304s] -- Check for working C compiler: /usr/bin/cc -- works
[0.305s] -- Detecting C compiler ABI info
[0.423s] -- Detecting C compiler ABI info - done
[0.428s] -- Detecting C compile features
[0.738s] -- Detecting C compile features - done
[0.740s] -- Check for working CXX compiler: /usr/bin/c++
[0.854s] -- Check for working CXX compiler: /usr/bin/c++ -- works
[0.854s] -- Detecting CXX compiler ABI info
[0.977s] -- Detecting CXX compiler ABI info - done
[0.982s] -- Detecting CXX compile features
[1.515s] -- Detecting CXX compile features - done
[1.518s] -- Found ament_cmake: 0.7.6 (/opt/ros/dashing/share/ament_cmake/cmake)
[1.549s] -- Found PythonInterp: /usr/bin/python3 (found suitable version "3.6.9", minimum required is "3") 
[1.549s] -- Using PYTHON_EXECUTABLE: /usr/bin/python3
[1.840s] -- Found urdf: 2.2.0 (/opt/ros/dashing/share/urdf/cmake)
[1.966s] -- Configuring done
[1.967s] -- Generating done
[1.968s] -- Build files have been written to: /home/iju/new_ws/S08P31C208/ROS/robot_ws/build/turtlebot3_description
[1.971s] Invoked command in '/home/iju/new_ws/S08P31C208/ROS/robot_ws/build/turtlebot3_description' returned '0': CMAKE_PREFIX_PATH=/opt/ros/dashing PS1=\u@\h \[\033[32m\]\w\[\033[33m\]$(parse_git_branch)\[\033[00m\] $ /usr/bin/cmake /home/iju/new_ws/S08P31C208/ROS/robot_ws/src/turtlebot3/turtlebot3_description -DCMAKE_INSTALL_PREFIX=/home/iju/new_ws/S08P31C208/ROS/robot_ws/install/turtlebot3_description
[1.974s] Invoking command in '/home/iju/new_ws/S08P31C208/ROS/robot_ws/build/turtlebot3_description': CMAKE_PREFIX_PATH=/opt/ros/dashing PS1=\u@\h \[\033[32m\]\w\[\033[33m\]$(parse_git_branch)\[\033[00m\] $ /usr/bin/cmake --build /home/iju/new_ws/S08P31C208/ROS/robot_ws/build/turtlebot3_description -- -j6 -l6
[2.081s] Invoked command in '/home/iju/new_ws/S08P31C208/ROS/robot_ws/build/turtlebot3_description' returned '0': CMAKE_PREFIX_PATH=/opt/ros/dashing PS1=\u@\h \[\033[32m\]\w\[\033[33m\]$(parse_git_branch)\[\033[00m\] $ /usr/bin/cmake --build /home/iju/new_ws/S08P31C208/ROS/robot_ws/build/turtlebot3_description -- -j6 -l6
[2.143s] Invoking command in '/home/iju/new_ws/S08P31C208/ROS/robot_ws/build/turtlebot3_description': CMAKE_PREFIX_PATH=/opt/ros/dashing PS1=\u@\h \[\033[32m\]\w\[\033[33m\]$(parse_git_branch)\[\033[00m\] $ /usr/bin/cmake --build /home/iju/new_ws/S08P31C208/ROS/robot_ws/build/turtlebot3_description --target install -- -j6 -l6
[2.345s] [36mInstall the project...[0m
[2.405s] -- Install configuration: ""
[2.406s] -- Installing: /home/iju/new_ws/S08P31C208/ROS/robot_ws/install/turtlebot3_description/share/turtlebot3_description/meshes
[2.406s] -- Installing: /home/iju/new_ws/S08P31C208/ROS/robot_ws/install/turtlebot3_description/share/turtlebot3_description/meshes/sensors
[2.406s] -- Installing: /home/iju/new_ws/S08P31C208/ROS/robot_ws/install/turtlebot3_description/share/turtlebot3_description/meshes/sensors/astra.dae
[2.440s] -- Installing: /home/iju/new_ws/S08P31C208/ROS/robot_ws/install/turtlebot3_description/share/turtlebot3_description/meshes/sensors/lds.stl
[2.442s] -- Installing: /home/iju/new_ws/S08P31C208/ROS/robot_ws/install/turtlebot3_description/share/turtlebot3_description/meshes/sensors/astra.jpg
[2.442s] -- Installing: /home/iju/new_ws/S08P31C208/ROS/robot_ws/install/turtlebot3_description/share/turtlebot3_description/meshes/sensors/r200.dae
[2.442s] -- Installing: /home/iju/new_ws/S08P31C208/ROS/robot_ws/install/turtlebot3_description/share/turtlebot3_description/meshes/sensors/r200.jpg
[2.442s] -- Installing: /home/iju/new_ws/S08P31C208/ROS/robot_ws/install/turtlebot3_description/share/turtlebot3_description/meshes/wheels
[2.442s] -- Installing: /home/iju/new_ws/S08P31C208/ROS/robot_ws/install/turtlebot3_description/share/turtlebot3_description/meshes/wheels/left_tire.stl
[2.444s] -- Installing: /home/iju/new_ws/S08P31C208/ROS/robot_ws/install/turtlebot3_description/share/turtlebot3_description/meshes/wheels/right_tire.stl
[2.455s] -- Installing: /home/iju/new_ws/S08P31C208/ROS/robot_ws/install/turtlebot3_description/share/turtlebot3_description/meshes/bases
[2.455s] -- Installing: /home/iju/new_ws/S08P31C208/ROS/robot_ws/install/turtlebot3_description/share/turtlebot3_description/meshes/bases/waffle_pi_base.stl
[2.463s] -- Installing: /home/iju/new_ws/S08P31C208/ROS/robot_ws/install/turtlebot3_description/share/turtlebot3_description/meshes/bases/waffle_base.stl
[2.504s] -- Installing: /home/iju/new_ws/S08P31C208/ROS/robot_ws/install/turtlebot3_description/share/turtlebot3_description/meshes/bases/burger_base.stl
[2.516s] -- Installing: /home/iju/new_ws/S08P31C208/ROS/robot_ws/install/turtlebot3_description/share/turtlebot3_description/rviz
[2.516s] -- Installing: /home/iju/new_ws/S08P31C208/ROS/robot_ws/install/turtlebot3_description/share/turtlebot3_description/rviz/model.rviz
[2.516s] -- Installing: /home/iju/new_ws/S08P31C208/ROS/robot_ws/install/turtlebot3_description/share/turtlebot3_description/urdf
[2.516s] -- Installing: /home/iju/new_ws/S08P31C208/ROS/robot_ws/install/turtlebot3_description/share/turtlebot3_description/urdf/turtlebot3_waffle.urdf
[2.516s] -- Installing: /home/iju/new_ws/S08P31C208/ROS/robot_ws/install/turtlebot3_description/share/turtlebot3_description/urdf/turtlebot3_waffle_pi.urdf
[2.517s] -- Installing: /home/iju/new_ws/S08P31C208/ROS/robot_ws/install/turtlebot3_description/share/turtlebot3_description/urdf/turtlebot3_burger.urdf
[2.517s] -- Installing: /home/iju/new_ws/S08P31C208/ROS/robot_ws/install/turtlebot3_description/share/turtlebot3_description/urdf/common_properties.urdf
[2.517s] -- Installing: /home/iju/new_ws/S08P31C208/ROS/robot_ws/install/turtlebot3_description/share/ament_index/resource_index/package_run_dependencies/turtlebot3_description
[2.517s] -- Installing: /home/iju/new_ws/S08P31C208/ROS/robot_ws/install/turtlebot3_description/share/ament_index/resource_index/parent_prefix_path/turtlebot3_description
[2.517s] -- Installing: /home/iju/new_ws/S08P31C208/ROS/robot_ws/install/turtlebot3_description/share/turtlebot3_description/environment/ament_prefix_path.sh
[2.518s] -- Installing: /home/iju/new_ws/S08P31C208/ROS/robot_ws/install/turtlebot3_description/share/turtlebot3_description/environment/path.sh
[2.518s] -- Installing: /home/iju/new_ws/S08P31C208/ROS/robot_ws/install/turtlebot3_description/share/turtlebot3_description/local_setup.bash
[2.518s] -- Installing: /home/iju/new_ws/S08P31C208/ROS/robot_ws/install/turtlebot3_description/share/turtlebot3_description/local_setup.sh
[2.518s] -- Installing: /home/iju/new_ws/S08P31C208/ROS/robot_ws/install/turtlebot3_description/share/turtlebot3_description/local_setup.zsh
[2.518s] -- Installing: /home/iju/new_ws/S08P31C208/ROS/robot_ws/install/turtlebot3_description/share/ament_index/resource_index/packages/turtlebot3_description
[2.518s] -- Installing: /home/iju/new_ws/S08P31C208/ROS/robot_ws/install/turtlebot3_description/share/turtlebot3_description/cmake/turtlebot3_descriptionConfig.cmake
[2.518s] -- Installing: /home/iju/new_ws/S08P31C208/ROS/robot_ws/install/turtlebot3_description/share/turtlebot3_description/cmake/turtlebot3_descriptionConfig-version.cmake
[2.519s] -- Installing: /home/iju/new_ws/S08P31C208/ROS/robot_ws/install/turtlebot3_description/share/turtlebot3_description/package.xml
[2.522s] Invoked command in '/home/iju/new_ws/S08P31C208/ROS/robot_ws/build/turtlebot3_description' returned '0': CMAKE_PREFIX_PATH=/opt/ros/dashing PS1=\u@\h \[\033[32m\]\w\[\033[33m\]$(parse_git_branch)\[\033[00m\] $ /usr/bin/cmake --build /home/iju/new_ws/S08P31C208/ROS/robot_ws/build/turtlebot3_description --target install -- -j6 -l6
