Determining if the pthread_create exist failed with the following output:
Change Dir: /home/iju/new_ws/S08P31C208/ROS/robot_ws/build/dynamixel_sdk_examples/CMakeFiles/CMakeTmp

Run Build Command:"/usr/bin/make" "cmTC_af89a/fast"
/usr/bin/make -f CMakeFiles/cmTC_af89a.dir/build.make CMakeFiles/cmTC_af89a.dir/build
make[1]: Entering directory '/home/iju/new_ws/S08P31C208/ROS/robot_ws/build/dynamixel_sdk_examples/CMakeFiles/CMakeTmp'
Building C object CMakeFiles/cmTC_af89a.dir/CheckSymbolExists.c.o
/usr/bin/cc    -o CMakeFiles/cmTC_af89a.dir/CheckSymbolExists.c.o   -c /home/iju/new_ws/S08P31C208/ROS/robot_ws/build/dynamixel_sdk_examples/CMakeFiles/CMakeTmp/CheckSymbolExists.c
Linking C executable cmTC_af89a
/usr/bin/cmake -E cmake_link_script CMakeFiles/cmTC_af89a.dir/link.txt --verbose=1
/usr/bin/cc      CMakeFiles/cmTC_af89a.dir/CheckSymbolExists.c.o  -o cmTC_af89a 
CMakeFiles/cmTC_af89a.dir/CheckSymbolExists.c.o: In function `main':
CheckSymbolExists.c:(.text+0x1b): undefined reference to `pthread_create'
collect2: error: ld returned 1 exit status
CMakeFiles/cmTC_af89a.dir/build.make:97: recipe for target 'cmTC_af89a' failed
make[1]: *** [cmTC_af89a] Error 1
make[1]: Leaving directory '/home/iju/new_ws/S08P31C208/ROS/robot_ws/build/dynamixel_sdk_examples/CMakeFiles/CMakeTmp'
Makefile:126: recipe for target 'cmTC_af89a/fast' failed
make: *** [cmTC_af89a/fast] Error 2

File /home/iju/new_ws/S08P31C208/ROS/robot_ws/build/dynamixel_sdk_examples/CMakeFiles/CMakeTmp/CheckSymbolExists.c:
/* */
#include <pthread.h>

int main(int argc, char** argv)
{
  (void)argv;
#ifndef pthread_create
  return ((int*)(&pthread_create))[argc];
#else
  (void)argc;
  return 0;
#endif
}

Determining if the function pthread_create exists in the pthreads failed with the following output:
Change Dir: /home/iju/new_ws/S08P31C208/ROS/robot_ws/build/dynamixel_sdk_examples/CMakeFiles/CMakeTmp

Run Build Command:"/usr/bin/make" "cmTC_60aa5/fast"
/usr/bin/make -f CMakeFiles/cmTC_60aa5.dir/build.make CMakeFiles/cmTC_60aa5.dir/build
make[1]: Entering directory '/home/iju/new_ws/S08P31C208/ROS/robot_ws/build/dynamixel_sdk_examples/CMakeFiles/CMakeTmp'
Building C object CMakeFiles/cmTC_60aa5.dir/CheckFunctionExists.c.o
/usr/bin/cc   -DCHECK_FUNCTION_EXISTS=pthread_create   -o CMakeFiles/cmTC_60aa5.dir/CheckFunctionExists.c.o   -c /usr/share/cmake-3.10/Modules/CheckFunctionExists.c
Linking C executable cmTC_60aa5
/usr/bin/cmake -E cmake_link_script CMakeFiles/cmTC_60aa5.dir/link.txt --verbose=1
/usr/bin/cc  -DCHECK_FUNCTION_EXISTS=pthread_create    CMakeFiles/cmTC_60aa5.dir/CheckFunctionExists.c.o  -o cmTC_60aa5 -lpthreads 
/usr/bin/ld: cannot find -lpthreads
collect2: error: ld returned 1 exit status
CMakeFiles/cmTC_60aa5.dir/build.make:97: recipe for target 'cmTC_60aa5' failed
make[1]: *** [cmTC_60aa5] Error 1
make[1]: Leaving directory '/home/iju/new_ws/S08P31C208/ROS/robot_ws/build/dynamixel_sdk_examples/CMakeFiles/CMakeTmp'
Makefile:126: recipe for target 'cmTC_60aa5/fast' failed
make: *** [cmTC_60aa5/fast] Error 2


